[  0%] Built target _ros_mscl_generate_messages_check_deps_GetConingScullingComp
[  0%] Built target _ros_mscl_generate_messages_check_deps_GetGyroBias
[  0%] Built target _ros_mscl_generate_messages_check_deps_GetZeroVelocityUpdateThreshold
[  0%] Built target _ros_mscl_generate_messages_check_deps_DeviceSettings
[  0%] Built target _ros_mscl_generate_messages_check_deps_GetDynamicsMode
[  0%] Built target _ros_mscl_generate_messages_check_deps_GetGravityAdaptiveVals
[  0%] Built target _ros_mscl_generate_messages_check_deps_ExternalHeadingUpdate
[  0%] Built target _ros_mscl_generate_messages_check_deps_InitFilterHeading
[  0%] Built target _ros_mscl_generate_messages_check_deps_GetAccelBiasModel
[  0%] Built target _ros_mscl_generate_messages_check_deps_GetAccelAdaptiveVals
[  0%] Built target _ros_mscl_generate_messages_check_deps_SetMagDipAdaptiveVals
[  0%] Built target _ros_mscl_generate_messages_check_deps_GetReferencePosition
[  0%] Built target _ros_mscl_generate_messages_check_deps_SetRelativePositionReference
[  0%] Built target _ros_mscl_generate_messages_check_deps_SetConingScullingComp
[  0%] Built target _ros_mscl_generate_messages_check_deps_SetTareOrientation
[  0%] Built target std_msgs_generate_messages_cpp
[  0%] Built target _ros_mscl_generate_messages_check_deps_GetGyroNoise
[  0%] Built target _ros_mscl_generate_messages_check_deps_GetComplementaryFilter
[  0%] Built target _ros_mscl_generate_messages_check_deps_GetGyroBiasModel
[  0%] Built target _ros_mscl_generate_messages_check_deps_SetZeroAngleUpdateThreshold
[  0%] Built target _ros_mscl_generate_messages_check_deps_GetAccelNoise
[  0%] Built target _ros_mscl_generate_messages_check_deps_GetMagNoise
[  0%] Built target _ros_mscl_generate_messages_check_deps_GetHeadingSource
[  0%] Built target _ros_mscl_generate_messages_check_deps_GetMagDipAdaptiveVals
[  0%] Built target _ros_mscl_generate_messages_check_deps_GetAccelBias
[  0%] Built target _ros_mscl_generate_messages_check_deps_GetSensor2VehicleOffset
[  0%] Built target _ros_mscl_generate_messages_check_deps_SetSoftIronMatrix
[  0%] Built target _ros_mscl_generate_messages_check_deps_GetMagAdaptiveVals
[  0%] Built target _ros_mscl_generate_messages_check_deps_InitFilterEuler
[  0%] Built target _ros_mscl_generate_messages_check_deps_GetEstimationControlFlags
[  0%] Built target _ros_mscl_generate_messages_check_deps_SetZeroVelocityUpdateThreshold
[  0%] Built target geometry_msgs_generate_messages_cpp
[  0%] Built target _ros_mscl_generate_messages_check_deps_SetAccelNoise
[  0%] Built target _ros_mscl_generate_messages_check_deps_GetHardIronValues
[  0%] Built target _ros_mscl_generate_messages_check_deps_GetSoftIronMatrix
[  0%] Built target _ros_mscl_generate_messages_check_deps_GetSensor2VehicleRotation
[  0%] Built target _ros_mscl_generate_messages_check_deps_GetRelativePositionReference
[  0%] Built target _ros_mscl_generate_messages_check_deps_GetTareOrientation
[  0%] Built target _ros_mscl_generate_messages_check_deps_SetSensor2VehicleRotation
[  0%] Built target _ros_mscl_generate_messages_check_deps_GetZeroAngleUpdateThreshold
[  0%] Built target _ros_mscl_generate_messages_check_deps_SetAccelAdaptiveVals
[  0%] Built target _ros_mscl_generate_messages_check_deps_SetGravityAdaptiveVals
[  0%] Built target _ros_mscl_generate_messages_check_deps_SetAccelBiasModel
[  0%] Built target _ros_mscl_generate_messages_check_deps_SetAccelBias
[  0%] Built target _ros_mscl_generate_messages_check_deps_SetDynamicsMode
[  0%] Built target _ros_mscl_generate_messages_check_deps_SetMagAdaptiveVals
[  0%] Built target _ros_mscl_generate_messages_check_deps_SetGyroBias
[  0%] Built target _ros_mscl_generate_messages_check_deps_GetSensor2VehicleTransformation
[  0%] Built target _ros_mscl_generate_messages_check_deps_SetEstimationControlFlags
[  0%] Built target _ros_mscl_generate_messages_check_deps_SetComplementaryFilter
[  0%] Built target _ros_mscl_generate_messages_check_deps_SetGyroBiasModel
[  0%] Built target _ros_mscl_generate_messages_check_deps_SetHardIronValues
[  0%] Built target geometry_msgs_generate_messages_py
[  0%] Built target std_msgs_generate_messages_py
[  0%] Built target std_msgs_generate_messages_nodejs
[  0%] Built target _ros_mscl_generate_messages_check_deps_SetHeadingSource
[  0%] Built target geometry_msgs_generate_messages_nodejs
[  0%] Built target _ros_mscl_generate_messages_check_deps_SetGyroNoise
[  0%] Built target mscl_msgs_generate_messages_cpp
[  0%] Built target _ros_mscl_generate_messages_check_deps_SetMagNoise
[  0%] Built target _ros_mscl_generate_messages_check_deps_SetSensor2VehicleOffset
[  0%] Built target geometry_msgs_generate_messages_eus
[  0%] Built target std_msgs_generate_messages_eus
[  0%] Built target std_msgs_generate_messages_lisp
[  0%] Built target geometry_msgs_generate_messages_lisp
[  0%] Built target _ros_mscl_generate_messages_check_deps_SetReferencePosition
[ 20%] Built target ros_mscl_generate_messages_eus
[ 47%] Built target ros_mscl_generate_messages_lisp
[ 58%] Built target ros_mscl_generate_messages_py
[ 76%] Built target ros_mscl_generate_messages_cpp
[ 95%] Built target ros_mscl_generate_messages_nodejs
[ 95%] Built target ros_mscl_gencpp
[ 95%] Built target ros_mscl_generate_messages
[ 96%] Built target microstrain_diagnostic_updater
[ 97%] Built target ros_mscl
[100%] Built target ros_mscl_node
