Linked: (/home/kbhakta/my_git/epicIMU/devel/.private/ros_mscl/lib/libros_mscl.so, /home/kbhakta/my_git/epicIMU/devel/lib/libros_mscl.so)
Linked: (/home/kbhakta/my_git/epicIMU/devel/.private/ros_mscl/lib/libmicrostrain_diagnostic_updater.so, /home/kbhakta/my_git/epicIMU/devel/lib/libmicrostrain_diagnostic_updater.so)
Linked: (/home/kbhakta/my_git/epicIMU/devel/.private/ros_mscl/lib/pkgconfig/ros_mscl.pc, /home/kbhakta/my_git/epicIMU/devel/lib/pkgconfig/ros_mscl.pc)
Linked: (/home/kbhakta/my_git/epicIMU/devel/.private/ros_mscl/lib/python3/dist-packages/ros_mscl/__init__.py, /home/kbhakta/my_git/epicIMU/devel/lib/python3/dist-packages/ros_mscl/__init__.py)
Linked: (/home/kbhakta/my_git/epicIMU/devel/.private/ros_mscl/lib/python3/dist-packages/ros_mscl/srv/_GetZeroAngleUpdateThreshold.py, /home/kbhakta/my_git/epicIMU/devel/lib/python3/dist-packages/ros_mscl/srv/_GetZeroAngleUpdateThreshold.py)
Linked: (/home/kbhakta/my_git/epicIMU/devel/.private/ros_mscl/lib/python3/dist-packages/ros_mscl/srv/_SetReferencePosition.py, /home/kbhakta/my_git/epicIMU/devel/lib/python3/dist-packages/ros_mscl/srv/_SetReferencePosition.py)
Linked: (/home/kbhakta/my_git/epicIMU/devel/.private/ros_mscl/lib/python3/dist-packages/ros_mscl/srv/_SetEstimationControlFlags.py, /home/kbhakta/my_git/epicIMU/devel/lib/python3/dist-packages/ros_mscl/srv/_SetEstimationControlFlags.py)
Linked: (/home/kbhakta/my_git/epicIMU/devel/.private/ros_mscl/lib/python3/dist-packages/ros_mscl/srv/_SetAccelBias.py, /home/kbhakta/my_git/epicIMU/devel/lib/python3/dist-packages/ros_mscl/srv/_SetAccelBias.py)
Linked: (/home/kbhakta/my_git/epicIMU/devel/.private/ros_mscl/lib/python3/dist-packages/ros_mscl/srv/_SetGyroBiasModel.py, /home/kbhakta/my_git/epicIMU/devel/lib/python3/dist-packages/ros_mscl/srv/_SetGyroBiasModel.py)
Linked: (/home/kbhakta/my_git/epicIMU/devel/.private/ros_mscl/lib/python3/dist-packages/ros_mscl/srv/_SetSensor2VehicleRotation.py, /home/kbhakta/my_git/epicIMU/devel/lib/python3/dist-packages/ros_mscl/srv/_SetSensor2VehicleRotation.py)
Linked: (/home/kbhakta/my_git/epicIMU/devel/.private/ros_mscl/lib/python3/dist-packages/ros_mscl/srv/_SetZeroVelocityUpdateThreshold.py, /home/kbhakta/my_git/epicIMU/devel/lib/python3/dist-packages/ros_mscl/srv/_SetZeroVelocityUpdateThreshold.py)
Linked: (/home/kbhakta/my_git/epicIMU/devel/.private/ros_mscl/lib/python3/dist-packages/ros_mscl/srv/_GetRelativePositionReference.py, /home/kbhakta/my_git/epicIMU/devel/lib/python3/dist-packages/ros_mscl/srv/_GetRelativePositionReference.py)
Linked: (/home/kbhakta/my_git/epicIMU/devel/.private/ros_mscl/lib/python3/dist-packages/ros_mscl/srv/_GetGyroBias.py, /home/kbhakta/my_git/epicIMU/devel/lib/python3/dist-packages/ros_mscl/srv/_GetGyroBias.py)
Linked: (/home/kbhakta/my_git/epicIMU/devel/.private/ros_mscl/lib/python3/dist-packages/ros_mscl/srv/_GetComplementaryFilter.py, /home/kbhakta/my_git/epicIMU/devel/lib/python3/dist-packages/ros_mscl/srv/_GetComplementaryFilter.py)
Linked: (/home/kbhakta/my_git/epicIMU/devel/.private/ros_mscl/lib/python3/dist-packages/ros_mscl/srv/_SetGyroNoise.py, /home/kbhakta/my_git/epicIMU/devel/lib/python3/dist-packages/ros_mscl/srv/_SetGyroNoise.py)
Linked: (/home/kbhakta/my_git/epicIMU/devel/.private/ros_mscl/lib/python3/dist-packages/ros_mscl/srv/_SetGyroBias.py, /home/kbhakta/my_git/epicIMU/devel/lib/python3/dist-packages/ros_mscl/srv/_SetGyroBias.py)
Linked: (/home/kbhakta/my_git/epicIMU/devel/.private/ros_mscl/lib/python3/dist-packages/ros_mscl/srv/__init__.py, /home/kbhakta/my_git/epicIMU/devel/lib/python3/dist-packages/ros_mscl/srv/__init__.py)
Linked: (/home/kbhakta/my_git/epicIMU/devel/.private/ros_mscl/lib/python3/dist-packages/ros_mscl/srv/_SetSensor2VehicleOffset.py, /home/kbhakta/my_git/epicIMU/devel/lib/python3/dist-packages/ros_mscl/srv/_SetSensor2VehicleOffset.py)
Linked: (/home/kbhakta/my_git/epicIMU/devel/.private/ros_mscl/lib/python3/dist-packages/ros_mscl/srv/_SetAccelAdaptiveVals.py, /home/kbhakta/my_git/epicIMU/devel/lib/python3/dist-packages/ros_mscl/srv/_SetAccelAdaptiveVals.py)
Linked: (/home/kbhakta/my_git/epicIMU/devel/.private/ros_mscl/lib/python3/dist-packages/ros_mscl/srv/_SetConingScullingComp.py, /home/kbhakta/my_git/epicIMU/devel/lib/python3/dist-packages/ros_mscl/srv/_SetConingScullingComp.py)
Linked: (/home/kbhakta/my_git/epicIMU/devel/.private/ros_mscl/lib/python3/dist-packages/ros_mscl/srv/_GetSensor2VehicleOffset.py, /home/kbhakta/my_git/epicIMU/devel/lib/python3/dist-packages/ros_mscl/srv/_GetSensor2VehicleOffset.py)
Linked: (/home/kbhakta/my_git/epicIMU/devel/.private/ros_mscl/lib/python3/dist-packages/ros_mscl/srv/_GetZeroVelocityUpdateThreshold.py, /home/kbhakta/my_git/epicIMU/devel/lib/python3/dist-packages/ros_mscl/srv/_GetZeroVelocityUpdateThreshold.py)
Linked: (/home/kbhakta/my_git/epicIMU/devel/.private/ros_mscl/lib/python3/dist-packages/ros_mscl/srv/_GetMagDipAdaptiveVals.py, /home/kbhakta/my_git/epicIMU/devel/lib/python3/dist-packages/ros_mscl/srv/_GetMagDipAdaptiveVals.py)
Linked: (/home/kbhakta/my_git/epicIMU/devel/.private/ros_mscl/lib/python3/dist-packages/ros_mscl/srv/_GetGyroBiasModel.py, /home/kbhakta/my_git/epicIMU/devel/lib/python3/dist-packages/ros_mscl/srv/_GetGyroBiasModel.py)
Linked: (/home/kbhakta/my_git/epicIMU/devel/.private/ros_mscl/lib/python3/dist-packages/ros_mscl/srv/_SetComplementaryFilter.py, /home/kbhakta/my_git/epicIMU/devel/lib/python3/dist-packages/ros_mscl/srv/_SetComplementaryFilter.py)
Linked: (/home/kbhakta/my_git/epicIMU/devel/.private/ros_mscl/lib/python3/dist-packages/ros_mscl/srv/_SetHardIronValues.py, /home/kbhakta/my_git/epicIMU/devel/lib/python3/dist-packages/ros_mscl/srv/_SetHardIronValues.py)
Linked: (/home/kbhakta/my_git/epicIMU/devel/.private/ros_mscl/lib/python3/dist-packages/ros_mscl/srv/_GetMagAdaptiveVals.py, /home/kbhakta/my_git/epicIMU/devel/lib/python3/dist-packages/ros_mscl/srv/_GetMagAdaptiveVals.py)
Linked: (/home/kbhakta/my_git/epicIMU/devel/.private/ros_mscl/lib/python3/dist-packages/ros_mscl/srv/_SetSoftIronMatrix.py, /home/kbhakta/my_git/epicIMU/devel/lib/python3/dist-packages/ros_mscl/srv/_SetSoftIronMatrix.py)
Linked: (/home/kbhakta/my_git/epicIMU/devel/.private/ros_mscl/lib/python3/dist-packages/ros_mscl/srv/_GetHardIronValues.py, /home/kbhakta/my_git/epicIMU/devel/lib/python3/dist-packages/ros_mscl/srv/_GetHardIronValues.py)
Linked: (/home/kbhakta/my_git/epicIMU/devel/.private/ros_mscl/lib/python3/dist-packages/ros_mscl/srv/_SetAccelNoise.py, /home/kbhakta/my_git/epicIMU/devel/lib/python3/dist-packages/ros_mscl/srv/_SetAccelNoise.py)
Linked: (/home/kbhakta/my_git/epicIMU/devel/.private/ros_mscl/lib/python3/dist-packages/ros_mscl/srv/_GetReferencePosition.py, /home/kbhakta/my_git/epicIMU/devel/lib/python3/dist-packages/ros_mscl/srv/_GetReferencePosition.py)
Linked: (/home/kbhakta/my_git/epicIMU/devel/.private/ros_mscl/lib/python3/dist-packages/ros_mscl/srv/_GetHeadingSource.py, /home/kbhakta/my_git/epicIMU/devel/lib/python3/dist-packages/ros_mscl/srv/_GetHeadingSource.py)
Linked: (/home/kbhakta/my_git/epicIMU/devel/.private/ros_mscl/lib/python3/dist-packages/ros_mscl/srv/_GetAccelAdaptiveVals.py, /home/kbhakta/my_git/epicIMU/devel/lib/python3/dist-packages/ros_mscl/srv/_GetAccelAdaptiveVals.py)
Linked: (/home/kbhakta/my_git/epicIMU/devel/.private/ros_mscl/lib/python3/dist-packages/ros_mscl/srv/_InitFilterEuler.py, /home/kbhakta/my_git/epicIMU/devel/lib/python3/dist-packages/ros_mscl/srv/_InitFilterEuler.py)
Linked: (/home/kbhakta/my_git/epicIMU/devel/.private/ros_mscl/lib/python3/dist-packages/ros_mscl/srv/_GetDynamicsMode.py, /home/kbhakta/my_git/epicIMU/devel/lib/python3/dist-packages/ros_mscl/srv/_GetDynamicsMode.py)
Linked: (/home/kbhakta/my_git/epicIMU/devel/.private/ros_mscl/lib/python3/dist-packages/ros_mscl/srv/_SetTareOrientation.py, /home/kbhakta/my_git/epicIMU/devel/lib/python3/dist-packages/ros_mscl/srv/_SetTareOrientation.py)
Linked: (/home/kbhakta/my_git/epicIMU/devel/.private/ros_mscl/lib/python3/dist-packages/ros_mscl/srv/_GetSoftIronMatrix.py, /home/kbhakta/my_git/epicIMU/devel/lib/python3/dist-packages/ros_mscl/srv/_GetSoftIronMatrix.py)
Linked: (/home/kbhakta/my_git/epicIMU/devel/.private/ros_mscl/lib/python3/dist-packages/ros_mscl/srv/_GetAccelBias.py, /home/kbhakta/my_git/epicIMU/devel/lib/python3/dist-packages/ros_mscl/srv/_GetAccelBias.py)
Linked: (/home/kbhakta/my_git/epicIMU/devel/.private/ros_mscl/lib/python3/dist-packages/ros_mscl/srv/_SetMagNoise.py, /home/kbhakta/my_git/epicIMU/devel/lib/python3/dist-packages/ros_mscl/srv/_SetMagNoise.py)
Linked: (/home/kbhakta/my_git/epicIMU/devel/.private/ros_mscl/lib/python3/dist-packages/ros_mscl/srv/_GetTareOrientation.py, /home/kbhakta/my_git/epicIMU/devel/lib/python3/dist-packages/ros_mscl/srv/_GetTareOrientation.py)
Linked: (/home/kbhakta/my_git/epicIMU/devel/.private/ros_mscl/lib/python3/dist-packages/ros_mscl/srv/_GetMagNoise.py, /home/kbhakta/my_git/epicIMU/devel/lib/python3/dist-packages/ros_mscl/srv/_GetMagNoise.py)
Linked: (/home/kbhakta/my_git/epicIMU/devel/.private/ros_mscl/lib/python3/dist-packages/ros_mscl/srv/_InitFilterHeading.py, /home/kbhakta/my_git/epicIMU/devel/lib/python3/dist-packages/ros_mscl/srv/_InitFilterHeading.py)
Linked: (/home/kbhakta/my_git/epicIMU/devel/.private/ros_mscl/lib/python3/dist-packages/ros_mscl/srv/_SetGravityAdaptiveVals.py, /home/kbhakta/my_git/epicIMU/devel/lib/python3/dist-packages/ros_mscl/srv/_SetGravityAdaptiveVals.py)
Linked: (/home/kbhakta/my_git/epicIMU/devel/.private/ros_mscl/lib/python3/dist-packages/ros_mscl/srv/_SetMagDipAdaptiveVals.py, /home/kbhakta/my_git/epicIMU/devel/lib/python3/dist-packages/ros_mscl/srv/_SetMagDipAdaptiveVals.py)
Linked: (/home/kbhakta/my_git/epicIMU/devel/.private/ros_mscl/lib/python3/dist-packages/ros_mscl/srv/_GetAccelNoise.py, /home/kbhakta/my_git/epicIMU/devel/lib/python3/dist-packages/ros_mscl/srv/_GetAccelNoise.py)
Linked: (/home/kbhakta/my_git/epicIMU/devel/.private/ros_mscl/lib/python3/dist-packages/ros_mscl/srv/_GetSensor2VehicleRotation.py, /home/kbhakta/my_git/epicIMU/devel/lib/python3/dist-packages/ros_mscl/srv/_GetSensor2VehicleRotation.py)
Linked: (/home/kbhakta/my_git/epicIMU/devel/.private/ros_mscl/lib/python3/dist-packages/ros_mscl/srv/_ExternalHeadingUpdate.py, /home/kbhakta/my_git/epicIMU/devel/lib/python3/dist-packages/ros_mscl/srv/_ExternalHeadingUpdate.py)
Linked: (/home/kbhakta/my_git/epicIMU/devel/.private/ros_mscl/lib/python3/dist-packages/ros_mscl/srv/_SetMagAdaptiveVals.py, /home/kbhakta/my_git/epicIMU/devel/lib/python3/dist-packages/ros_mscl/srv/_SetMagAdaptiveVals.py)
Linked: (/home/kbhakta/my_git/epicIMU/devel/.private/ros_mscl/lib/python3/dist-packages/ros_mscl/srv/_GetGyroNoise.py, /home/kbhakta/my_git/epicIMU/devel/lib/python3/dist-packages/ros_mscl/srv/_GetGyroNoise.py)
Linked: (/home/kbhakta/my_git/epicIMU/devel/.private/ros_mscl/lib/python3/dist-packages/ros_mscl/srv/_SetZeroAngleUpdateThreshold.py, /home/kbhakta/my_git/epicIMU/devel/lib/python3/dist-packages/ros_mscl/srv/_SetZeroAngleUpdateThreshold.py)
Linked: (/home/kbhakta/my_git/epicIMU/devel/.private/ros_mscl/lib/python3/dist-packages/ros_mscl/srv/_GetSensor2VehicleTransformation.py, /home/kbhakta/my_git/epicIMU/devel/lib/python3/dist-packages/ros_mscl/srv/_GetSensor2VehicleTransformation.py)
Linked: (/home/kbhakta/my_git/epicIMU/devel/.private/ros_mscl/lib/python3/dist-packages/ros_mscl/srv/_DeviceSettings.py, /home/kbhakta/my_git/epicIMU/devel/lib/python3/dist-packages/ros_mscl/srv/_DeviceSettings.py)
Linked: (/home/kbhakta/my_git/epicIMU/devel/.private/ros_mscl/lib/python3/dist-packages/ros_mscl/srv/_SetRelativePositionReference.py, /home/kbhakta/my_git/epicIMU/devel/lib/python3/dist-packages/ros_mscl/srv/_SetRelativePositionReference.py)
Linked: (/home/kbhakta/my_git/epicIMU/devel/.private/ros_mscl/lib/python3/dist-packages/ros_mscl/srv/_GetGravityAdaptiveVals.py, /home/kbhakta/my_git/epicIMU/devel/lib/python3/dist-packages/ros_mscl/srv/_GetGravityAdaptiveVals.py)
Linked: (/home/kbhakta/my_git/epicIMU/devel/.private/ros_mscl/lib/python3/dist-packages/ros_mscl/srv/_SetHeadingSource.py, /home/kbhakta/my_git/epicIMU/devel/lib/python3/dist-packages/ros_mscl/srv/_SetHeadingSource.py)
Linked: (/home/kbhakta/my_git/epicIMU/devel/.private/ros_mscl/lib/python3/dist-packages/ros_mscl/srv/_GetConingScullingComp.py, /home/kbhakta/my_git/epicIMU/devel/lib/python3/dist-packages/ros_mscl/srv/_GetConingScullingComp.py)
Linked: (/home/kbhakta/my_git/epicIMU/devel/.private/ros_mscl/lib/python3/dist-packages/ros_mscl/srv/_SetDynamicsMode.py, /home/kbhakta/my_git/epicIMU/devel/lib/python3/dist-packages/ros_mscl/srv/_SetDynamicsMode.py)
Linked: (/home/kbhakta/my_git/epicIMU/devel/.private/ros_mscl/lib/python3/dist-packages/ros_mscl/srv/_GetAccelBiasModel.py, /home/kbhakta/my_git/epicIMU/devel/lib/python3/dist-packages/ros_mscl/srv/_GetAccelBiasModel.py)
Linked: (/home/kbhakta/my_git/epicIMU/devel/.private/ros_mscl/lib/python3/dist-packages/ros_mscl/srv/_SetAccelBiasModel.py, /home/kbhakta/my_git/epicIMU/devel/lib/python3/dist-packages/ros_mscl/srv/_SetAccelBiasModel.py)
Linked: (/home/kbhakta/my_git/epicIMU/devel/.private/ros_mscl/lib/python3/dist-packages/ros_mscl/srv/_GetEstimationControlFlags.py, /home/kbhakta/my_git/epicIMU/devel/lib/python3/dist-packages/ros_mscl/srv/_GetEstimationControlFlags.py)
Linked: (/home/kbhakta/my_git/epicIMU/devel/.private/ros_mscl/lib/ros_mscl/ros_mscl_node, /home/kbhakta/my_git/epicIMU/devel/lib/ros_mscl/ros_mscl_node)
Linked: (/home/kbhakta/my_git/epicIMU/devel/.private/ros_mscl/share/gennodejs/ros/ros_mscl/_index.js, /home/kbhakta/my_git/epicIMU/devel/share/gennodejs/ros/ros_mscl/_index.js)
Linked: (/home/kbhakta/my_git/epicIMU/devel/.private/ros_mscl/share/gennodejs/ros/ros_mscl/srv/GetMagNoise.js, /home/kbhakta/my_git/epicIMU/devel/share/gennodejs/ros/ros_mscl/srv/GetMagNoise.js)
Linked: (/home/kbhakta/my_git/epicIMU/devel/.private/ros_mscl/share/gennodejs/ros/ros_mscl/srv/SetReferencePosition.js, /home/kbhakta/my_git/epicIMU/devel/share/gennodejs/ros/ros_mscl/srv/SetReferencePosition.js)
Linked: (/home/kbhakta/my_git/epicIMU/devel/.private/ros_mscl/share/gennodejs/ros/ros_mscl/srv/GetSensor2VehicleOffset.js, /home/kbhakta/my_git/epicIMU/devel/share/gennodejs/ros/ros_mscl/srv/GetSensor2VehicleOffset.js)
Linked: (/home/kbhakta/my_git/epicIMU/devel/.private/ros_mscl/share/gennodejs/ros/ros_mscl/srv/SetZeroVelocityUpdateThreshold.js, /home/kbhakta/my_git/epicIMU/devel/share/gennodejs/ros/ros_mscl/srv/SetZeroVelocityUpdateThreshold.js)
Linked: (/home/kbhakta/my_git/epicIMU/devel/.private/ros_mscl/share/gennodejs/ros/ros_mscl/srv/GetZeroVelocityUpdateThreshold.js, /home/kbhakta/my_git/epicIMU/devel/share/gennodejs/ros/ros_mscl/srv/GetZeroVelocityUpdateThreshold.js)
Linked: (/home/kbhakta/my_git/epicIMU/devel/.private/ros_mscl/share/gennodejs/ros/ros_mscl/srv/GetZeroAngleUpdateThreshold.js, /home/kbhakta/my_git/epicIMU/devel/share/gennodejs/ros/ros_mscl/srv/GetZeroAngleUpdateThreshold.js)
Linked: (/home/kbhakta/my_git/epicIMU/devel/.private/ros_mscl/share/gennodejs/ros/ros_mscl/srv/SetZeroAngleUpdateThreshold.js, /home/kbhakta/my_git/epicIMU/devel/share/gennodejs/ros/ros_mscl/srv/SetZeroAngleUpdateThreshold.js)
Linked: (/home/kbhakta/my_git/epicIMU/devel/.private/ros_mscl/share/gennodejs/ros/ros_mscl/srv/GetSoftIronMatrix.js, /home/kbhakta/my_git/epicIMU/devel/share/gennodejs/ros/ros_mscl/srv/GetSoftIronMatrix.js)
Linked: (/home/kbhakta/my_git/epicIMU/devel/.private/ros_mscl/share/gennodejs/ros/ros_mscl/srv/GetMagDipAdaptiveVals.js, /home/kbhakta/my_git/epicIMU/devel/share/gennodejs/ros/ros_mscl/srv/GetMagDipAdaptiveVals.js)
Linked: (/home/kbhakta/my_git/epicIMU/devel/.private/ros_mscl/share/gennodejs/ros/ros_mscl/srv/SetSoftIronMatrix.js, /home/kbhakta/my_git/epicIMU/devel/share/gennodejs/ros/ros_mscl/srv/SetSoftIronMatrix.js)
Linked: (/home/kbhakta/my_git/epicIMU/devel/.private/ros_mscl/share/gennodejs/ros/ros_mscl/srv/SetMagAdaptiveVals.js, /home/kbhakta/my_git/epicIMU/devel/share/gennodejs/ros/ros_mscl/srv/SetMagAdaptiveVals.js)
Linked: (/home/kbhakta/my_git/epicIMU/devel/.private/ros_mscl/share/gennodejs/ros/ros_mscl/srv/SetEstimationControlFlags.js, /home/kbhakta/my_git/epicIMU/devel/share/gennodejs/ros/ros_mscl/srv/SetEstimationControlFlags.js)
Linked: (/home/kbhakta/my_git/epicIMU/devel/.private/ros_mscl/share/gennodejs/ros/ros_mscl/srv/GetEstimationControlFlags.js, /home/kbhakta/my_git/epicIMU/devel/share/gennodejs/ros/ros_mscl/srv/GetEstimationControlFlags.js)
Linked: (/home/kbhakta/my_git/epicIMU/devel/.private/ros_mscl/share/gennodejs/ros/ros_mscl/srv/SetSensor2VehicleOffset.js, /home/kbhakta/my_git/epicIMU/devel/share/gennodejs/ros/ros_mscl/srv/SetSensor2VehicleOffset.js)
Linked: (/home/kbhakta/my_git/epicIMU/devel/.private/ros_mscl/share/gennodejs/ros/ros_mscl/srv/SetComplementaryFilter.js, /home/kbhakta/my_git/epicIMU/devel/share/gennodejs/ros/ros_mscl/srv/SetComplementaryFilter.js)
Linked: (/home/kbhakta/my_git/epicIMU/devel/.private/ros_mscl/share/gennodejs/ros/ros_mscl/srv/GetRelativePositionReference.js, /home/kbhakta/my_git/epicIMU/devel/share/gennodejs/ros/ros_mscl/srv/GetRelativePositionReference.js)
Linked: (/home/kbhakta/my_git/epicIMU/devel/.private/ros_mscl/share/gennodejs/ros/ros_mscl/srv/GetConingScullingComp.js, /home/kbhakta/my_git/epicIMU/devel/share/gennodejs/ros/ros_mscl/srv/GetConingScullingComp.js)
Linked: (/home/kbhakta/my_git/epicIMU/devel/.private/ros_mscl/share/gennodejs/ros/ros_mscl/srv/GetAccelBias.js, /home/kbhakta/my_git/epicIMU/devel/share/gennodejs/ros/ros_mscl/srv/GetAccelBias.js)
Linked: (/home/kbhakta/my_git/epicIMU/devel/.private/ros_mscl/share/gennodejs/ros/ros_mscl/srv/GetHeadingSource.js, /home/kbhakta/my_git/epicIMU/devel/share/gennodejs/ros/ros_mscl/srv/GetHeadingSource.js)
Linked: (/home/kbhakta/my_git/epicIMU/devel/.private/ros_mscl/share/gennodejs/ros/ros_mscl/srv/DeviceSettings.js, /home/kbhakta/my_git/epicIMU/devel/share/gennodejs/ros/ros_mscl/srv/DeviceSettings.js)
Linked: (/home/kbhakta/my_git/epicIMU/devel/.private/ros_mscl/share/gennodejs/ros/ros_mscl/srv/SetAccelBiasModel.js, /home/kbhakta/my_git/epicIMU/devel/share/gennodejs/ros/ros_mscl/srv/SetAccelBiasModel.js)
Linked: (/home/kbhakta/my_git/epicIMU/devel/.private/ros_mscl/share/gennodejs/ros/ros_mscl/srv/GetMagAdaptiveVals.js, /home/kbhakta/my_git/epicIMU/devel/share/gennodejs/ros/ros_mscl/srv/GetMagAdaptiveVals.js)
Linked: (/home/kbhakta/my_git/epicIMU/devel/.private/ros_mscl/share/gennodejs/ros/ros_mscl/srv/SetGyroBiasModel.js, /home/kbhakta/my_git/epicIMU/devel/share/gennodejs/ros/ros_mscl/srv/SetGyroBiasModel.js)
Linked: (/home/kbhakta/my_git/epicIMU/devel/.private/ros_mscl/share/gennodejs/ros/ros_mscl/srv/SetMagNoise.js, /home/kbhakta/my_git/epicIMU/devel/share/gennodejs/ros/ros_mscl/srv/SetMagNoise.js)
Linked: (/home/kbhakta/my_git/epicIMU/devel/.private/ros_mscl/share/gennodejs/ros/ros_mscl/srv/SetHardIronValues.js, /home/kbhakta/my_git/epicIMU/devel/share/gennodejs/ros/ros_mscl/srv/SetHardIronValues.js)
Linked: (/home/kbhakta/my_git/epicIMU/devel/.private/ros_mscl/share/gennodejs/ros/ros_mscl/srv/SetGyroBias.js, /home/kbhakta/my_git/epicIMU/devel/share/gennodejs/ros/ros_mscl/srv/SetGyroBias.js)
Linked: (/home/kbhakta/my_git/epicIMU/devel/.private/ros_mscl/share/gennodejs/ros/ros_mscl/srv/InitFilterHeading.js, /home/kbhakta/my_git/epicIMU/devel/share/gennodejs/ros/ros_mscl/srv/InitFilterHeading.js)
Linked: (/home/kbhakta/my_git/epicIMU/devel/.private/ros_mscl/share/gennodejs/ros/ros_mscl/srv/GetGyroBias.js, /home/kbhakta/my_git/epicIMU/devel/share/gennodejs/ros/ros_mscl/srv/GetGyroBias.js)
Linked: (/home/kbhakta/my_git/epicIMU/devel/.private/ros_mscl/share/gennodejs/ros/ros_mscl/srv/ExternalHeadingUpdate.js, /home/kbhakta/my_git/epicIMU/devel/share/gennodejs/ros/ros_mscl/srv/ExternalHeadingUpdate.js)
Linked: (/home/kbhakta/my_git/epicIMU/devel/.private/ros_mscl/share/gennodejs/ros/ros_mscl/srv/GetComplementaryFilter.js, /home/kbhakta/my_git/epicIMU/devel/share/gennodejs/ros/ros_mscl/srv/GetComplementaryFilter.js)
Linked: (/home/kbhakta/my_git/epicIMU/devel/.private/ros_mscl/share/gennodejs/ros/ros_mscl/srv/SetAccelBias.js, /home/kbhakta/my_git/epicIMU/devel/share/gennodejs/ros/ros_mscl/srv/SetAccelBias.js)
Linked: (/home/kbhakta/my_git/epicIMU/devel/.private/ros_mscl/share/gennodejs/ros/ros_mscl/srv/GetSensor2VehicleTransformation.js, /home/kbhakta/my_git/epicIMU/devel/share/gennodejs/ros/ros_mscl/srv/GetSensor2VehicleTransformation.js)
Linked: (/home/kbhakta/my_git/epicIMU/devel/.private/ros_mscl/share/gennodejs/ros/ros_mscl/srv/SetHeadingSource.js, /home/kbhakta/my_git/epicIMU/devel/share/gennodejs/ros/ros_mscl/srv/SetHeadingSource.js)
Linked: (/home/kbhakta/my_git/epicIMU/devel/.private/ros_mscl/share/gennodejs/ros/ros_mscl/srv/InitFilterEuler.js, /home/kbhakta/my_git/epicIMU/devel/share/gennodejs/ros/ros_mscl/srv/InitFilterEuler.js)
Linked: (/home/kbhakta/my_git/epicIMU/devel/.private/ros_mscl/share/gennodejs/ros/ros_mscl/srv/GetTareOrientation.js, /home/kbhakta/my_git/epicIMU/devel/share/gennodejs/ros/ros_mscl/srv/GetTareOrientation.js)
Linked: (/home/kbhakta/my_git/epicIMU/devel/.private/ros_mscl/share/gennodejs/ros/ros_mscl/srv/GetHardIronValues.js, /home/kbhakta/my_git/epicIMU/devel/share/gennodejs/ros/ros_mscl/srv/GetHardIronValues.js)
Linked: (/home/kbhakta/my_git/epicIMU/devel/.private/ros_mscl/share/gennodejs/ros/ros_mscl/srv/GetAccelAdaptiveVals.js, /home/kbhakta/my_git/epicIMU/devel/share/gennodejs/ros/ros_mscl/srv/GetAccelAdaptiveVals.js)
Linked: (/home/kbhakta/my_git/epicIMU/devel/.private/ros_mscl/share/gennodejs/ros/ros_mscl/srv/GetAccelNoise.js, /home/kbhakta/my_git/epicIMU/devel/share/gennodejs/ros/ros_mscl/srv/GetAccelNoise.js)
Linked: (/home/kbhakta/my_git/epicIMU/devel/.private/ros_mscl/share/gennodejs/ros/ros_mscl/srv/SetAccelNoise.js, /home/kbhakta/my_git/epicIMU/devel/share/gennodejs/ros/ros_mscl/srv/SetAccelNoise.js)
Linked: (/home/kbhakta/my_git/epicIMU/devel/.private/ros_mscl/share/gennodejs/ros/ros_mscl/srv/SetGravityAdaptiveVals.js, /home/kbhakta/my_git/epicIMU/devel/share/gennodejs/ros/ros_mscl/srv/SetGravityAdaptiveVals.js)
Linked: (/home/kbhakta/my_git/epicIMU/devel/.private/ros_mscl/share/gennodejs/ros/ros_mscl/srv/SetAccelAdaptiveVals.js, /home/kbhakta/my_git/epicIMU/devel/share/gennodejs/ros/ros_mscl/srv/SetAccelAdaptiveVals.js)
Linked: (/home/kbhakta/my_git/epicIMU/devel/.private/ros_mscl/share/gennodejs/ros/ros_mscl/srv/SetDynamicsMode.js, /home/kbhakta/my_git/epicIMU/devel/share/gennodejs/ros/ros_mscl/srv/SetDynamicsMode.js)
Linked: (/home/kbhakta/my_git/epicIMU/devel/.private/ros_mscl/share/gennodejs/ros/ros_mscl/srv/GetGravityAdaptiveVals.js, /home/kbhakta/my_git/epicIMU/devel/share/gennodejs/ros/ros_mscl/srv/GetGravityAdaptiveVals.js)
Linked: (/home/kbhakta/my_git/epicIMU/devel/.private/ros_mscl/share/gennodejs/ros/ros_mscl/srv/_index.js, /home/kbhakta/my_git/epicIMU/devel/share/gennodejs/ros/ros_mscl/srv/_index.js)
Linked: (/home/kbhakta/my_git/epicIMU/devel/.private/ros_mscl/share/gennodejs/ros/ros_mscl/srv/GetAccelBiasModel.js, /home/kbhakta/my_git/epicIMU/devel/share/gennodejs/ros/ros_mscl/srv/GetAccelBiasModel.js)
Linked: (/home/kbhakta/my_git/epicIMU/devel/.private/ros_mscl/share/gennodejs/ros/ros_mscl/srv/SetTareOrientation.js, /home/kbhakta/my_git/epicIMU/devel/share/gennodejs/ros/ros_mscl/srv/SetTareOrientation.js)
Linked: (/home/kbhakta/my_git/epicIMU/devel/.private/ros_mscl/share/gennodejs/ros/ros_mscl/srv/SetRelativePositionReference.js, /home/kbhakta/my_git/epicIMU/devel/share/gennodejs/ros/ros_mscl/srv/SetRelativePositionReference.js)
Linked: (/home/kbhakta/my_git/epicIMU/devel/.private/ros_mscl/share/gennodejs/ros/ros_mscl/srv/SetConingScullingComp.js, /home/kbhakta/my_git/epicIMU/devel/share/gennodejs/ros/ros_mscl/srv/SetConingScullingComp.js)
Linked: (/home/kbhakta/my_git/epicIMU/devel/.private/ros_mscl/share/gennodejs/ros/ros_mscl/srv/SetMagDipAdaptiveVals.js, /home/kbhakta/my_git/epicIMU/devel/share/gennodejs/ros/ros_mscl/srv/SetMagDipAdaptiveVals.js)
Linked: (/home/kbhakta/my_git/epicIMU/devel/.private/ros_mscl/share/gennodejs/ros/ros_mscl/srv/GetGyroBiasModel.js, /home/kbhakta/my_git/epicIMU/devel/share/gennodejs/ros/ros_mscl/srv/GetGyroBiasModel.js)
Linked: (/home/kbhakta/my_git/epicIMU/devel/.private/ros_mscl/share/gennodejs/ros/ros_mscl/srv/GetReferencePosition.js, /home/kbhakta/my_git/epicIMU/devel/share/gennodejs/ros/ros_mscl/srv/GetReferencePosition.js)
Linked: (/home/kbhakta/my_git/epicIMU/devel/.private/ros_mscl/share/gennodejs/ros/ros_mscl/srv/GetGyroNoise.js, /home/kbhakta/my_git/epicIMU/devel/share/gennodejs/ros/ros_mscl/srv/GetGyroNoise.js)
Linked: (/home/kbhakta/my_git/epicIMU/devel/.private/ros_mscl/share/gennodejs/ros/ros_mscl/srv/GetSensor2VehicleRotation.js, /home/kbhakta/my_git/epicIMU/devel/share/gennodejs/ros/ros_mscl/srv/GetSensor2VehicleRotation.js)
Linked: (/home/kbhakta/my_git/epicIMU/devel/.private/ros_mscl/share/gennodejs/ros/ros_mscl/srv/SetGyroNoise.js, /home/kbhakta/my_git/epicIMU/devel/share/gennodejs/ros/ros_mscl/srv/SetGyroNoise.js)
Linked: (/home/kbhakta/my_git/epicIMU/devel/.private/ros_mscl/share/gennodejs/ros/ros_mscl/srv/GetDynamicsMode.js, /home/kbhakta/my_git/epicIMU/devel/share/gennodejs/ros/ros_mscl/srv/GetDynamicsMode.js)
Linked: (/home/kbhakta/my_git/epicIMU/devel/.private/ros_mscl/share/gennodejs/ros/ros_mscl/srv/SetSensor2VehicleRotation.js, /home/kbhakta/my_git/epicIMU/devel/share/gennodejs/ros/ros_mscl/srv/SetSensor2VehicleRotation.js)
Linked: (/home/kbhakta/my_git/epicIMU/devel/.private/ros_mscl/share/ros_mscl/cmake/ros_mscl-msg-paths.cmake, /home/kbhakta/my_git/epicIMU/devel/share/ros_mscl/cmake/ros_mscl-msg-paths.cmake)
Linked: (/home/kbhakta/my_git/epicIMU/devel/.private/ros_mscl/share/ros_mscl/cmake/ros_msclConfig-version.cmake, /home/kbhakta/my_git/epicIMU/devel/share/ros_mscl/cmake/ros_msclConfig-version.cmake)
Linked: (/home/kbhakta/my_git/epicIMU/devel/.private/ros_mscl/share/ros_mscl/cmake/ros_mscl-msg-extras.cmake, /home/kbhakta/my_git/epicIMU/devel/share/ros_mscl/cmake/ros_mscl-msg-extras.cmake)
Linked: (/home/kbhakta/my_git/epicIMU/devel/.private/ros_mscl/share/ros_mscl/cmake/ros_msclConfig.cmake, /home/kbhakta/my_git/epicIMU/devel/share/ros_mscl/cmake/ros_msclConfig.cmake)
Linked: (/home/kbhakta/my_git/epicIMU/devel/.private/ros_mscl/share/roseus/ros/ros_mscl/manifest.l, /home/kbhakta/my_git/epicIMU/devel/share/roseus/ros/ros_mscl/manifest.l)
Linked: (/home/kbhakta/my_git/epicIMU/devel/.private/ros_mscl/share/roseus/ros/ros_mscl/srv/InitFilterEuler.l, /home/kbhakta/my_git/epicIMU/devel/share/roseus/ros/ros_mscl/srv/InitFilterEuler.l)
Linked: (/home/kbhakta/my_git/epicIMU/devel/.private/ros_mscl/share/roseus/ros/ros_mscl/srv/GetGyroNoise.l, /home/kbhakta/my_git/epicIMU/devel/share/roseus/ros/ros_mscl/srv/GetGyroNoise.l)
Linked: (/home/kbhakta/my_git/epicIMU/devel/.private/ros_mscl/share/roseus/ros/ros_mscl/srv/SetTareOrientation.l, /home/kbhakta/my_git/epicIMU/devel/share/roseus/ros/ros_mscl/srv/SetTareOrientation.l)
Linked: (/home/kbhakta/my_git/epicIMU/devel/.private/ros_mscl/share/roseus/ros/ros_mscl/srv/GetAccelBias.l, /home/kbhakta/my_git/epicIMU/devel/share/roseus/ros/ros_mscl/srv/GetAccelBias.l)
Linked: (/home/kbhakta/my_git/epicIMU/devel/.private/ros_mscl/share/roseus/ros/ros_mscl/srv/SetGyroBiasModel.l, /home/kbhakta/my_git/epicIMU/devel/share/roseus/ros/ros_mscl/srv/SetGyroBiasModel.l)
Linked: (/home/kbhakta/my_git/epicIMU/devel/.private/ros_mscl/share/roseus/ros/ros_mscl/srv/GetGyroBiasModel.l, /home/kbhakta/my_git/epicIMU/devel/share/roseus/ros/ros_mscl/srv/GetGyroBiasModel.l)
Linked: (/home/kbhakta/my_git/epicIMU/devel/.private/ros_mscl/share/roseus/ros/ros_mscl/srv/GetZeroAngleUpdateThreshold.l, /home/kbhakta/my_git/epicIMU/devel/share/roseus/ros/ros_mscl/srv/GetZeroAngleUpdateThreshold.l)
Linked: (/home/kbhakta/my_git/epicIMU/devel/.private/ros_mscl/share/roseus/ros/ros_mscl/srv/GetSoftIronMatrix.l, /home/kbhakta/my_git/epicIMU/devel/share/roseus/ros/ros_mscl/srv/GetSoftIronMatrix.l)
Linked: (/home/kbhakta/my_git/epicIMU/devel/.private/ros_mscl/share/roseus/ros/ros_mscl/srv/GetSensor2VehicleRotation.l, /home/kbhakta/my_git/epicIMU/devel/share/roseus/ros/ros_mscl/srv/GetSensor2VehicleRotation.l)
Linked: (/home/kbhakta/my_git/epicIMU/devel/.private/ros_mscl/share/roseus/ros/ros_mscl/srv/SetZeroVelocityUpdateThreshold.l, /home/kbhakta/my_git/epicIMU/devel/share/roseus/ros/ros_mscl/srv/SetZeroVelocityUpdateThreshold.l)
Linked: (/home/kbhakta/my_git/epicIMU/devel/.private/ros_mscl/share/roseus/ros/ros_mscl/srv/GetAccelAdaptiveVals.l, /home/kbhakta/my_git/epicIMU/devel/share/roseus/ros/ros_mscl/srv/GetAccelAdaptiveVals.l)
Linked: (/home/kbhakta/my_git/epicIMU/devel/.private/ros_mscl/share/roseus/ros/ros_mscl/srv/GetAccelBiasModel.l, /home/kbhakta/my_git/epicIMU/devel/share/roseus/ros/ros_mscl/srv/GetAccelBiasModel.l)
Linked: (/home/kbhakta/my_git/epicIMU/devel/.private/ros_mscl/share/roseus/ros/ros_mscl/srv/SetAccelBiasModel.l, /home/kbhakta/my_git/epicIMU/devel/share/roseus/ros/ros_mscl/srv/SetAccelBiasModel.l)
Linked: (/home/kbhakta/my_git/epicIMU/devel/.private/ros_mscl/share/roseus/ros/ros_mscl/srv/SetConingScullingComp.l, /home/kbhakta/my_git/epicIMU/devel/share/roseus/ros/ros_mscl/srv/SetConingScullingComp.l)
Linked: (/home/kbhakta/my_git/epicIMU/devel/.private/ros_mscl/share/roseus/ros/ros_mscl/srv/GetGravityAdaptiveVals.l, /home/kbhakta/my_git/epicIMU/devel/share/roseus/ros/ros_mscl/srv/GetGravityAdaptiveVals.l)
Linked: (/home/kbhakta/my_git/epicIMU/devel/.private/ros_mscl/share/roseus/ros/ros_mscl/srv/SetEstimationControlFlags.l, /home/kbhakta/my_git/epicIMU/devel/share/roseus/ros/ros_mscl/srv/SetEstimationControlFlags.l)
Linked: (/home/kbhakta/my_git/epicIMU/devel/.private/ros_mscl/share/roseus/ros/ros_mscl/srv/SetRelativePositionReference.l, /home/kbhakta/my_git/epicIMU/devel/share/roseus/ros/ros_mscl/srv/SetRelativePositionReference.l)
Linked: (/home/kbhakta/my_git/epicIMU/devel/.private/ros_mscl/share/roseus/ros/ros_mscl/srv/GetDynamicsMode.l, /home/kbhakta/my_git/epicIMU/devel/share/roseus/ros/ros_mscl/srv/GetDynamicsMode.l)
Linked: (/home/kbhakta/my_git/epicIMU/devel/.private/ros_mscl/share/roseus/ros/ros_mscl/srv/SetGravityAdaptiveVals.l, /home/kbhakta/my_git/epicIMU/devel/share/roseus/ros/ros_mscl/srv/SetGravityAdaptiveVals.l)
Linked: (/home/kbhakta/my_git/epicIMU/devel/.private/ros_mscl/share/roseus/ros/ros_mscl/srv/GetSensor2VehicleTransformation.l, /home/kbhakta/my_git/epicIMU/devel/share/roseus/ros/ros_mscl/srv/GetSensor2VehicleTransformation.l)
Linked: (/home/kbhakta/my_git/epicIMU/devel/.private/ros_mscl/share/roseus/ros/ros_mscl/srv/GetGyroBias.l, /home/kbhakta/my_git/epicIMU/devel/share/roseus/ros/ros_mscl/srv/GetGyroBias.l)
Linked: (/home/kbhakta/my_git/epicIMU/devel/.private/ros_mscl/share/roseus/ros/ros_mscl/srv/SetMagAdaptiveVals.l, /home/kbhakta/my_git/epicIMU/devel/share/roseus/ros/ros_mscl/srv/SetMagAdaptiveVals.l)
Linked: (/home/kbhakta/my_git/epicIMU/devel/.private/ros_mscl/share/roseus/ros/ros_mscl/srv/SetZeroAngleUpdateThreshold.l, /home/kbhakta/my_git/epicIMU/devel/share/roseus/ros/ros_mscl/srv/SetZeroAngleUpdateThreshold.l)
Linked: (/home/kbhakta/my_git/epicIMU/devel/.private/ros_mscl/share/roseus/ros/ros_mscl/srv/SetComplementaryFilter.l, /home/kbhakta/my_git/epicIMU/devel/share/roseus/ros/ros_mscl/srv/SetComplementaryFilter.l)
Linked: (/home/kbhakta/my_git/epicIMU/devel/.private/ros_mscl/share/roseus/ros/ros_mscl/srv/SetDynamicsMode.l, /home/kbhakta/my_git/epicIMU/devel/share/roseus/ros/ros_mscl/srv/SetDynamicsMode.l)
Linked: (/home/kbhakta/my_git/epicIMU/devel/.private/ros_mscl/share/roseus/ros/ros_mscl/srv/SetMagNoise.l, /home/kbhakta/my_git/epicIMU/devel/share/roseus/ros/ros_mscl/srv/SetMagNoise.l)
Linked: (/home/kbhakta/my_git/epicIMU/devel/.private/ros_mscl/share/roseus/ros/ros_mscl/srv/SetHardIronValues.l, /home/kbhakta/my_git/epicIMU/devel/share/roseus/ros/ros_mscl/srv/SetHardIronValues.l)
Linked: (/home/kbhakta/my_git/epicIMU/devel/.private/ros_mscl/share/roseus/ros/ros_mscl/srv/SetSensor2VehicleOffset.l, /home/kbhakta/my_git/epicIMU/devel/share/roseus/ros/ros_mscl/srv/SetSensor2VehicleOffset.l)
Linked: (/home/kbhakta/my_git/epicIMU/devel/.private/ros_mscl/share/roseus/ros/ros_mscl/srv/GetRelativePositionReference.l, /home/kbhakta/my_git/epicIMU/devel/share/roseus/ros/ros_mscl/srv/GetRelativePositionReference.l)
Linked: (/home/kbhakta/my_git/epicIMU/devel/.private/ros_mscl/share/roseus/ros/ros_mscl/srv/SetAccelNoise.l, /home/kbhakta/my_git/epicIMU/devel/share/roseus/ros/ros_mscl/srv/SetAccelNoise.l)
Linked: (/home/kbhakta/my_git/epicIMU/devel/.private/ros_mscl/share/roseus/ros/ros_mscl/srv/SetSensor2VehicleRotation.l, /home/kbhakta/my_git/epicIMU/devel/share/roseus/ros/ros_mscl/srv/SetSensor2VehicleRotation.l)
Linked: (/home/kbhakta/my_git/epicIMU/devel/.private/ros_mscl/share/roseus/ros/ros_mscl/srv/SetAccelAdaptiveVals.l, /home/kbhakta/my_git/epicIMU/devel/share/roseus/ros/ros_mscl/srv/SetAccelAdaptiveVals.l)
Linked: (/home/kbhakta/my_git/epicIMU/devel/.private/ros_mscl/share/roseus/ros/ros_mscl/srv/GetHardIronValues.l, /home/kbhakta/my_git/epicIMU/devel/share/roseus/ros/ros_mscl/srv/GetHardIronValues.l)
Linked: (/home/kbhakta/my_git/epicIMU/devel/.private/ros_mscl/share/roseus/ros/ros_mscl/srv/GetMagNoise.l, /home/kbhakta/my_git/epicIMU/devel/share/roseus/ros/ros_mscl/srv/GetMagNoise.l)
Linked: (/home/kbhakta/my_git/epicIMU/devel/.private/ros_mscl/share/roseus/ros/ros_mscl/srv/GetTareOrientation.l, /home/kbhakta/my_git/epicIMU/devel/share/roseus/ros/ros_mscl/srv/GetTareOrientation.l)
Linked: (/home/kbhakta/my_git/epicIMU/devel/.private/ros_mscl/share/roseus/ros/ros_mscl/srv/GetMagAdaptiveVals.l, /home/kbhakta/my_git/epicIMU/devel/share/roseus/ros/ros_mscl/srv/GetMagAdaptiveVals.l)
Linked: (/home/kbhakta/my_git/epicIMU/devel/.private/ros_mscl/share/roseus/ros/ros_mscl/srv/GetConingScullingComp.l, /home/kbhakta/my_git/epicIMU/devel/share/roseus/ros/ros_mscl/srv/GetConingScullingComp.l)
Linked: (/home/kbhakta/my_git/epicIMU/devel/.private/ros_mscl/share/roseus/ros/ros_mscl/srv/SetGyroNoise.l, /home/kbhakta/my_git/epicIMU/devel/share/roseus/ros/ros_mscl/srv/SetGyroNoise.l)
Linked: (/home/kbhakta/my_git/epicIMU/devel/.private/ros_mscl/share/roseus/ros/ros_mscl/srv/SetAccelBias.l, /home/kbhakta/my_git/epicIMU/devel/share/roseus/ros/ros_mscl/srv/SetAccelBias.l)
Linked: (/home/kbhakta/my_git/epicIMU/devel/.private/ros_mscl/share/roseus/ros/ros_mscl/srv/DeviceSettings.l, /home/kbhakta/my_git/epicIMU/devel/share/roseus/ros/ros_mscl/srv/DeviceSettings.l)
Linked: (/home/kbhakta/my_git/epicIMU/devel/.private/ros_mscl/share/roseus/ros/ros_mscl/srv/GetEstimationControlFlags.l, /home/kbhakta/my_git/epicIMU/devel/share/roseus/ros/ros_mscl/srv/GetEstimationControlFlags.l)
Linked: (/home/kbhakta/my_git/epicIMU/devel/.private/ros_mscl/share/roseus/ros/ros_mscl/srv/ExternalHeadingUpdate.l, /home/kbhakta/my_git/epicIMU/devel/share/roseus/ros/ros_mscl/srv/ExternalHeadingUpdate.l)
Linked: (/home/kbhakta/my_git/epicIMU/devel/.private/ros_mscl/share/roseus/ros/ros_mscl/srv/GetReferencePosition.l, /home/kbhakta/my_git/epicIMU/devel/share/roseus/ros/ros_mscl/srv/GetReferencePosition.l)
Linked: (/home/kbhakta/my_git/epicIMU/devel/.private/ros_mscl/share/roseus/ros/ros_mscl/srv/GetAccelNoise.l, /home/kbhakta/my_git/epicIMU/devel/share/roseus/ros/ros_mscl/srv/GetAccelNoise.l)
Linked: (/home/kbhakta/my_git/epicIMU/devel/.private/ros_mscl/share/roseus/ros/ros_mscl/srv/GetComplementaryFilter.l, /home/kbhakta/my_git/epicIMU/devel/share/roseus/ros/ros_mscl/srv/GetComplementaryFilter.l)
Linked: (/home/kbhakta/my_git/epicIMU/devel/.private/ros_mscl/share/roseus/ros/ros_mscl/srv/SetHeadingSource.l, /home/kbhakta/my_git/epicIMU/devel/share/roseus/ros/ros_mscl/srv/SetHeadingSource.l)
Linked: (/home/kbhakta/my_git/epicIMU/devel/.private/ros_mscl/share/roseus/ros/ros_mscl/srv/GetMagDipAdaptiveVals.l, /home/kbhakta/my_git/epicIMU/devel/share/roseus/ros/ros_mscl/srv/GetMagDipAdaptiveVals.l)
Linked: (/home/kbhakta/my_git/epicIMU/devel/.private/ros_mscl/share/roseus/ros/ros_mscl/srv/GetHeadingSource.l, /home/kbhakta/my_git/epicIMU/devel/share/roseus/ros/ros_mscl/srv/GetHeadingSource.l)
Linked: (/home/kbhakta/my_git/epicIMU/devel/.private/ros_mscl/share/roseus/ros/ros_mscl/srv/InitFilterHeading.l, /home/kbhakta/my_git/epicIMU/devel/share/roseus/ros/ros_mscl/srv/InitFilterHeading.l)
Linked: (/home/kbhakta/my_git/epicIMU/devel/.private/ros_mscl/share/roseus/ros/ros_mscl/srv/SetMagDipAdaptiveVals.l, /home/kbhakta/my_git/epicIMU/devel/share/roseus/ros/ros_mscl/srv/SetMagDipAdaptiveVals.l)
Linked: (/home/kbhakta/my_git/epicIMU/devel/.private/ros_mscl/share/roseus/ros/ros_mscl/srv/GetSensor2VehicleOffset.l, /home/kbhakta/my_git/epicIMU/devel/share/roseus/ros/ros_mscl/srv/GetSensor2VehicleOffset.l)
Linked: (/home/kbhakta/my_git/epicIMU/devel/.private/ros_mscl/share/roseus/ros/ros_mscl/srv/GetZeroVelocityUpdateThreshold.l, /home/kbhakta/my_git/epicIMU/devel/share/roseus/ros/ros_mscl/srv/GetZeroVelocityUpdateThreshold.l)
Linked: (/home/kbhakta/my_git/epicIMU/devel/.private/ros_mscl/share/roseus/ros/ros_mscl/srv/SetReferencePosition.l, /home/kbhakta/my_git/epicIMU/devel/share/roseus/ros/ros_mscl/srv/SetReferencePosition.l)
Linked: (/home/kbhakta/my_git/epicIMU/devel/.private/ros_mscl/share/roseus/ros/ros_mscl/srv/SetGyroBias.l, /home/kbhakta/my_git/epicIMU/devel/share/roseus/ros/ros_mscl/srv/SetGyroBias.l)
Linked: (/home/kbhakta/my_git/epicIMU/devel/.private/ros_mscl/share/roseus/ros/ros_mscl/srv/SetSoftIronMatrix.l, /home/kbhakta/my_git/epicIMU/devel/share/roseus/ros/ros_mscl/srv/SetSoftIronMatrix.l)
Linked: (/home/kbhakta/my_git/epicIMU/devel/.private/ros_mscl/share/common-lisp/ros/ros_mscl/srv/SetMagAdaptiveVals.lisp, /home/kbhakta/my_git/epicIMU/devel/share/common-lisp/ros/ros_mscl/srv/SetMagAdaptiveVals.lisp)
Linked: (/home/kbhakta/my_git/epicIMU/devel/.private/ros_mscl/share/common-lisp/ros/ros_mscl/srv/_package_GetAccelBias.lisp, /home/kbhakta/my_git/epicIMU/devel/share/common-lisp/ros/ros_mscl/srv/_package_GetAccelBias.lisp)
Linked: (/home/kbhakta/my_git/epicIMU/devel/.private/ros_mscl/share/common-lisp/ros/ros_mscl/srv/GetZeroVelocityUpdateThreshold.lisp, /home/kbhakta/my_git/epicIMU/devel/share/common-lisp/ros/ros_mscl/srv/GetZeroVelocityUpdateThreshold.lisp)
Linked: (/home/kbhakta/my_git/epicIMU/devel/.private/ros_mscl/share/common-lisp/ros/ros_mscl/srv/_package_GetGyroBias.lisp, /home/kbhakta/my_git/epicIMU/devel/share/common-lisp/ros/ros_mscl/srv/_package_GetGyroBias.lisp)
Linked: (/home/kbhakta/my_git/epicIMU/devel/.private/ros_mscl/share/common-lisp/ros/ros_mscl/srv/_package_SetMagDipAdaptiveVals.lisp, /home/kbhakta/my_git/epicIMU/devel/share/common-lisp/ros/ros_mscl/srv/_package_SetMagDipAdaptiveVals.lisp)
Linked: (/home/kbhakta/my_git/epicIMU/devel/.private/ros_mscl/share/common-lisp/ros/ros_mscl/srv/_package_GetTareOrientation.lisp, /home/kbhakta/my_git/epicIMU/devel/share/common-lisp/ros/ros_mscl/srv/_package_GetTareOrientation.lisp)
Linked: (/home/kbhakta/my_git/epicIMU/devel/.private/ros_mscl/share/common-lisp/ros/ros_mscl/srv/ExternalHeadingUpdate.lisp, /home/kbhakta/my_git/epicIMU/devel/share/common-lisp/ros/ros_mscl/srv/ExternalHeadingUpdate.lisp)
Linked: (/home/kbhakta/my_git/epicIMU/devel/.private/ros_mscl/share/common-lisp/ros/ros_mscl/srv/_package_GetComplementaryFilter.lisp, /home/kbhakta/my_git/epicIMU/devel/share/common-lisp/ros/ros_mscl/srv/_package_GetComplementaryFilter.lisp)
Linked: (/home/kbhakta/my_git/epicIMU/devel/.private/ros_mscl/share/common-lisp/ros/ros_mscl/srv/_package_SetReferencePosition.lisp, /home/kbhakta/my_git/epicIMU/devel/share/common-lisp/ros/ros_mscl/srv/_package_SetReferencePosition.lisp)
Linked: (/home/kbhakta/my_git/epicIMU/devel/.private/ros_mscl/share/common-lisp/ros/ros_mscl/srv/SetAccelNoise.lisp, /home/kbhakta/my_git/epicIMU/devel/share/common-lisp/ros/ros_mscl/srv/SetAccelNoise.lisp)
Linked: (/home/kbhakta/my_git/epicIMU/devel/.private/ros_mscl/share/common-lisp/ros/ros_mscl/srv/_package_SetMagNoise.lisp, /home/kbhakta/my_git/epicIMU/devel/share/common-lisp/ros/ros_mscl/srv/_package_SetMagNoise.lisp)
Linked: (/home/kbhakta/my_git/epicIMU/devel/.private/ros_mscl/share/common-lisp/ros/ros_mscl/srv/GetMagAdaptiveVals.lisp, /home/kbhakta/my_git/epicIMU/devel/share/common-lisp/ros/ros_mscl/srv/GetMagAdaptiveVals.lisp)
Linked: (/home/kbhakta/my_git/epicIMU/devel/.private/ros_mscl/share/common-lisp/ros/ros_mscl/srv/_package_GetAccelAdaptiveVals.lisp, /home/kbhakta/my_git/epicIMU/devel/share/common-lisp/ros/ros_mscl/srv/_package_GetAccelAdaptiveVals.lisp)
Linked: (/home/kbhakta/my_git/epicIMU/devel/.private/ros_mscl/share/common-lisp/ros/ros_mscl/srv/GetGyroBias.lisp, /home/kbhakta/my_git/epicIMU/devel/share/common-lisp/ros/ros_mscl/srv/GetGyroBias.lisp)
Linked: (/home/kbhakta/my_git/epicIMU/devel/.private/ros_mscl/share/common-lisp/ros/ros_mscl/srv/GetRelativePositionReference.lisp, /home/kbhakta/my_git/epicIMU/devel/share/common-lisp/ros/ros_mscl/srv/GetRelativePositionReference.lisp)
Linked: (/home/kbhakta/my_git/epicIMU/devel/.private/ros_mscl/share/common-lisp/ros/ros_mscl/srv/_package_SetGyroNoise.lisp, /home/kbhakta/my_git/epicIMU/devel/share/common-lisp/ros/ros_mscl/srv/_package_SetGyroNoise.lisp)
Linked: (/home/kbhakta/my_git/epicIMU/devel/.private/ros_mscl/share/common-lisp/ros/ros_mscl/srv/_package_GetAccelNoise.lisp, /home/kbhakta/my_git/epicIMU/devel/share/common-lisp/ros/ros_mscl/srv/_package_GetAccelNoise.lisp)
Linked: (/home/kbhakta/my_git/epicIMU/devel/.private/ros_mscl/share/common-lisp/ros/ros_mscl/srv/_package_SetAccelNoise.lisp, /home/kbhakta/my_git/epicIMU/devel/share/common-lisp/ros/ros_mscl/srv/_package_SetAccelNoise.lisp)
Linked: (/home/kbhakta/my_git/epicIMU/devel/.private/ros_mscl/share/common-lisp/ros/ros_mscl/srv/_package_GetSoftIronMatrix.lisp, /home/kbhakta/my_git/epicIMU/devel/share/common-lisp/ros/ros_mscl/srv/_package_GetSoftIronMatrix.lisp)
Linked: (/home/kbhakta/my_git/epicIMU/devel/.private/ros_mscl/share/common-lisp/ros/ros_mscl/srv/GetSensor2VehicleTransformation.lisp, /home/kbhakta/my_git/epicIMU/devel/share/common-lisp/ros/ros_mscl/srv/GetSensor2VehicleTransformation.lisp)
Linked: (/home/kbhakta/my_git/epicIMU/devel/.private/ros_mscl/share/common-lisp/ros/ros_mscl/srv/_package_GetSensor2VehicleRotation.lisp, /home/kbhakta/my_git/epicIMU/devel/share/common-lisp/ros/ros_mscl/srv/_package_GetSensor2VehicleRotation.lisp)
Linked: (/home/kbhakta/my_git/epicIMU/devel/.private/ros_mscl/share/common-lisp/ros/ros_mscl/srv/_package_SetHardIronValues.lisp, /home/kbhakta/my_git/epicIMU/devel/share/common-lisp/ros/ros_mscl/srv/_package_SetHardIronValues.lisp)
Linked: (/home/kbhakta/my_git/epicIMU/devel/.private/ros_mscl/share/common-lisp/ros/ros_mscl/srv/_package_SetAccelBias.lisp, /home/kbhakta/my_git/epicIMU/devel/share/common-lisp/ros/ros_mscl/srv/_package_SetAccelBias.lisp)
Linked: (/home/kbhakta/my_git/epicIMU/devel/.private/ros_mscl/share/common-lisp/ros/ros_mscl/srv/GetSoftIronMatrix.lisp, /home/kbhakta/my_git/epicIMU/devel/share/common-lisp/ros/ros_mscl/srv/GetSoftIronMatrix.lisp)
Linked: (/home/kbhakta/my_git/epicIMU/devel/.private/ros_mscl/share/common-lisp/ros/ros_mscl/srv/_package_GetHardIronValues.lisp, /home/kbhakta/my_git/epicIMU/devel/share/common-lisp/ros/ros_mscl/srv/_package_GetHardIronValues.lisp)
Linked: (/home/kbhakta/my_git/epicIMU/devel/.private/ros_mscl/share/common-lisp/ros/ros_mscl/srv/_package_GetReferencePosition.lisp, /home/kbhakta/my_git/epicIMU/devel/share/common-lisp/ros/ros_mscl/srv/_package_GetReferencePosition.lisp)
Linked: (/home/kbhakta/my_git/epicIMU/devel/.private/ros_mscl/share/common-lisp/ros/ros_mscl/srv/GetGyroBiasModel.lisp, /home/kbhakta/my_git/epicIMU/devel/share/common-lisp/ros/ros_mscl/srv/GetGyroBiasModel.lisp)
Linked: (/home/kbhakta/my_git/epicIMU/devel/.private/ros_mscl/share/common-lisp/ros/ros_mscl/srv/_package_InitFilterHeading.lisp, /home/kbhakta/my_git/epicIMU/devel/share/common-lisp/ros/ros_mscl/srv/_package_InitFilterHeading.lisp)
Linked: (/home/kbhakta/my_git/epicIMU/devel/.private/ros_mscl/share/common-lisp/ros/ros_mscl/srv/_package_SetHeadingSource.lisp, /home/kbhakta/my_git/epicIMU/devel/share/common-lisp/ros/ros_mscl/srv/_package_SetHeadingSource.lisp)
Linked: (/home/kbhakta/my_git/epicIMU/devel/.private/ros_mscl/share/common-lisp/ros/ros_mscl/srv/_package.lisp, /home/kbhakta/my_git/epicIMU/devel/share/common-lisp/ros/ros_mscl/srv/_package.lisp)
Linked: (/home/kbhakta/my_git/epicIMU/devel/.private/ros_mscl/share/common-lisp/ros/ros_mscl/srv/SetConingScullingComp.lisp, /home/kbhakta/my_git/epicIMU/devel/share/common-lisp/ros/ros_mscl/srv/SetConingScullingComp.lisp)
Linked: (/home/kbhakta/my_git/epicIMU/devel/.private/ros_mscl/share/common-lisp/ros/ros_mscl/srv/SetGravityAdaptiveVals.lisp, /home/kbhakta/my_git/epicIMU/devel/share/common-lisp/ros/ros_mscl/srv/SetGravityAdaptiveVals.lisp)
Linked: (/home/kbhakta/my_git/epicIMU/devel/.private/ros_mscl/share/common-lisp/ros/ros_mscl/srv/_package_SetGyroBiasModel.lisp, /home/kbhakta/my_git/epicIMU/devel/share/common-lisp/ros/ros_mscl/srv/_package_SetGyroBiasModel.lisp)
Linked: (/home/kbhakta/my_git/epicIMU/devel/.private/ros_mscl/share/common-lisp/ros/ros_mscl/srv/_package_InitFilterEuler.lisp, /home/kbhakta/my_git/epicIMU/devel/share/common-lisp/ros/ros_mscl/srv/_package_InitFilterEuler.lisp)
Linked: (/home/kbhakta/my_git/epicIMU/devel/.private/ros_mscl/share/common-lisp/ros/ros_mscl/srv/DeviceSettings.lisp, /home/kbhakta/my_git/epicIMU/devel/share/common-lisp/ros/ros_mscl/srv/DeviceSettings.lisp)
Linked: (/home/kbhakta/my_git/epicIMU/devel/.private/ros_mscl/share/common-lisp/ros/ros_mscl/srv/_package_SetGyroBias.lisp, /home/kbhakta/my_git/epicIMU/devel/share/common-lisp/ros/ros_mscl/srv/_package_SetGyroBias.lisp)
Linked: (/home/kbhakta/my_git/epicIMU/devel/.private/ros_mscl/share/common-lisp/ros/ros_mscl/srv/_package_GetGravityAdaptiveVals.lisp, /home/kbhakta/my_git/epicIMU/devel/share/common-lisp/ros/ros_mscl/srv/_package_GetGravityAdaptiveVals.lisp)
Linked: (/home/kbhakta/my_git/epicIMU/devel/.private/ros_mscl/share/common-lisp/ros/ros_mscl/srv/GetSensor2VehicleOffset.lisp, /home/kbhakta/my_git/epicIMU/devel/share/common-lisp/ros/ros_mscl/srv/GetSensor2VehicleOffset.lisp)
Linked: (/home/kbhakta/my_git/epicIMU/devel/.private/ros_mscl/share/common-lisp/ros/ros_mscl/srv/SetSensor2VehicleOffset.lisp, /home/kbhakta/my_git/epicIMU/devel/share/common-lisp/ros/ros_mscl/srv/SetSensor2VehicleOffset.lisp)
Linked: (/home/kbhakta/my_git/epicIMU/devel/.private/ros_mscl/share/common-lisp/ros/ros_mscl/srv/GetConingScullingComp.lisp, /home/kbhakta/my_git/epicIMU/devel/share/common-lisp/ros/ros_mscl/srv/GetConingScullingComp.lisp)
Linked: (/home/kbhakta/my_git/epicIMU/devel/.private/ros_mscl/share/common-lisp/ros/ros_mscl/srv/GetHeadingSource.lisp, /home/kbhakta/my_git/epicIMU/devel/share/common-lisp/ros/ros_mscl/srv/GetHeadingSource.lisp)
Linked: (/home/kbhakta/my_git/epicIMU/devel/.private/ros_mscl/share/common-lisp/ros/ros_mscl/srv/SetAccelBias.lisp, /home/kbhakta/my_git/epicIMU/devel/share/common-lisp/ros/ros_mscl/srv/SetAccelBias.lisp)
Linked: (/home/kbhakta/my_git/epicIMU/devel/.private/ros_mscl/share/common-lisp/ros/ros_mscl/srv/GetEstimationControlFlags.lisp, /home/kbhakta/my_git/epicIMU/devel/share/common-lisp/ros/ros_mscl/srv/GetEstimationControlFlags.lisp)
Linked: (/home/kbhakta/my_git/epicIMU/devel/.private/ros_mscl/share/common-lisp/ros/ros_mscl/srv/SetZeroVelocityUpdateThreshold.lisp, /home/kbhakta/my_git/epicIMU/devel/share/common-lisp/ros/ros_mscl/srv/SetZeroVelocityUpdateThreshold.lisp)
Linked: (/home/kbhakta/my_git/epicIMU/devel/.private/ros_mscl/share/common-lisp/ros/ros_mscl/srv/GetMagNoise.lisp, /home/kbhakta/my_git/epicIMU/devel/share/common-lisp/ros/ros_mscl/srv/GetMagNoise.lisp)
Linked: (/home/kbhakta/my_git/epicIMU/devel/.private/ros_mscl/share/common-lisp/ros/ros_mscl/srv/_package_SetAccelBiasModel.lisp, /home/kbhakta/my_git/epicIMU/devel/share/common-lisp/ros/ros_mscl/srv/_package_SetAccelBiasModel.lisp)
Linked: (/home/kbhakta/my_git/epicIMU/devel/.private/ros_mscl/share/common-lisp/ros/ros_mscl/srv/SetAccelAdaptiveVals.lisp, /home/kbhakta/my_git/epicIMU/devel/share/common-lisp/ros/ros_mscl/srv/SetAccelAdaptiveVals.lisp)
Linked: (/home/kbhakta/my_git/epicIMU/devel/.private/ros_mscl/share/common-lisp/ros/ros_mscl/srv/_package_GetMagAdaptiveVals.lisp, /home/kbhakta/my_git/epicIMU/devel/share/common-lisp/ros/ros_mscl/srv/_package_GetMagAdaptiveVals.lisp)
Linked: (/home/kbhakta/my_git/epicIMU/devel/.private/ros_mscl/share/common-lisp/ros/ros_mscl/srv/_package_SetEstimationControlFlags.lisp, /home/kbhakta/my_git/epicIMU/devel/share/common-lisp/ros/ros_mscl/srv/_package_SetEstimationControlFlags.lisp)
Linked: (/home/kbhakta/my_git/epicIMU/devel/.private/ros_mscl/share/common-lisp/ros/ros_mscl/srv/GetComplementaryFilter.lisp, /home/kbhakta/my_git/epicIMU/devel/share/common-lisp/ros/ros_mscl/srv/GetComplementaryFilter.lisp)
Linked: (/home/kbhakta/my_git/epicIMU/devel/.private/ros_mscl/share/common-lisp/ros/ros_mscl/srv/SetReferencePosition.lisp, /home/kbhakta/my_git/epicIMU/devel/share/common-lisp/ros/ros_mscl/srv/SetReferencePosition.lisp)
Linked: (/home/kbhakta/my_git/epicIMU/devel/.private/ros_mscl/share/common-lisp/ros/ros_mscl/srv/_package_GetZeroVelocityUpdateThreshold.lisp, /home/kbhakta/my_git/epicIMU/devel/share/common-lisp/ros/ros_mscl/srv/_package_GetZeroVelocityUpdateThreshold.lisp)
Linked: (/home/kbhakta/my_git/epicIMU/devel/.private/ros_mscl/share/common-lisp/ros/ros_mscl/srv/_package_SetSensor2VehicleOffset.lisp, /home/kbhakta/my_git/epicIMU/devel/share/common-lisp/ros/ros_mscl/srv/_package_SetSensor2VehicleOffset.lisp)
Linked: (/home/kbhakta/my_git/epicIMU/devel/.private/ros_mscl/share/common-lisp/ros/ros_mscl/srv/SetSoftIronMatrix.lisp, /home/kbhakta/my_git/epicIMU/devel/share/common-lisp/ros/ros_mscl/srv/SetSoftIronMatrix.lisp)
Linked: (/home/kbhakta/my_git/epicIMU/devel/.private/ros_mscl/share/common-lisp/ros/ros_mscl/srv/GetDynamicsMode.lisp, /home/kbhakta/my_git/epicIMU/devel/share/common-lisp/ros/ros_mscl/srv/GetDynamicsMode.lisp)
Linked: (/home/kbhakta/my_git/epicIMU/devel/.private/ros_mscl/share/common-lisp/ros/ros_mscl/srv/_package_DeviceSettings.lisp, /home/kbhakta/my_git/epicIMU/devel/share/common-lisp/ros/ros_mscl/srv/_package_DeviceSettings.lisp)
Linked: (/home/kbhakta/my_git/epicIMU/devel/.private/ros_mscl/share/common-lisp/ros/ros_mscl/srv/GetMagDipAdaptiveVals.lisp, /home/kbhakta/my_git/epicIMU/devel/share/common-lisp/ros/ros_mscl/srv/GetMagDipAdaptiveVals.lisp)
Linked: (/home/kbhakta/my_git/epicIMU/devel/.private/ros_mscl/share/common-lisp/ros/ros_mscl/srv/_package_SetComplementaryFilter.lisp, /home/kbhakta/my_git/epicIMU/devel/share/common-lisp/ros/ros_mscl/srv/_package_SetComplementaryFilter.lisp)
Linked: (/home/kbhakta/my_git/epicIMU/devel/.private/ros_mscl/share/common-lisp/ros/ros_mscl/srv/_package_GetSensor2VehicleTransformation.lisp, /home/kbhakta/my_git/epicIMU/devel/share/common-lisp/ros/ros_mscl/srv/_package_GetSensor2VehicleTransformation.lisp)
Linked: (/home/kbhakta/my_git/epicIMU/devel/.private/ros_mscl/share/common-lisp/ros/ros_mscl/srv/_package_SetGravityAdaptiveVals.lisp, /home/kbhakta/my_git/epicIMU/devel/share/common-lisp/ros/ros_mscl/srv/_package_SetGravityAdaptiveVals.lisp)
Linked: (/home/kbhakta/my_git/epicIMU/devel/.private/ros_mscl/share/common-lisp/ros/ros_mscl/srv/_package_GetMagNoise.lisp, /home/kbhakta/my_git/epicIMU/devel/share/common-lisp/ros/ros_mscl/srv/_package_GetMagNoise.lisp)
Linked: (/home/kbhakta/my_git/epicIMU/devel/.private/ros_mscl/share/common-lisp/ros/ros_mscl/srv/GetAccelBiasModel.lisp, /home/kbhakta/my_git/epicIMU/devel/share/common-lisp/ros/ros_mscl/srv/GetAccelBiasModel.lisp)
Linked: (/home/kbhakta/my_git/epicIMU/devel/.private/ros_mscl/share/common-lisp/ros/ros_mscl/srv/SetSensor2VehicleRotation.lisp, /home/kbhakta/my_git/epicIMU/devel/share/common-lisp/ros/ros_mscl/srv/SetSensor2VehicleRotation.lisp)
Linked: (/home/kbhakta/my_git/epicIMU/devel/.private/ros_mscl/share/common-lisp/ros/ros_mscl/srv/GetGravityAdaptiveVals.lisp, /home/kbhakta/my_git/epicIMU/devel/share/common-lisp/ros/ros_mscl/srv/GetGravityAdaptiveVals.lisp)
Linked: (/home/kbhakta/my_git/epicIMU/devel/.private/ros_mscl/share/common-lisp/ros/ros_mscl/srv/SetZeroAngleUpdateThreshold.lisp, /home/kbhakta/my_git/epicIMU/devel/share/common-lisp/ros/ros_mscl/srv/SetZeroAngleUpdateThreshold.lisp)
Linked: (/home/kbhakta/my_git/epicIMU/devel/.private/ros_mscl/share/common-lisp/ros/ros_mscl/srv/InitFilterEuler.lisp, /home/kbhakta/my_git/epicIMU/devel/share/common-lisp/ros/ros_mscl/srv/InitFilterEuler.lisp)
Linked: (/home/kbhakta/my_git/epicIMU/devel/.private/ros_mscl/share/common-lisp/ros/ros_mscl/srv/_package_GetMagDipAdaptiveVals.lisp, /home/kbhakta/my_git/epicIMU/devel/share/common-lisp/ros/ros_mscl/srv/_package_GetMagDipAdaptiveVals.lisp)
Linked: (/home/kbhakta/my_git/epicIMU/devel/.private/ros_mscl/share/common-lisp/ros/ros_mscl/srv/SetHeadingSource.lisp, /home/kbhakta/my_git/epicIMU/devel/share/common-lisp/ros/ros_mscl/srv/SetHeadingSource.lisp)
Linked: (/home/kbhakta/my_git/epicIMU/devel/.private/ros_mscl/share/common-lisp/ros/ros_mscl/srv/GetTareOrientation.lisp, /home/kbhakta/my_git/epicIMU/devel/share/common-lisp/ros/ros_mscl/srv/GetTareOrientation.lisp)
Linked: (/home/kbhakta/my_git/epicIMU/devel/.private/ros_mscl/share/common-lisp/ros/ros_mscl/srv/_package_GetGyroNoise.lisp, /home/kbhakta/my_git/epicIMU/devel/share/common-lisp/ros/ros_mscl/srv/_package_GetGyroNoise.lisp)
Linked: (/home/kbhakta/my_git/epicIMU/devel/.private/ros_mscl/share/common-lisp/ros/ros_mscl/srv/SetMagDipAdaptiveVals.lisp, /home/kbhakta/my_git/epicIMU/devel/share/common-lisp/ros/ros_mscl/srv/SetMagDipAdaptiveVals.lisp)
Linked: (/home/kbhakta/my_git/epicIMU/devel/.private/ros_mscl/share/common-lisp/ros/ros_mscl/srv/_package_SetSoftIronMatrix.lisp, /home/kbhakta/my_git/epicIMU/devel/share/common-lisp/ros/ros_mscl/srv/_package_SetSoftIronMatrix.lisp)
Linked: (/home/kbhakta/my_git/epicIMU/devel/.private/ros_mscl/share/common-lisp/ros/ros_mscl/srv/SetDynamicsMode.lisp, /home/kbhakta/my_git/epicIMU/devel/share/common-lisp/ros/ros_mscl/srv/SetDynamicsMode.lisp)
Linked: (/home/kbhakta/my_git/epicIMU/devel/.private/ros_mscl/share/common-lisp/ros/ros_mscl/srv/_package_SetMagAdaptiveVals.lisp, /home/kbhakta/my_git/epicIMU/devel/share/common-lisp/ros/ros_mscl/srv/_package_SetMagAdaptiveVals.lisp)
Linked: (/home/kbhakta/my_git/epicIMU/devel/.private/ros_mscl/share/common-lisp/ros/ros_mscl/srv/GetSensor2VehicleRotation.lisp, /home/kbhakta/my_git/epicIMU/devel/share/common-lisp/ros/ros_mscl/srv/GetSensor2VehicleRotation.lisp)
Linked: (/home/kbhakta/my_git/epicIMU/devel/.private/ros_mscl/share/common-lisp/ros/ros_mscl/srv/SetGyroNoise.lisp, /home/kbhakta/my_git/epicIMU/devel/share/common-lisp/ros/ros_mscl/srv/SetGyroNoise.lisp)
Linked: (/home/kbhakta/my_git/epicIMU/devel/.private/ros_mscl/share/common-lisp/ros/ros_mscl/srv/GetAccelNoise.lisp, /home/kbhakta/my_git/epicIMU/devel/share/common-lisp/ros/ros_mscl/srv/GetAccelNoise.lisp)
Linked: (/home/kbhakta/my_git/epicIMU/devel/.private/ros_mscl/share/common-lisp/ros/ros_mscl/srv/SetHardIronValues.lisp, /home/kbhakta/my_git/epicIMU/devel/share/common-lisp/ros/ros_mscl/srv/SetHardIronValues.lisp)
Linked: (/home/kbhakta/my_git/epicIMU/devel/.private/ros_mscl/share/common-lisp/ros/ros_mscl/srv/GetAccelBias.lisp, /home/kbhakta/my_git/epicIMU/devel/share/common-lisp/ros/ros_mscl/srv/GetAccelBias.lisp)
Linked: (/home/kbhakta/my_git/epicIMU/devel/.private/ros_mscl/share/common-lisp/ros/ros_mscl/srv/_package_SetZeroVelocityUpdateThreshold.lisp, /home/kbhakta/my_git/epicIMU/devel/share/common-lisp/ros/ros_mscl/srv/_package_SetZeroVelocityUpdateThreshold.lisp)
Linked: (/home/kbhakta/my_git/epicIMU/devel/.private/ros_mscl/share/common-lisp/ros/ros_mscl/srv/_package_GetSensor2VehicleOffset.lisp, /home/kbhakta/my_git/epicIMU/devel/share/common-lisp/ros/ros_mscl/srv/_package_GetSensor2VehicleOffset.lisp)
Linked: (/home/kbhakta/my_git/epicIMU/devel/.private/ros_mscl/share/common-lisp/ros/ros_mscl/srv/_package_GetHeadingSource.lisp, /home/kbhakta/my_git/epicIMU/devel/share/common-lisp/ros/ros_mscl/srv/_package_GetHeadingSource.lisp)
Linked: (/home/kbhakta/my_git/epicIMU/devel/.private/ros_mscl/share/common-lisp/ros/ros_mscl/srv/_package_GetGyroBiasModel.lisp, /home/kbhakta/my_git/epicIMU/devel/share/common-lisp/ros/ros_mscl/srv/_package_GetGyroBiasModel.lisp)
Linked: (/home/kbhakta/my_git/epicIMU/devel/.private/ros_mscl/share/common-lisp/ros/ros_mscl/srv/SetMagNoise.lisp, /home/kbhakta/my_git/epicIMU/devel/share/common-lisp/ros/ros_mscl/srv/SetMagNoise.lisp)
Linked: (/home/kbhakta/my_git/epicIMU/devel/.private/ros_mscl/share/common-lisp/ros/ros_mscl/srv/SetGyroBias.lisp, /home/kbhakta/my_git/epicIMU/devel/share/common-lisp/ros/ros_mscl/srv/SetGyroBias.lisp)
Linked: (/home/kbhakta/my_git/epicIMU/devel/.private/ros_mscl/share/common-lisp/ros/ros_mscl/srv/GetAccelAdaptiveVals.lisp, /home/kbhakta/my_git/epicIMU/devel/share/common-lisp/ros/ros_mscl/srv/GetAccelAdaptiveVals.lisp)
Linked: (/home/kbhakta/my_git/epicIMU/devel/.private/ros_mscl/share/common-lisp/ros/ros_mscl/srv/SetEstimationControlFlags.lisp, /home/kbhakta/my_git/epicIMU/devel/share/common-lisp/ros/ros_mscl/srv/SetEstimationControlFlags.lisp)
Linked: (/home/kbhakta/my_git/epicIMU/devel/.private/ros_mscl/share/common-lisp/ros/ros_mscl/srv/_package_SetSensor2VehicleRotation.lisp, /home/kbhakta/my_git/epicIMU/devel/share/common-lisp/ros/ros_mscl/srv/_package_SetSensor2VehicleRotation.lisp)
Linked: (/home/kbhakta/my_git/epicIMU/devel/.private/ros_mscl/share/common-lisp/ros/ros_mscl/srv/GetZeroAngleUpdateThreshold.lisp, /home/kbhakta/my_git/epicIMU/devel/share/common-lisp/ros/ros_mscl/srv/GetZeroAngleUpdateThreshold.lisp)
Linked: (/home/kbhakta/my_git/epicIMU/devel/.private/ros_mscl/share/common-lisp/ros/ros_mscl/srv/SetTareOrientation.lisp, /home/kbhakta/my_git/epicIMU/devel/share/common-lisp/ros/ros_mscl/srv/SetTareOrientation.lisp)
Linked: (/home/kbhakta/my_git/epicIMU/devel/.private/ros_mscl/share/common-lisp/ros/ros_mscl/srv/_package_GetConingScullingComp.lisp, /home/kbhakta/my_git/epicIMU/devel/share/common-lisp/ros/ros_mscl/srv/_package_GetConingScullingComp.lisp)
Linked: (/home/kbhakta/my_git/epicIMU/devel/.private/ros_mscl/share/common-lisp/ros/ros_mscl/srv/InitFilterHeading.lisp, /home/kbhakta/my_git/epicIMU/devel/share/common-lisp/ros/ros_mscl/srv/InitFilterHeading.lisp)
Linked: (/home/kbhakta/my_git/epicIMU/devel/.private/ros_mscl/share/common-lisp/ros/ros_mscl/srv/SetComplementaryFilter.lisp, /home/kbhakta/my_git/epicIMU/devel/share/common-lisp/ros/ros_mscl/srv/SetComplementaryFilter.lisp)
Linked: (/home/kbhakta/my_git/epicIMU/devel/.private/ros_mscl/share/common-lisp/ros/ros_mscl/srv/_package_GetAccelBiasModel.lisp, /home/kbhakta/my_git/epicIMU/devel/share/common-lisp/ros/ros_mscl/srv/_package_GetAccelBiasModel.lisp)
Linked: (/home/kbhakta/my_git/epicIMU/devel/.private/ros_mscl/share/common-lisp/ros/ros_mscl/srv/_package_SetRelativePositionReference.lisp, /home/kbhakta/my_git/epicIMU/devel/share/common-lisp/ros/ros_mscl/srv/_package_SetRelativePositionReference.lisp)
Linked: (/home/kbhakta/my_git/epicIMU/devel/.private/ros_mscl/share/common-lisp/ros/ros_mscl/srv/_package_SetZeroAngleUpdateThreshold.lisp, /home/kbhakta/my_git/epicIMU/devel/share/common-lisp/ros/ros_mscl/srv/_package_SetZeroAngleUpdateThreshold.lisp)
Linked: (/home/kbhakta/my_git/epicIMU/devel/.private/ros_mscl/share/common-lisp/ros/ros_mscl/srv/SetGyroBiasModel.lisp, /home/kbhakta/my_git/epicIMU/devel/share/common-lisp/ros/ros_mscl/srv/SetGyroBiasModel.lisp)
Linked: (/home/kbhakta/my_git/epicIMU/devel/.private/ros_mscl/share/common-lisp/ros/ros_mscl/srv/_package_ExternalHeadingUpdate.lisp, /home/kbhakta/my_git/epicIMU/devel/share/common-lisp/ros/ros_mscl/srv/_package_ExternalHeadingUpdate.lisp)
Linked: (/home/kbhakta/my_git/epicIMU/devel/.private/ros_mscl/share/common-lisp/ros/ros_mscl/srv/_package_SetAccelAdaptiveVals.lisp, /home/kbhakta/my_git/epicIMU/devel/share/common-lisp/ros/ros_mscl/srv/_package_SetAccelAdaptiveVals.lisp)
Linked: (/home/kbhakta/my_git/epicIMU/devel/.private/ros_mscl/share/common-lisp/ros/ros_mscl/srv/_package_SetConingScullingComp.lisp, /home/kbhakta/my_git/epicIMU/devel/share/common-lisp/ros/ros_mscl/srv/_package_SetConingScullingComp.lisp)
Linked: (/home/kbhakta/my_git/epicIMU/devel/.private/ros_mscl/share/common-lisp/ros/ros_mscl/srv/_package_GetRelativePositionReference.lisp, /home/kbhakta/my_git/epicIMU/devel/share/common-lisp/ros/ros_mscl/srv/_package_GetRelativePositionReference.lisp)
Linked: (/home/kbhakta/my_git/epicIMU/devel/.private/ros_mscl/share/common-lisp/ros/ros_mscl/srv/SetRelativePositionReference.lisp, /home/kbhakta/my_git/epicIMU/devel/share/common-lisp/ros/ros_mscl/srv/SetRelativePositionReference.lisp)
Linked: (/home/kbhakta/my_git/epicIMU/devel/.private/ros_mscl/share/common-lisp/ros/ros_mscl/srv/_package_SetDynamicsMode.lisp, /home/kbhakta/my_git/epicIMU/devel/share/common-lisp/ros/ros_mscl/srv/_package_SetDynamicsMode.lisp)
Linked: (/home/kbhakta/my_git/epicIMU/devel/.private/ros_mscl/share/common-lisp/ros/ros_mscl/srv/_package_GetEstimationControlFlags.lisp, /home/kbhakta/my_git/epicIMU/devel/share/common-lisp/ros/ros_mscl/srv/_package_GetEstimationControlFlags.lisp)
Linked: (/home/kbhakta/my_git/epicIMU/devel/.private/ros_mscl/share/common-lisp/ros/ros_mscl/srv/ros_mscl-srv.asd, /home/kbhakta/my_git/epicIMU/devel/share/common-lisp/ros/ros_mscl/srv/ros_mscl-srv.asd)
Linked: (/home/kbhakta/my_git/epicIMU/devel/.private/ros_mscl/share/common-lisp/ros/ros_mscl/srv/GetGyroNoise.lisp, /home/kbhakta/my_git/epicIMU/devel/share/common-lisp/ros/ros_mscl/srv/GetGyroNoise.lisp)
Linked: (/home/kbhakta/my_git/epicIMU/devel/.private/ros_mscl/share/common-lisp/ros/ros_mscl/srv/_package_GetDynamicsMode.lisp, /home/kbhakta/my_git/epicIMU/devel/share/common-lisp/ros/ros_mscl/srv/_package_GetDynamicsMode.lisp)
Linked: (/home/kbhakta/my_git/epicIMU/devel/.private/ros_mscl/share/common-lisp/ros/ros_mscl/srv/GetReferencePosition.lisp, /home/kbhakta/my_git/epicIMU/devel/share/common-lisp/ros/ros_mscl/srv/GetReferencePosition.lisp)
Linked: (/home/kbhakta/my_git/epicIMU/devel/.private/ros_mscl/share/common-lisp/ros/ros_mscl/srv/GetHardIronValues.lisp, /home/kbhakta/my_git/epicIMU/devel/share/common-lisp/ros/ros_mscl/srv/GetHardIronValues.lisp)
Linked: (/home/kbhakta/my_git/epicIMU/devel/.private/ros_mscl/share/common-lisp/ros/ros_mscl/srv/SetAccelBiasModel.lisp, /home/kbhakta/my_git/epicIMU/devel/share/common-lisp/ros/ros_mscl/srv/SetAccelBiasModel.lisp)
Linked: (/home/kbhakta/my_git/epicIMU/devel/.private/ros_mscl/share/common-lisp/ros/ros_mscl/srv/_package_SetTareOrientation.lisp, /home/kbhakta/my_git/epicIMU/devel/share/common-lisp/ros/ros_mscl/srv/_package_SetTareOrientation.lisp)
Linked: (/home/kbhakta/my_git/epicIMU/devel/.private/ros_mscl/share/common-lisp/ros/ros_mscl/srv/_package_GetZeroAngleUpdateThreshold.lisp, /home/kbhakta/my_git/epicIMU/devel/share/common-lisp/ros/ros_mscl/srv/_package_GetZeroAngleUpdateThreshold.lisp)
Linked: (/home/kbhakta/my_git/epicIMU/devel/.private/ros_mscl/include/ros_mscl/ExternalHeadingUpdate.h, /home/kbhakta/my_git/epicIMU/devel/include/ros_mscl/ExternalHeadingUpdate.h)
Linked: (/home/kbhakta/my_git/epicIMU/devel/.private/ros_mscl/include/ros_mscl/ExternalHeadingUpdateResponse.h, /home/kbhakta/my_git/epicIMU/devel/include/ros_mscl/ExternalHeadingUpdateResponse.h)
Linked: (/home/kbhakta/my_git/epicIMU/devel/.private/ros_mscl/include/ros_mscl/SetMagAdaptiveValsRequest.h, /home/kbhakta/my_git/epicIMU/devel/include/ros_mscl/SetMagAdaptiveValsRequest.h)
Linked: (/home/kbhakta/my_git/epicIMU/devel/.private/ros_mscl/include/ros_mscl/GetEstimationControlFlagsRequest.h, /home/kbhakta/my_git/epicIMU/devel/include/ros_mscl/GetEstimationControlFlagsRequest.h)
Linked: (/home/kbhakta/my_git/epicIMU/devel/.private/ros_mscl/include/ros_mscl/SetZeroVelocityUpdateThreshold.h, /home/kbhakta/my_git/epicIMU/devel/include/ros_mscl/SetZeroVelocityUpdateThreshold.h)
Linked: (/home/kbhakta/my_git/epicIMU/devel/.private/ros_mscl/include/ros_mscl/GetTareOrientationResponse.h, /home/kbhakta/my_git/epicIMU/devel/include/ros_mscl/GetTareOrientationResponse.h)
Linked: (/home/kbhakta/my_git/epicIMU/devel/.private/ros_mscl/include/ros_mscl/GetComplementaryFilterResponse.h, /home/kbhakta/my_git/epicIMU/devel/include/ros_mscl/GetComplementaryFilterResponse.h)
Linked: (/home/kbhakta/my_git/epicIMU/devel/.private/ros_mscl/include/ros_mscl/GetSensor2VehicleOffset.h, /home/kbhakta/my_git/epicIMU/devel/include/ros_mscl/GetSensor2VehicleOffset.h)
Linked: (/home/kbhakta/my_git/epicIMU/devel/.private/ros_mscl/include/ros_mscl/SetEstimationControlFlagsResponse.h, /home/kbhakta/my_git/epicIMU/devel/include/ros_mscl/SetEstimationControlFlagsResponse.h)
Linked: (/home/kbhakta/my_git/epicIMU/devel/.private/ros_mscl/include/ros_mscl/SetHardIronValuesRequest.h, /home/kbhakta/my_git/epicIMU/devel/include/ros_mscl/SetHardIronValuesRequest.h)
Linked: (/home/kbhakta/my_git/epicIMU/devel/.private/ros_mscl/include/ros_mscl/GetRelativePositionReferenceResponse.h, /home/kbhakta/my_git/epicIMU/devel/include/ros_mscl/GetRelativePositionReferenceResponse.h)
Linked: (/home/kbhakta/my_git/epicIMU/devel/.private/ros_mscl/include/ros_mscl/SetConingScullingCompResponse.h, /home/kbhakta/my_git/epicIMU/devel/include/ros_mscl/SetConingScullingCompResponse.h)
Linked: (/home/kbhakta/my_git/epicIMU/devel/.private/ros_mscl/include/ros_mscl/SetMagAdaptiveVals.h, /home/kbhakta/my_git/epicIMU/devel/include/ros_mscl/SetMagAdaptiveVals.h)
Linked: (/home/kbhakta/my_git/epicIMU/devel/.private/ros_mscl/include/ros_mscl/ExternalHeadingUpdateRequest.h, /home/kbhakta/my_git/epicIMU/devel/include/ros_mscl/ExternalHeadingUpdateRequest.h)
Linked: (/home/kbhakta/my_git/epicIMU/devel/.private/ros_mscl/include/ros_mscl/GetHardIronValuesRequest.h, /home/kbhakta/my_git/epicIMU/devel/include/ros_mscl/GetHardIronValuesRequest.h)
Linked: (/home/kbhakta/my_git/epicIMU/devel/.private/ros_mscl/include/ros_mscl/SetAccelBiasRequest.h, /home/kbhakta/my_git/epicIMU/devel/include/ros_mscl/SetAccelBiasRequest.h)
Linked: (/home/kbhakta/my_git/epicIMU/devel/.private/ros_mscl/include/ros_mscl/GetReferencePosition.h, /home/kbhakta/my_git/epicIMU/devel/include/ros_mscl/GetReferencePosition.h)
Linked: (/home/kbhakta/my_git/epicIMU/devel/.private/ros_mscl/include/ros_mscl/GetDynamicsModeResponse.h, /home/kbhakta/my_git/epicIMU/devel/include/ros_mscl/GetDynamicsModeResponse.h)
Linked: (/home/kbhakta/my_git/epicIMU/devel/.private/ros_mscl/include/ros_mscl/GetHardIronValuesResponse.h, /home/kbhakta/my_git/epicIMU/devel/include/ros_mscl/GetHardIronValuesResponse.h)
Linked: (/home/kbhakta/my_git/epicIMU/devel/.private/ros_mscl/include/ros_mscl/SetGravityAdaptiveValsRequest.h, /home/kbhakta/my_git/epicIMU/devel/include/ros_mscl/SetGravityAdaptiveValsRequest.h)
Linked: (/home/kbhakta/my_git/epicIMU/devel/.private/ros_mscl/include/ros_mscl/GetGyroBiasRequest.h, /home/kbhakta/my_git/epicIMU/devel/include/ros_mscl/GetGyroBiasRequest.h)
Linked: (/home/kbhakta/my_git/epicIMU/devel/.private/ros_mscl/include/ros_mscl/InitFilterHeadingRequest.h, /home/kbhakta/my_git/epicIMU/devel/include/ros_mscl/InitFilterHeadingRequest.h)
Linked: (/home/kbhakta/my_git/epicIMU/devel/.private/ros_mscl/include/ros_mscl/GetSensor2VehicleTransformationResponse.h, /home/kbhakta/my_git/epicIMU/devel/include/ros_mscl/GetSensor2VehicleTransformationResponse.h)
Linked: (/home/kbhakta/my_git/epicIMU/devel/.private/ros_mscl/include/ros_mscl/SetEstimationControlFlagsRequest.h, /home/kbhakta/my_git/epicIMU/devel/include/ros_mscl/SetEstimationControlFlagsRequest.h)
Linked: (/home/kbhakta/my_git/epicIMU/devel/.private/ros_mscl/include/ros_mscl/GetSoftIronMatrixRequest.h, /home/kbhakta/my_git/epicIMU/devel/include/ros_mscl/GetSoftIronMatrixRequest.h)
Linked: (/home/kbhakta/my_git/epicIMU/devel/.private/ros_mscl/include/ros_mscl/InitFilterEulerResponse.h, /home/kbhakta/my_git/epicIMU/devel/include/ros_mscl/InitFilterEulerResponse.h)
Linked: (/home/kbhakta/my_git/epicIMU/devel/.private/ros_mscl/include/ros_mscl/GetConingScullingComp.h, /home/kbhakta/my_git/epicIMU/devel/include/ros_mscl/GetConingScullingComp.h)
Linked: (/home/kbhakta/my_git/epicIMU/devel/.private/ros_mscl/include/ros_mscl/SetSoftIronMatrixRequest.h, /home/kbhakta/my_git/epicIMU/devel/include/ros_mscl/SetSoftIronMatrixRequest.h)
Linked: (/home/kbhakta/my_git/epicIMU/devel/.private/ros_mscl/include/ros_mscl/SetRelativePositionReference.h, /home/kbhakta/my_git/epicIMU/devel/include/ros_mscl/SetRelativePositionReference.h)
Linked: (/home/kbhakta/my_git/epicIMU/devel/.private/ros_mscl/include/ros_mscl/GetAccelBiasModelRequest.h, /home/kbhakta/my_git/epicIMU/devel/include/ros_mscl/GetAccelBiasModelRequest.h)
Linked: (/home/kbhakta/my_git/epicIMU/devel/.private/ros_mscl/include/ros_mscl/SetComplementaryFilterResponse.h, /home/kbhakta/my_git/epicIMU/devel/include/ros_mscl/SetComplementaryFilterResponse.h)
Linked: (/home/kbhakta/my_git/epicIMU/devel/.private/ros_mscl/include/ros_mscl/SetAccelBiasModelRequest.h, /home/kbhakta/my_git/epicIMU/devel/include/ros_mscl/SetAccelBiasModelRequest.h)
Linked: (/home/kbhakta/my_git/epicIMU/devel/.private/ros_mscl/include/ros_mscl/SetHeadingSourceResponse.h, /home/kbhakta/my_git/epicIMU/devel/include/ros_mscl/SetHeadingSourceResponse.h)
Linked: (/home/kbhakta/my_git/epicIMU/devel/.private/ros_mscl/include/ros_mscl/GetAccelBiasModel.h, /home/kbhakta/my_git/epicIMU/devel/include/ros_mscl/GetAccelBiasModel.h)
Linked: (/home/kbhakta/my_git/epicIMU/devel/.private/ros_mscl/include/ros_mscl/GetReferencePositionRequest.h, /home/kbhakta/my_git/epicIMU/devel/include/ros_mscl/GetReferencePositionRequest.h)
Linked: (/home/kbhakta/my_git/epicIMU/devel/.private/ros_mscl/include/ros_mscl/GetGyroBiasModelResponse.h, /home/kbhakta/my_git/epicIMU/devel/include/ros_mscl/GetGyroBiasModelResponse.h)
Linked: (/home/kbhakta/my_git/epicIMU/devel/.private/ros_mscl/include/ros_mscl/GetMagNoiseRequest.h, /home/kbhakta/my_git/epicIMU/devel/include/ros_mscl/GetMagNoiseRequest.h)
Linked: (/home/kbhakta/my_git/epicIMU/devel/.private/ros_mscl/include/ros_mscl/SetDynamicsMode.h, /home/kbhakta/my_git/epicIMU/devel/include/ros_mscl/SetDynamicsMode.h)
Linked: (/home/kbhakta/my_git/epicIMU/devel/.private/ros_mscl/include/ros_mscl/SetMagNoiseRequest.h, /home/kbhakta/my_git/epicIMU/devel/include/ros_mscl/SetMagNoiseRequest.h)
Linked: (/home/kbhakta/my_git/epicIMU/devel/.private/ros_mscl/include/ros_mscl/GetComplementaryFilterRequest.h, /home/kbhakta/my_git/epicIMU/devel/include/ros_mscl/GetComplementaryFilterRequest.h)
Linked: (/home/kbhakta/my_git/epicIMU/devel/.private/ros_mscl/include/ros_mscl/SetHardIronValuesResponse.h, /home/kbhakta/my_git/epicIMU/devel/include/ros_mscl/SetHardIronValuesResponse.h)
Linked: (/home/kbhakta/my_git/epicIMU/devel/.private/ros_mscl/include/ros_mscl/InitFilterHeadingResponse.h, /home/kbhakta/my_git/epicIMU/devel/include/ros_mscl/InitFilterHeadingResponse.h)
Linked: (/home/kbhakta/my_git/epicIMU/devel/.private/ros_mscl/include/ros_mscl/SetSensor2VehicleRotationRequest.h, /home/kbhakta/my_git/epicIMU/devel/include/ros_mscl/SetSensor2VehicleRotationRequest.h)
Linked: (/home/kbhakta/my_git/epicIMU/devel/.private/ros_mscl/include/ros_mscl/GetConingScullingCompRequest.h, /home/kbhakta/my_git/epicIMU/devel/include/ros_mscl/GetConingScullingCompRequest.h)
Linked: (/home/kbhakta/my_git/epicIMU/devel/.private/ros_mscl/include/ros_mscl/SetMagAdaptiveValsResponse.h, /home/kbhakta/my_git/epicIMU/devel/include/ros_mscl/SetMagAdaptiveValsResponse.h)
Linked: (/home/kbhakta/my_git/epicIMU/devel/.private/ros_mscl/include/ros_mscl/GetGyroBiasModelRequest.h, /home/kbhakta/my_git/epicIMU/devel/include/ros_mscl/GetGyroBiasModelRequest.h)
Linked: (/home/kbhakta/my_git/epicIMU/devel/.private/ros_mscl/include/ros_mscl/SetZeroAngleUpdateThresholdRequest.h, /home/kbhakta/my_git/epicIMU/devel/include/ros_mscl/SetZeroAngleUpdateThresholdRequest.h)
Linked: (/home/kbhakta/my_git/epicIMU/devel/.private/ros_mscl/include/ros_mscl/GetRelativePositionReference.h, /home/kbhakta/my_git/epicIMU/devel/include/ros_mscl/GetRelativePositionReference.h)
Linked: (/home/kbhakta/my_git/epicIMU/devel/.private/ros_mscl/include/ros_mscl/SetSoftIronMatrixResponse.h, /home/kbhakta/my_git/epicIMU/devel/include/ros_mscl/SetSoftIronMatrixResponse.h)
Linked: (/home/kbhakta/my_git/epicIMU/devel/.private/ros_mscl/include/ros_mscl/GetZeroAngleUpdateThreshold.h, /home/kbhakta/my_git/epicIMU/devel/include/ros_mscl/GetZeroAngleUpdateThreshold.h)
Linked: (/home/kbhakta/my_git/epicIMU/devel/.private/ros_mscl/include/ros_mscl/SetTareOrientationResponse.h, /home/kbhakta/my_git/epicIMU/devel/include/ros_mscl/SetTareOrientationResponse.h)
Linked: (/home/kbhakta/my_git/epicIMU/devel/.private/ros_mscl/include/ros_mscl/GetSensor2VehicleTransformationRequest.h, /home/kbhakta/my_git/epicIMU/devel/include/ros_mscl/GetSensor2VehicleTransformationRequest.h)
Linked: (/home/kbhakta/my_git/epicIMU/devel/.private/ros_mscl/include/ros_mscl/GetAccelBias.h, /home/kbhakta/my_git/epicIMU/devel/include/ros_mscl/GetAccelBias.h)
Linked: (/home/kbhakta/my_git/epicIMU/devel/.private/ros_mscl/include/ros_mscl/GetSensor2VehicleOffsetRequest.h, /home/kbhakta/my_git/epicIMU/devel/include/ros_mscl/GetSensor2VehicleOffsetRequest.h)
Linked: (/home/kbhakta/my_git/epicIMU/devel/.private/ros_mscl/include/ros_mscl/SetConingScullingCompRequest.h, /home/kbhakta/my_git/epicIMU/devel/include/ros_mscl/SetConingScullingCompRequest.h)
Linked: (/home/kbhakta/my_git/epicIMU/devel/.private/ros_mscl/include/ros_mscl/SetMagDipAdaptiveValsResponse.h, /home/kbhakta/my_git/epicIMU/devel/include/ros_mscl/SetMagDipAdaptiveValsResponse.h)
Linked: (/home/kbhakta/my_git/epicIMU/devel/.private/ros_mscl/include/ros_mscl/SetMagDipAdaptiveValsRequest.h, /home/kbhakta/my_git/epicIMU/devel/include/ros_mscl/SetMagDipAdaptiveValsRequest.h)
Linked: (/home/kbhakta/my_git/epicIMU/devel/.private/ros_mscl/include/ros_mscl/GetAccelBiasResponse.h, /home/kbhakta/my_git/epicIMU/devel/include/ros_mscl/GetAccelBiasResponse.h)
Linked: (/home/kbhakta/my_git/epicIMU/devel/.private/ros_mscl/include/ros_mscl/GetMagAdaptiveVals.h, /home/kbhakta/my_git/epicIMU/devel/include/ros_mscl/GetMagAdaptiveVals.h)
Linked: (/home/kbhakta/my_git/epicIMU/devel/.private/ros_mscl/include/ros_mscl/SetGyroNoise.h, /home/kbhakta/my_git/epicIMU/devel/include/ros_mscl/SetGyroNoise.h)
Linked: (/home/kbhakta/my_git/epicIMU/devel/.private/ros_mscl/include/ros_mscl/SetZeroVelocityUpdateThresholdResponse.h, /home/kbhakta/my_git/epicIMU/devel/include/ros_mscl/SetZeroVelocityUpdateThresholdResponse.h)
Linked: (/home/kbhakta/my_git/epicIMU/devel/.private/ros_mscl/include/ros_mscl/SetGyroBias.h, /home/kbhakta/my_git/epicIMU/devel/include/ros_mscl/SetGyroBias.h)
Linked: (/home/kbhakta/my_git/epicIMU/devel/.private/ros_mscl/include/ros_mscl/GetGravityAdaptiveValsResponse.h, /home/kbhakta/my_git/epicIMU/devel/include/ros_mscl/GetGravityAdaptiveValsResponse.h)
Linked: (/home/kbhakta/my_git/epicIMU/devel/.private/ros_mscl/include/ros_mscl/SetGyroNoiseResponse.h, /home/kbhakta/my_git/epicIMU/devel/include/ros_mscl/SetGyroNoiseResponse.h)
Linked: (/home/kbhakta/my_git/epicIMU/devel/.private/ros_mscl/include/ros_mscl/SetAccelBias.h, /home/kbhakta/my_git/epicIMU/devel/include/ros_mscl/SetAccelBias.h)
Linked: (/home/kbhakta/my_git/epicIMU/devel/.private/ros_mscl/include/ros_mscl/GetMagAdaptiveValsResponse.h, /home/kbhakta/my_git/epicIMU/devel/include/ros_mscl/GetMagAdaptiveValsResponse.h)
Linked: (/home/kbhakta/my_git/epicIMU/devel/.private/ros_mscl/include/ros_mscl/InitFilterEuler.h, /home/kbhakta/my_git/epicIMU/devel/include/ros_mscl/InitFilterEuler.h)
Linked: (/home/kbhakta/my_git/epicIMU/devel/.private/ros_mscl/include/ros_mscl/SetAccelAdaptiveValsResponse.h, /home/kbhakta/my_git/epicIMU/devel/include/ros_mscl/SetAccelAdaptiveValsResponse.h)
Linked: (/home/kbhakta/my_git/epicIMU/devel/.private/ros_mscl/include/ros_mscl/GetMagDipAdaptiveValsResponse.h, /home/kbhakta/my_git/epicIMU/devel/include/ros_mscl/GetMagDipAdaptiveValsResponse.h)
Linked: (/home/kbhakta/my_git/epicIMU/devel/.private/ros_mscl/include/ros_mscl/SetComplementaryFilterRequest.h, /home/kbhakta/my_git/epicIMU/devel/include/ros_mscl/SetComplementaryFilterRequest.h)
Linked: (/home/kbhakta/my_git/epicIMU/devel/.private/ros_mscl/include/ros_mscl/SetEstimationControlFlags.h, /home/kbhakta/my_git/epicIMU/devel/include/ros_mscl/SetEstimationControlFlags.h)
Linked: (/home/kbhakta/my_git/epicIMU/devel/.private/ros_mscl/include/ros_mscl/SetGyroBiasModelResponse.h, /home/kbhakta/my_git/epicIMU/devel/include/ros_mscl/SetGyroBiasModelResponse.h)
Linked: (/home/kbhakta/my_git/epicIMU/devel/.private/ros_mscl/include/ros_mscl/SetSoftIronMatrix.h, /home/kbhakta/my_git/epicIMU/devel/include/ros_mscl/SetSoftIronMatrix.h)
Linked: (/home/kbhakta/my_git/epicIMU/devel/.private/ros_mscl/include/ros_mscl/SetHeadingSourceRequest.h, /home/kbhakta/my_git/epicIMU/devel/include/ros_mscl/SetHeadingSourceRequest.h)
Linked: (/home/kbhakta/my_git/epicIMU/devel/.private/ros_mscl/include/ros_mscl/GetGravityAdaptiveValsRequest.h, /home/kbhakta/my_git/epicIMU/devel/include/ros_mscl/GetGravityAdaptiveValsRequest.h)
Linked: (/home/kbhakta/my_git/epicIMU/devel/.private/ros_mscl/include/ros_mscl/GetConingScullingCompResponse.h, /home/kbhakta/my_git/epicIMU/devel/include/ros_mscl/GetConingScullingCompResponse.h)
Linked: (/home/kbhakta/my_git/epicIMU/devel/.private/ros_mscl/include/ros_mscl/GetHeadingSourceResponse.h, /home/kbhakta/my_git/epicIMU/devel/include/ros_mscl/GetHeadingSourceResponse.h)
Linked: (/home/kbhakta/my_git/epicIMU/devel/.private/ros_mscl/include/ros_mscl/GetAccelBiasModelResponse.h, /home/kbhakta/my_git/epicIMU/devel/include/ros_mscl/GetAccelBiasModelResponse.h)
Linked: (/home/kbhakta/my_git/epicIMU/devel/.private/ros_mscl/include/ros_mscl/SetReferencePositionResponse.h, /home/kbhakta/my_git/epicIMU/devel/include/ros_mscl/SetReferencePositionResponse.h)
Linked: (/home/kbhakta/my_git/epicIMU/devel/.private/ros_mscl/include/ros_mscl/GetGyroNoiseRequest.h, /home/kbhakta/my_git/epicIMU/devel/include/ros_mscl/GetGyroNoiseRequest.h)
Linked: (/home/kbhakta/my_git/epicIMU/devel/.private/ros_mscl/include/ros_mscl/SetReferencePositionRequest.h, /home/kbhakta/my_git/epicIMU/devel/include/ros_mscl/SetReferencePositionRequest.h)
Linked: (/home/kbhakta/my_git/epicIMU/devel/.private/ros_mscl/include/ros_mscl/GetGyroNoiseResponse.h, /home/kbhakta/my_git/epicIMU/devel/include/ros_mscl/GetGyroNoiseResponse.h)
Linked: (/home/kbhakta/my_git/epicIMU/devel/.private/ros_mscl/include/ros_mscl/SetGravityAdaptiveVals.h, /home/kbhakta/my_git/epicIMU/devel/include/ros_mscl/SetGravityAdaptiveVals.h)
Linked: (/home/kbhakta/my_git/epicIMU/devel/.private/ros_mscl/include/ros_mscl/SetMagDipAdaptiveVals.h, /home/kbhakta/my_git/epicIMU/devel/include/ros_mscl/SetMagDipAdaptiveVals.h)
Linked: (/home/kbhakta/my_git/epicIMU/devel/.private/ros_mscl/include/ros_mscl/GetSensor2VehicleRotationRequest.h, /home/kbhakta/my_git/epicIMU/devel/include/ros_mscl/GetSensor2VehicleRotationRequest.h)
Linked: (/home/kbhakta/my_git/epicIMU/devel/.private/ros_mscl/include/ros_mscl/SetHardIronValues.h, /home/kbhakta/my_git/epicIMU/devel/include/ros_mscl/SetHardIronValues.h)
Linked: (/home/kbhakta/my_git/epicIMU/devel/.private/ros_mscl/include/ros_mscl/GetDynamicsModeRequest.h, /home/kbhakta/my_git/epicIMU/devel/include/ros_mscl/GetDynamicsModeRequest.h)
Linked: (/home/kbhakta/my_git/epicIMU/devel/.private/ros_mscl/include/ros_mscl/GetSensor2VehicleRotationResponse.h, /home/kbhakta/my_git/epicIMU/devel/include/ros_mscl/GetSensor2VehicleRotationResponse.h)
Linked: (/home/kbhakta/my_git/epicIMU/devel/.private/ros_mscl/include/ros_mscl/GetGyroBiasResponse.h, /home/kbhakta/my_git/epicIMU/devel/include/ros_mscl/GetGyroBiasResponse.h)
Linked: (/home/kbhakta/my_git/epicIMU/devel/.private/ros_mscl/include/ros_mscl/SetSensor2VehicleOffset.h, /home/kbhakta/my_git/epicIMU/devel/include/ros_mscl/SetSensor2VehicleOffset.h)
Linked: (/home/kbhakta/my_git/epicIMU/devel/.private/ros_mscl/include/ros_mscl/GetMagNoise.h, /home/kbhakta/my_git/epicIMU/devel/include/ros_mscl/GetMagNoise.h)
Linked: (/home/kbhakta/my_git/epicIMU/devel/.private/ros_mscl/include/ros_mscl/GetSensor2VehicleTransformation.h, /home/kbhakta/my_git/epicIMU/devel/include/ros_mscl/GetSensor2VehicleTransformation.h)
Linked: (/home/kbhakta/my_git/epicIMU/devel/.private/ros_mscl/include/ros_mscl/SetSensor2VehicleRotation.h, /home/kbhakta/my_git/epicIMU/devel/include/ros_mscl/SetSensor2VehicleRotation.h)
Linked: (/home/kbhakta/my_git/epicIMU/devel/.private/ros_mscl/include/ros_mscl/SetGyroBiasModelRequest.h, /home/kbhakta/my_git/epicIMU/devel/include/ros_mscl/SetGyroBiasModelRequest.h)
Linked: (/home/kbhakta/my_git/epicIMU/devel/.private/ros_mscl/include/ros_mscl/SetAccelBiasResponse.h, /home/kbhakta/my_git/epicIMU/devel/include/ros_mscl/SetAccelBiasResponse.h)
Linked: (/home/kbhakta/my_git/epicIMU/devel/.private/ros_mscl/include/ros_mscl/GetSensor2VehicleOffsetResponse.h, /home/kbhakta/my_git/epicIMU/devel/include/ros_mscl/GetSensor2VehicleOffsetResponse.h)
Linked: (/home/kbhakta/my_git/epicIMU/devel/.private/ros_mscl/include/ros_mscl/SetReferencePosition.h, /home/kbhakta/my_git/epicIMU/devel/include/ros_mscl/SetReferencePosition.h)
Linked: (/home/kbhakta/my_git/epicIMU/devel/.private/ros_mscl/include/ros_mscl/GetZeroAngleUpdateThresholdResponse.h, /home/kbhakta/my_git/epicIMU/devel/include/ros_mscl/GetZeroAngleUpdateThresholdResponse.h)
Linked: (/home/kbhakta/my_git/epicIMU/devel/.private/ros_mscl/include/ros_mscl/GetMagDipAdaptiveVals.h, /home/kbhakta/my_git/epicIMU/devel/include/ros_mscl/GetMagDipAdaptiveVals.h)
Linked: (/home/kbhakta/my_git/epicIMU/devel/.private/ros_mscl/include/ros_mscl/SetAccelNoise.h, /home/kbhakta/my_git/epicIMU/devel/include/ros_mscl/SetAccelNoise.h)
Linked: (/home/kbhakta/my_git/epicIMU/devel/.private/ros_mscl/include/ros_mscl/SetGyroBiasModel.h, /home/kbhakta/my_git/epicIMU/devel/include/ros_mscl/SetGyroBiasModel.h)
Linked: (/home/kbhakta/my_git/epicIMU/devel/.private/ros_mscl/include/ros_mscl/SetTareOrientation.h, /home/kbhakta/my_git/epicIMU/devel/include/ros_mscl/SetTareOrientation.h)
Linked: (/home/kbhakta/my_git/epicIMU/devel/.private/ros_mscl/include/ros_mscl/InitFilterEulerRequest.h, /home/kbhakta/my_git/epicIMU/devel/include/ros_mscl/InitFilterEulerRequest.h)
Linked: (/home/kbhakta/my_git/epicIMU/devel/.private/ros_mscl/include/ros_mscl/GetEstimationControlFlags.h, /home/kbhakta/my_git/epicIMU/devel/include/ros_mscl/GetEstimationControlFlags.h)
Linked: (/home/kbhakta/my_git/epicIMU/devel/.private/ros_mscl/include/ros_mscl/SetSensor2VehicleOffsetRequest.h, /home/kbhakta/my_git/epicIMU/devel/include/ros_mscl/SetSensor2VehicleOffsetRequest.h)
Linked: (/home/kbhakta/my_git/epicIMU/devel/.private/ros_mscl/include/ros_mscl/SetRelativePositionReferenceResponse.h, /home/kbhakta/my_git/epicIMU/devel/include/ros_mscl/SetRelativePositionReferenceResponse.h)
Linked: (/home/kbhakta/my_git/epicIMU/devel/.private/ros_mscl/include/ros_mscl/SetGyroNoiseRequest.h, /home/kbhakta/my_git/epicIMU/devel/include/ros_mscl/SetGyroNoiseRequest.h)
Linked: (/home/kbhakta/my_git/epicIMU/devel/.private/ros_mscl/include/ros_mscl/SetComplementaryFilter.h, /home/kbhakta/my_git/epicIMU/devel/include/ros_mscl/SetComplementaryFilter.h)
Linked: (/home/kbhakta/my_git/epicIMU/devel/.private/ros_mscl/include/ros_mscl/SetSensor2VehicleOffsetResponse.h, /home/kbhakta/my_git/epicIMU/devel/include/ros_mscl/SetSensor2VehicleOffsetResponse.h)
Linked: (/home/kbhakta/my_git/epicIMU/devel/.private/ros_mscl/include/ros_mscl/InitFilterHeading.h, /home/kbhakta/my_git/epicIMU/devel/include/ros_mscl/InitFilterHeading.h)
Linked: (/home/kbhakta/my_git/epicIMU/devel/.private/ros_mscl/include/ros_mscl/SetZeroAngleUpdateThreshold.h, /home/kbhakta/my_git/epicIMU/devel/include/ros_mscl/SetZeroAngleUpdateThreshold.h)
Linked: (/home/kbhakta/my_git/epicIMU/devel/.private/ros_mscl/include/ros_mscl/GetMagAdaptiveValsRequest.h, /home/kbhakta/my_git/epicIMU/devel/include/ros_mscl/GetMagAdaptiveValsRequest.h)
Linked: (/home/kbhakta/my_git/epicIMU/devel/.private/ros_mscl/include/ros_mscl/GetHeadingSourceRequest.h, /home/kbhakta/my_git/epicIMU/devel/include/ros_mscl/GetHeadingSourceRequest.h)
Linked: (/home/kbhakta/my_git/epicIMU/devel/.private/ros_mscl/include/ros_mscl/SetAccelBiasModelResponse.h, /home/kbhakta/my_git/epicIMU/devel/include/ros_mscl/SetAccelBiasModelResponse.h)
Linked: (/home/kbhakta/my_git/epicIMU/devel/.private/ros_mscl/include/ros_mscl/SetAccelBiasModel.h, /home/kbhakta/my_git/epicIMU/devel/include/ros_mscl/SetAccelBiasModel.h)
Linked: (/home/kbhakta/my_git/epicIMU/devel/.private/ros_mscl/include/ros_mscl/SetSensor2VehicleRotationResponse.h, /home/kbhakta/my_git/epicIMU/devel/include/ros_mscl/SetSensor2VehicleRotationResponse.h)
Linked: (/home/kbhakta/my_git/epicIMU/devel/.private/ros_mscl/include/ros_mscl/SetConingScullingComp.h, /home/kbhakta/my_git/epicIMU/devel/include/ros_mscl/SetConingScullingComp.h)
Linked: (/home/kbhakta/my_git/epicIMU/devel/.private/ros_mscl/include/ros_mscl/GetAccelBiasRequest.h, /home/kbhakta/my_git/epicIMU/devel/include/ros_mscl/GetAccelBiasRequest.h)
Linked: (/home/kbhakta/my_git/epicIMU/devel/.private/ros_mscl/include/ros_mscl/GetSensor2VehicleRotation.h, /home/kbhakta/my_git/epicIMU/devel/include/ros_mscl/GetSensor2VehicleRotation.h)
Linked: (/home/kbhakta/my_git/epicIMU/devel/.private/ros_mscl/include/ros_mscl/GetZeroVelocityUpdateThreshold.h, /home/kbhakta/my_git/epicIMU/devel/include/ros_mscl/GetZeroVelocityUpdateThreshold.h)
Linked: (/home/kbhakta/my_git/epicIMU/devel/.private/ros_mscl/include/ros_mscl/GetMagDipAdaptiveValsRequest.h, /home/kbhakta/my_git/epicIMU/devel/include/ros_mscl/GetMagDipAdaptiveValsRequest.h)
Linked: (/home/kbhakta/my_git/epicIMU/devel/.private/ros_mscl/include/ros_mscl/GetAccelNoiseRequest.h, /home/kbhakta/my_git/epicIMU/devel/include/ros_mscl/GetAccelNoiseRequest.h)
Linked: (/home/kbhakta/my_git/epicIMU/devel/.private/ros_mscl/include/ros_mscl/GetComplementaryFilter.h, /home/kbhakta/my_git/epicIMU/devel/include/ros_mscl/GetComplementaryFilter.h)
Linked: (/home/kbhakta/my_git/epicIMU/devel/.private/ros_mscl/include/ros_mscl/SetAccelAdaptiveValsRequest.h, /home/kbhakta/my_git/epicIMU/devel/include/ros_mscl/SetAccelAdaptiveValsRequest.h)
Linked: (/home/kbhakta/my_git/epicIMU/devel/.private/ros_mscl/include/ros_mscl/GetHeadingSource.h, /home/kbhakta/my_git/epicIMU/devel/include/ros_mscl/GetHeadingSource.h)
Linked: (/home/kbhakta/my_git/epicIMU/devel/.private/ros_mscl/include/ros_mscl/SetMagNoiseResponse.h, /home/kbhakta/my_git/epicIMU/devel/include/ros_mscl/SetMagNoiseResponse.h)
Linked: (/home/kbhakta/my_git/epicIMU/devel/.private/ros_mscl/include/ros_mscl/GetEstimationControlFlagsResponse.h, /home/kbhakta/my_git/epicIMU/devel/include/ros_mscl/GetEstimationControlFlagsResponse.h)
Linked: (/home/kbhakta/my_git/epicIMU/devel/.private/ros_mscl/include/ros_mscl/SetMagNoise.h, /home/kbhakta/my_git/epicIMU/devel/include/ros_mscl/SetMagNoise.h)
Linked: (/home/kbhakta/my_git/epicIMU/devel/.private/ros_mscl/include/ros_mscl/GetAccelNoiseResponse.h, /home/kbhakta/my_git/epicIMU/devel/include/ros_mscl/GetAccelNoiseResponse.h)
Linked: (/home/kbhakta/my_git/epicIMU/devel/.private/ros_mscl/include/ros_mscl/DeviceSettings.h, /home/kbhakta/my_git/epicIMU/devel/include/ros_mscl/DeviceSettings.h)
Linked: (/home/kbhakta/my_git/epicIMU/devel/.private/ros_mscl/include/ros_mscl/GetZeroVelocityUpdateThresholdResponse.h, /home/kbhakta/my_git/epicIMU/devel/include/ros_mscl/GetZeroVelocityUpdateThresholdResponse.h)
Linked: (/home/kbhakta/my_git/epicIMU/devel/.private/ros_mscl/include/ros_mscl/GetGyroBias.h, /home/kbhakta/my_git/epicIMU/devel/include/ros_mscl/GetGyroBias.h)
Linked: (/home/kbhakta/my_git/epicIMU/devel/.private/ros_mscl/include/ros_mscl/GetAccelNoise.h, /home/kbhakta/my_git/epicIMU/devel/include/ros_mscl/GetAccelNoise.h)
Linked: (/home/kbhakta/my_git/epicIMU/devel/.private/ros_mscl/include/ros_mscl/SetAccelNoiseResponse.h, /home/kbhakta/my_git/epicIMU/devel/include/ros_mscl/SetAccelNoiseResponse.h)
Linked: (/home/kbhakta/my_git/epicIMU/devel/.private/ros_mscl/include/ros_mscl/SetDynamicsModeRequest.h, /home/kbhakta/my_git/epicIMU/devel/include/ros_mscl/SetDynamicsModeRequest.h)
Linked: (/home/kbhakta/my_git/epicIMU/devel/.private/ros_mscl/include/ros_mscl/GetSoftIronMatrixResponse.h, /home/kbhakta/my_git/epicIMU/devel/include/ros_mscl/GetSoftIronMatrixResponse.h)
Linked: (/home/kbhakta/my_git/epicIMU/devel/.private/ros_mscl/include/ros_mscl/DeviceSettingsResponse.h, /home/kbhakta/my_git/epicIMU/devel/include/ros_mscl/DeviceSettingsResponse.h)
Linked: (/home/kbhakta/my_git/epicIMU/devel/.private/ros_mscl/include/ros_mscl/GetGyroBiasModel.h, /home/kbhakta/my_git/epicIMU/devel/include/ros_mscl/GetGyroBiasModel.h)
Linked: (/home/kbhakta/my_git/epicIMU/devel/.private/ros_mscl/include/ros_mscl/GetTareOrientation.h, /home/kbhakta/my_git/epicIMU/devel/include/ros_mscl/GetTareOrientation.h)
Linked: (/home/kbhakta/my_git/epicIMU/devel/.private/ros_mscl/include/ros_mscl/GetZeroAngleUpdateThresholdRequest.h, /home/kbhakta/my_git/epicIMU/devel/include/ros_mscl/GetZeroAngleUpdateThresholdRequest.h)
Linked: (/home/kbhakta/my_git/epicIMU/devel/.private/ros_mscl/include/ros_mscl/SetZeroAngleUpdateThresholdResponse.h, /home/kbhakta/my_git/epicIMU/devel/include/ros_mscl/SetZeroAngleUpdateThresholdResponse.h)
Linked: (/home/kbhakta/my_git/epicIMU/devel/.private/ros_mscl/include/ros_mscl/SetTareOrientationRequest.h, /home/kbhakta/my_git/epicIMU/devel/include/ros_mscl/SetTareOrientationRequest.h)
Linked: (/home/kbhakta/my_git/epicIMU/devel/.private/ros_mscl/include/ros_mscl/SetDynamicsModeResponse.h, /home/kbhakta/my_git/epicIMU/devel/include/ros_mscl/SetDynamicsModeResponse.h)
Linked: (/home/kbhakta/my_git/epicIMU/devel/.private/ros_mscl/include/ros_mscl/GetReferencePositionResponse.h, /home/kbhakta/my_git/epicIMU/devel/include/ros_mscl/GetReferencePositionResponse.h)
Linked: (/home/kbhakta/my_git/epicIMU/devel/.private/ros_mscl/include/ros_mscl/GetDynamicsMode.h, /home/kbhakta/my_git/epicIMU/devel/include/ros_mscl/GetDynamicsMode.h)
Linked: (/home/kbhakta/my_git/epicIMU/devel/.private/ros_mscl/include/ros_mscl/GetAccelAdaptiveValsResponse.h, /home/kbhakta/my_git/epicIMU/devel/include/ros_mscl/GetAccelAdaptiveValsResponse.h)
Linked: (/home/kbhakta/my_git/epicIMU/devel/.private/ros_mscl/include/ros_mscl/SetHeadingSource.h, /home/kbhakta/my_git/epicIMU/devel/include/ros_mscl/SetHeadingSource.h)
Linked: (/home/kbhakta/my_git/epicIMU/devel/.private/ros_mscl/include/ros_mscl/SetGyroBiasResponse.h, /home/kbhakta/my_git/epicIMU/devel/include/ros_mscl/SetGyroBiasResponse.h)
Linked: (/home/kbhakta/my_git/epicIMU/devel/.private/ros_mscl/include/ros_mscl/SetRelativePositionReferenceRequest.h, /home/kbhakta/my_git/epicIMU/devel/include/ros_mscl/SetRelativePositionReferenceRequest.h)
Linked: (/home/kbhakta/my_git/epicIMU/devel/.private/ros_mscl/include/ros_mscl/GetMagNoiseResponse.h, /home/kbhakta/my_git/epicIMU/devel/include/ros_mscl/GetMagNoiseResponse.h)
Linked: (/home/kbhakta/my_git/epicIMU/devel/.private/ros_mscl/include/ros_mscl/SetZeroVelocityUpdateThresholdRequest.h, /home/kbhakta/my_git/epicIMU/devel/include/ros_mscl/SetZeroVelocityUpdateThresholdRequest.h)
Linked: (/home/kbhakta/my_git/epicIMU/devel/.private/ros_mscl/include/ros_mscl/GetSoftIronMatrix.h, /home/kbhakta/my_git/epicIMU/devel/include/ros_mscl/GetSoftIronMatrix.h)
Linked: (/home/kbhakta/my_git/epicIMU/devel/.private/ros_mscl/include/ros_mscl/SetGyroBiasRequest.h, /home/kbhakta/my_git/epicIMU/devel/include/ros_mscl/SetGyroBiasRequest.h)
Linked: (/home/kbhakta/my_git/epicIMU/devel/.private/ros_mscl/include/ros_mscl/DeviceSettingsRequest.h, /home/kbhakta/my_git/epicIMU/devel/include/ros_mscl/DeviceSettingsRequest.h)
Linked: (/home/kbhakta/my_git/epicIMU/devel/.private/ros_mscl/include/ros_mscl/GetGravityAdaptiveVals.h, /home/kbhakta/my_git/epicIMU/devel/include/ros_mscl/GetGravityAdaptiveVals.h)
Linked: (/home/kbhakta/my_git/epicIMU/devel/.private/ros_mscl/include/ros_mscl/GetZeroVelocityUpdateThresholdRequest.h, /home/kbhakta/my_git/epicIMU/devel/include/ros_mscl/GetZeroVelocityUpdateThresholdRequest.h)
Linked: (/home/kbhakta/my_git/epicIMU/devel/.private/ros_mscl/include/ros_mscl/GetAccelAdaptiveVals.h, /home/kbhakta/my_git/epicIMU/devel/include/ros_mscl/GetAccelAdaptiveVals.h)
Linked: (/home/kbhakta/my_git/epicIMU/devel/.private/ros_mscl/include/ros_mscl/SetAccelNoiseRequest.h, /home/kbhakta/my_git/epicIMU/devel/include/ros_mscl/SetAccelNoiseRequest.h)
Linked: (/home/kbhakta/my_git/epicIMU/devel/.private/ros_mscl/include/ros_mscl/GetTareOrientationRequest.h, /home/kbhakta/my_git/epicIMU/devel/include/ros_mscl/GetTareOrientationRequest.h)
Linked: (/home/kbhakta/my_git/epicIMU/devel/.private/ros_mscl/include/ros_mscl/SetGravityAdaptiveValsResponse.h, /home/kbhakta/my_git/epicIMU/devel/include/ros_mscl/SetGravityAdaptiveValsResponse.h)
Linked: (/home/kbhakta/my_git/epicIMU/devel/.private/ros_mscl/include/ros_mscl/SetAccelAdaptiveVals.h, /home/kbhakta/my_git/epicIMU/devel/include/ros_mscl/SetAccelAdaptiveVals.h)
Linked: (/home/kbhakta/my_git/epicIMU/devel/.private/ros_mscl/include/ros_mscl/GetAccelAdaptiveValsRequest.h, /home/kbhakta/my_git/epicIMU/devel/include/ros_mscl/GetAccelAdaptiveValsRequest.h)
Linked: (/home/kbhakta/my_git/epicIMU/devel/.private/ros_mscl/include/ros_mscl/GetGyroNoise.h, /home/kbhakta/my_git/epicIMU/devel/include/ros_mscl/GetGyroNoise.h)
Linked: (/home/kbhakta/my_git/epicIMU/devel/.private/ros_mscl/include/ros_mscl/GetHardIronValues.h, /home/kbhakta/my_git/epicIMU/devel/include/ros_mscl/GetHardIronValues.h)
Linked: (/home/kbhakta/my_git/epicIMU/devel/.private/ros_mscl/include/ros_mscl/GetRelativePositionReferenceRequest.h, /home/kbhakta/my_git/epicIMU/devel/include/ros_mscl/GetRelativePositionReferenceRequest.h)
