Symlinking /home/kbhakta/my_git/epicIMU/devel/lib/libros_mscl.so
Symlinking /home/kbhakta/my_git/epicIMU/devel/lib/libmicrostrain_diagnostic_updater.so
Symlinking /home/kbhakta/my_git/epicIMU/devel/lib/pkgconfig/ros_mscl.pc
Symlinking /home/kbhakta/my_git/epicIMU/devel/lib/python3/dist-packages/ros_mscl/__init__.py
Symlinking /home/kbhakta/my_git/epicIMU/devel/lib/python3/dist-packages/ros_mscl/srv/_GetZeroAngleUpdateThreshold.py
Symlinking /home/kbhakta/my_git/epicIMU/devel/lib/python3/dist-packages/ros_mscl/srv/_SetReferencePosition.py
Symlinking /home/kbhakta/my_git/epicIMU/devel/lib/python3/dist-packages/ros_mscl/srv/_SetEstimationControlFlags.py
Symlinking /home/kbhakta/my_git/epicIMU/devel/lib/python3/dist-packages/ros_mscl/srv/_SetAccelBias.py
Symlinking /home/kbhakta/my_git/epicIMU/devel/lib/python3/dist-packages/ros_mscl/srv/_SetGyroBiasModel.py
Symlinking /home/kbhakta/my_git/epicIMU/devel/lib/python3/dist-packages/ros_mscl/srv/_SetSensor2VehicleRotation.py
Symlinking /home/kbhakta/my_git/epicIMU/devel/lib/python3/dist-packages/ros_mscl/srv/_SetZeroVelocityUpdateThreshold.py
Symlinking /home/kbhakta/my_git/epicIMU/devel/lib/python3/dist-packages/ros_mscl/srv/_GetRelativePositionReference.py
Symlinking /home/kbhakta/my_git/epicIMU/devel/lib/python3/dist-packages/ros_mscl/srv/_GetGyroBias.py
Symlinking /home/kbhakta/my_git/epicIMU/devel/lib/python3/dist-packages/ros_mscl/srv/_GetComplementaryFilter.py
Symlinking /home/kbhakta/my_git/epicIMU/devel/lib/python3/dist-packages/ros_mscl/srv/_SetGyroNoise.py
Symlinking /home/kbhakta/my_git/epicIMU/devel/lib/python3/dist-packages/ros_mscl/srv/_SetGyroBias.py
Symlinking /home/kbhakta/my_git/epicIMU/devel/lib/python3/dist-packages/ros_mscl/srv/__init__.py
Symlinking /home/kbhakta/my_git/epicIMU/devel/lib/python3/dist-packages/ros_mscl/srv/_SetSensor2VehicleOffset.py
Symlinking /home/kbhakta/my_git/epicIMU/devel/lib/python3/dist-packages/ros_mscl/srv/_SetAccelAdaptiveVals.py
Symlinking /home/kbhakta/my_git/epicIMU/devel/lib/python3/dist-packages/ros_mscl/srv/_SetConingScullingComp.py
Symlinking /home/kbhakta/my_git/epicIMU/devel/lib/python3/dist-packages/ros_mscl/srv/_GetSensor2VehicleOffset.py
Symlinking /home/kbhakta/my_git/epicIMU/devel/lib/python3/dist-packages/ros_mscl/srv/_GetZeroVelocityUpdateThreshold.py
Symlinking /home/kbhakta/my_git/epicIMU/devel/lib/python3/dist-packages/ros_mscl/srv/_GetMagDipAdaptiveVals.py
Symlinking /home/kbhakta/my_git/epicIMU/devel/lib/python3/dist-packages/ros_mscl/srv/_GetGyroBiasModel.py
Symlinking /home/kbhakta/my_git/epicIMU/devel/lib/python3/dist-packages/ros_mscl/srv/_SetComplementaryFilter.py
Symlinking /home/kbhakta/my_git/epicIMU/devel/lib/python3/dist-packages/ros_mscl/srv/_SetHardIronValues.py
Symlinking /home/kbhakta/my_git/epicIMU/devel/lib/python3/dist-packages/ros_mscl/srv/_GetMagAdaptiveVals.py
Symlinking /home/kbhakta/my_git/epicIMU/devel/lib/python3/dist-packages/ros_mscl/srv/_SetSoftIronMatrix.py
Symlinking /home/kbhakta/my_git/epicIMU/devel/lib/python3/dist-packages/ros_mscl/srv/_GetHardIronValues.py
Symlinking /home/kbhakta/my_git/epicIMU/devel/lib/python3/dist-packages/ros_mscl/srv/_SetAccelNoise.py
Symlinking /home/kbhakta/my_git/epicIMU/devel/lib/python3/dist-packages/ros_mscl/srv/_GetReferencePosition.py
Symlinking /home/kbhakta/my_git/epicIMU/devel/lib/python3/dist-packages/ros_mscl/srv/_GetHeadingSource.py
Symlinking /home/kbhakta/my_git/epicIMU/devel/lib/python3/dist-packages/ros_mscl/srv/_GetAccelAdaptiveVals.py
Symlinking /home/kbhakta/my_git/epicIMU/devel/lib/python3/dist-packages/ros_mscl/srv/_InitFilterEuler.py
Symlinking /home/kbhakta/my_git/epicIMU/devel/lib/python3/dist-packages/ros_mscl/srv/_GetDynamicsMode.py
Symlinking /home/kbhakta/my_git/epicIMU/devel/lib/python3/dist-packages/ros_mscl/srv/_SetTareOrientation.py
Symlinking /home/kbhakta/my_git/epicIMU/devel/lib/python3/dist-packages/ros_mscl/srv/_GetSoftIronMatrix.py
Symlinking /home/kbhakta/my_git/epicIMU/devel/lib/python3/dist-packages/ros_mscl/srv/_GetAccelBias.py
Symlinking /home/kbhakta/my_git/epicIMU/devel/lib/python3/dist-packages/ros_mscl/srv/_SetMagNoise.py
Symlinking /home/kbhakta/my_git/epicIMU/devel/lib/python3/dist-packages/ros_mscl/srv/_GetTareOrientation.py
Symlinking /home/kbhakta/my_git/epicIMU/devel/lib/python3/dist-packages/ros_mscl/srv/_GetMagNoise.py
Symlinking /home/kbhakta/my_git/epicIMU/devel/lib/python3/dist-packages/ros_mscl/srv/_InitFilterHeading.py
Symlinking /home/kbhakta/my_git/epicIMU/devel/lib/python3/dist-packages/ros_mscl/srv/_SetGravityAdaptiveVals.py
Symlinking /home/kbhakta/my_git/epicIMU/devel/lib/python3/dist-packages/ros_mscl/srv/_SetMagDipAdaptiveVals.py
Symlinking /home/kbhakta/my_git/epicIMU/devel/lib/python3/dist-packages/ros_mscl/srv/_GetAccelNoise.py
Symlinking /home/kbhakta/my_git/epicIMU/devel/lib/python3/dist-packages/ros_mscl/srv/_GetSensor2VehicleRotation.py
Symlinking /home/kbhakta/my_git/epicIMU/devel/lib/python3/dist-packages/ros_mscl/srv/_ExternalHeadingUpdate.py
Symlinking /home/kbhakta/my_git/epicIMU/devel/lib/python3/dist-packages/ros_mscl/srv/_SetMagAdaptiveVals.py
Symlinking /home/kbhakta/my_git/epicIMU/devel/lib/python3/dist-packages/ros_mscl/srv/_GetGyroNoise.py
Symlinking /home/kbhakta/my_git/epicIMU/devel/lib/python3/dist-packages/ros_mscl/srv/_SetZeroAngleUpdateThreshold.py
Symlinking /home/kbhakta/my_git/epicIMU/devel/lib/python3/dist-packages/ros_mscl/srv/_GetSensor2VehicleTransformation.py
Symlinking /home/kbhakta/my_git/epicIMU/devel/lib/python3/dist-packages/ros_mscl/srv/_DeviceSettings.py
Symlinking /home/kbhakta/my_git/epicIMU/devel/lib/python3/dist-packages/ros_mscl/srv/_SetRelativePositionReference.py
Symlinking /home/kbhakta/my_git/epicIMU/devel/lib/python3/dist-packages/ros_mscl/srv/_GetGravityAdaptiveVals.py
Symlinking /home/kbhakta/my_git/epicIMU/devel/lib/python3/dist-packages/ros_mscl/srv/_SetHeadingSource.py
Symlinking /home/kbhakta/my_git/epicIMU/devel/lib/python3/dist-packages/ros_mscl/srv/_GetConingScullingComp.py
Symlinking /home/kbhakta/my_git/epicIMU/devel/lib/python3/dist-packages/ros_mscl/srv/_SetDynamicsMode.py
Symlinking /home/kbhakta/my_git/epicIMU/devel/lib/python3/dist-packages/ros_mscl/srv/_GetAccelBiasModel.py
Symlinking /home/kbhakta/my_git/epicIMU/devel/lib/python3/dist-packages/ros_mscl/srv/_SetAccelBiasModel.py
Symlinking /home/kbhakta/my_git/epicIMU/devel/lib/python3/dist-packages/ros_mscl/srv/_GetEstimationControlFlags.py
Symlinking /home/kbhakta/my_git/epicIMU/devel/lib/ros_mscl/ros_mscl_node
Symlinking /home/kbhakta/my_git/epicIMU/devel/share/gennodejs/ros/ros_mscl/_index.js
Symlinking /home/kbhakta/my_git/epicIMU/devel/share/gennodejs/ros/ros_mscl/srv/GetMagNoise.js
Symlinking /home/kbhakta/my_git/epicIMU/devel/share/gennodejs/ros/ros_mscl/srv/SetReferencePosition.js
Symlinking /home/kbhakta/my_git/epicIMU/devel/share/gennodejs/ros/ros_mscl/srv/GetSensor2VehicleOffset.js
Symlinking /home/kbhakta/my_git/epicIMU/devel/share/gennodejs/ros/ros_mscl/srv/SetZeroVelocityUpdateThreshold.js
Symlinking /home/kbhakta/my_git/epicIMU/devel/share/gennodejs/ros/ros_mscl/srv/GetZeroVelocityUpdateThreshold.js
Symlinking /home/kbhakta/my_git/epicIMU/devel/share/gennodejs/ros/ros_mscl/srv/GetZeroAngleUpdateThreshold.js
Symlinking /home/kbhakta/my_git/epicIMU/devel/share/gennodejs/ros/ros_mscl/srv/SetZeroAngleUpdateThreshold.js
Symlinking /home/kbhakta/my_git/epicIMU/devel/share/gennodejs/ros/ros_mscl/srv/GetSoftIronMatrix.js
Symlinking /home/kbhakta/my_git/epicIMU/devel/share/gennodejs/ros/ros_mscl/srv/GetMagDipAdaptiveVals.js
Symlinking /home/kbhakta/my_git/epicIMU/devel/share/gennodejs/ros/ros_mscl/srv/SetSoftIronMatrix.js
Symlinking /home/kbhakta/my_git/epicIMU/devel/share/gennodejs/ros/ros_mscl/srv/SetMagAdaptiveVals.js
Symlinking /home/kbhakta/my_git/epicIMU/devel/share/gennodejs/ros/ros_mscl/srv/SetEstimationControlFlags.js
Symlinking /home/kbhakta/my_git/epicIMU/devel/share/gennodejs/ros/ros_mscl/srv/GetEstimationControlFlags.js
Symlinking /home/kbhakta/my_git/epicIMU/devel/share/gennodejs/ros/ros_mscl/srv/SetSensor2VehicleOffset.js
Symlinking /home/kbhakta/my_git/epicIMU/devel/share/gennodejs/ros/ros_mscl/srv/SetComplementaryFilter.js
Symlinking /home/kbhakta/my_git/epicIMU/devel/share/gennodejs/ros/ros_mscl/srv/GetRelativePositionReference.js
Symlinking /home/kbhakta/my_git/epicIMU/devel/share/gennodejs/ros/ros_mscl/srv/GetConingScullingComp.js
Symlinking /home/kbhakta/my_git/epicIMU/devel/share/gennodejs/ros/ros_mscl/srv/GetAccelBias.js
Symlinking /home/kbhakta/my_git/epicIMU/devel/share/gennodejs/ros/ros_mscl/srv/GetHeadingSource.js
Symlinking /home/kbhakta/my_git/epicIMU/devel/share/gennodejs/ros/ros_mscl/srv/DeviceSettings.js
Symlinking /home/kbhakta/my_git/epicIMU/devel/share/gennodejs/ros/ros_mscl/srv/SetAccelBiasModel.js
Symlinking /home/kbhakta/my_git/epicIMU/devel/share/gennodejs/ros/ros_mscl/srv/GetMagAdaptiveVals.js
Symlinking /home/kbhakta/my_git/epicIMU/devel/share/gennodejs/ros/ros_mscl/srv/SetGyroBiasModel.js
Symlinking /home/kbhakta/my_git/epicIMU/devel/share/gennodejs/ros/ros_mscl/srv/SetMagNoise.js
Symlinking /home/kbhakta/my_git/epicIMU/devel/share/gennodejs/ros/ros_mscl/srv/SetHardIronValues.js
Symlinking /home/kbhakta/my_git/epicIMU/devel/share/gennodejs/ros/ros_mscl/srv/SetGyroBias.js
Symlinking /home/kbhakta/my_git/epicIMU/devel/share/gennodejs/ros/ros_mscl/srv/InitFilterHeading.js
Symlinking /home/kbhakta/my_git/epicIMU/devel/share/gennodejs/ros/ros_mscl/srv/GetGyroBias.js
Symlinking /home/kbhakta/my_git/epicIMU/devel/share/gennodejs/ros/ros_mscl/srv/ExternalHeadingUpdate.js
Symlinking /home/kbhakta/my_git/epicIMU/devel/share/gennodejs/ros/ros_mscl/srv/GetComplementaryFilter.js
Symlinking /home/kbhakta/my_git/epicIMU/devel/share/gennodejs/ros/ros_mscl/srv/SetAccelBias.js
Symlinking /home/kbhakta/my_git/epicIMU/devel/share/gennodejs/ros/ros_mscl/srv/GetSensor2VehicleTransformation.js
Symlinking /home/kbhakta/my_git/epicIMU/devel/share/gennodejs/ros/ros_mscl/srv/SetHeadingSource.js
Symlinking /home/kbhakta/my_git/epicIMU/devel/share/gennodejs/ros/ros_mscl/srv/InitFilterEuler.js
Symlinking /home/kbhakta/my_git/epicIMU/devel/share/gennodejs/ros/ros_mscl/srv/GetTareOrientation.js
Symlinking /home/kbhakta/my_git/epicIMU/devel/share/gennodejs/ros/ros_mscl/srv/GetHardIronValues.js
Symlinking /home/kbhakta/my_git/epicIMU/devel/share/gennodejs/ros/ros_mscl/srv/GetAccelAdaptiveVals.js
Symlinking /home/kbhakta/my_git/epicIMU/devel/share/gennodejs/ros/ros_mscl/srv/GetAccelNoise.js
Symlinking /home/kbhakta/my_git/epicIMU/devel/share/gennodejs/ros/ros_mscl/srv/SetAccelNoise.js
Symlinking /home/kbhakta/my_git/epicIMU/devel/share/gennodejs/ros/ros_mscl/srv/SetGravityAdaptiveVals.js
Symlinking /home/kbhakta/my_git/epicIMU/devel/share/gennodejs/ros/ros_mscl/srv/SetAccelAdaptiveVals.js
Symlinking /home/kbhakta/my_git/epicIMU/devel/share/gennodejs/ros/ros_mscl/srv/SetDynamicsMode.js
Symlinking /home/kbhakta/my_git/epicIMU/devel/share/gennodejs/ros/ros_mscl/srv/GetGravityAdaptiveVals.js
Symlinking /home/kbhakta/my_git/epicIMU/devel/share/gennodejs/ros/ros_mscl/srv/_index.js
Symlinking /home/kbhakta/my_git/epicIMU/devel/share/gennodejs/ros/ros_mscl/srv/GetAccelBiasModel.js
Symlinking /home/kbhakta/my_git/epicIMU/devel/share/gennodejs/ros/ros_mscl/srv/SetTareOrientation.js
Symlinking /home/kbhakta/my_git/epicIMU/devel/share/gennodejs/ros/ros_mscl/srv/SetRelativePositionReference.js
Symlinking /home/kbhakta/my_git/epicIMU/devel/share/gennodejs/ros/ros_mscl/srv/SetConingScullingComp.js
Symlinking /home/kbhakta/my_git/epicIMU/devel/share/gennodejs/ros/ros_mscl/srv/SetMagDipAdaptiveVals.js
Symlinking /home/kbhakta/my_git/epicIMU/devel/share/gennodejs/ros/ros_mscl/srv/GetGyroBiasModel.js
Symlinking /home/kbhakta/my_git/epicIMU/devel/share/gennodejs/ros/ros_mscl/srv/GetReferencePosition.js
Symlinking /home/kbhakta/my_git/epicIMU/devel/share/gennodejs/ros/ros_mscl/srv/GetGyroNoise.js
Symlinking /home/kbhakta/my_git/epicIMU/devel/share/gennodejs/ros/ros_mscl/srv/GetSensor2VehicleRotation.js
Symlinking /home/kbhakta/my_git/epicIMU/devel/share/gennodejs/ros/ros_mscl/srv/SetGyroNoise.js
Symlinking /home/kbhakta/my_git/epicIMU/devel/share/gennodejs/ros/ros_mscl/srv/GetDynamicsMode.js
Symlinking /home/kbhakta/my_git/epicIMU/devel/share/gennodejs/ros/ros_mscl/srv/SetSensor2VehicleRotation.js
Symlinking /home/kbhakta/my_git/epicIMU/devel/share/ros_mscl/cmake/ros_mscl-msg-paths.cmake
Symlinking /home/kbhakta/my_git/epicIMU/devel/share/ros_mscl/cmake/ros_msclConfig-version.cmake
Symlinking /home/kbhakta/my_git/epicIMU/devel/share/ros_mscl/cmake/ros_mscl-msg-extras.cmake
Symlinking /home/kbhakta/my_git/epicIMU/devel/share/ros_mscl/cmake/ros_msclConfig.cmake
Symlinking /home/kbhakta/my_git/epicIMU/devel/share/roseus/ros/ros_mscl/manifest.l
Symlinking /home/kbhakta/my_git/epicIMU/devel/share/roseus/ros/ros_mscl/srv/InitFilterEuler.l
Symlinking /home/kbhakta/my_git/epicIMU/devel/share/roseus/ros/ros_mscl/srv/GetGyroNoise.l
Symlinking /home/kbhakta/my_git/epicIMU/devel/share/roseus/ros/ros_mscl/srv/SetTareOrientation.l
Symlinking /home/kbhakta/my_git/epicIMU/devel/share/roseus/ros/ros_mscl/srv/GetAccelBias.l
Symlinking /home/kbhakta/my_git/epicIMU/devel/share/roseus/ros/ros_mscl/srv/SetGyroBiasModel.l
Symlinking /home/kbhakta/my_git/epicIMU/devel/share/roseus/ros/ros_mscl/srv/GetGyroBiasModel.l
Symlinking /home/kbhakta/my_git/epicIMU/devel/share/roseus/ros/ros_mscl/srv/GetZeroAngleUpdateThreshold.l
Symlinking /home/kbhakta/my_git/epicIMU/devel/share/roseus/ros/ros_mscl/srv/GetSoftIronMatrix.l
Symlinking /home/kbhakta/my_git/epicIMU/devel/share/roseus/ros/ros_mscl/srv/GetSensor2VehicleRotation.l
Symlinking /home/kbhakta/my_git/epicIMU/devel/share/roseus/ros/ros_mscl/srv/SetZeroVelocityUpdateThreshold.l
Symlinking /home/kbhakta/my_git/epicIMU/devel/share/roseus/ros/ros_mscl/srv/GetAccelAdaptiveVals.l
Symlinking /home/kbhakta/my_git/epicIMU/devel/share/roseus/ros/ros_mscl/srv/GetAccelBiasModel.l
Symlinking /home/kbhakta/my_git/epicIMU/devel/share/roseus/ros/ros_mscl/srv/SetAccelBiasModel.l
Symlinking /home/kbhakta/my_git/epicIMU/devel/share/roseus/ros/ros_mscl/srv/SetConingScullingComp.l
Symlinking /home/kbhakta/my_git/epicIMU/devel/share/roseus/ros/ros_mscl/srv/GetGravityAdaptiveVals.l
Symlinking /home/kbhakta/my_git/epicIMU/devel/share/roseus/ros/ros_mscl/srv/SetEstimationControlFlags.l
Symlinking /home/kbhakta/my_git/epicIMU/devel/share/roseus/ros/ros_mscl/srv/SetRelativePositionReference.l
Symlinking /home/kbhakta/my_git/epicIMU/devel/share/roseus/ros/ros_mscl/srv/GetDynamicsMode.l
Symlinking /home/kbhakta/my_git/epicIMU/devel/share/roseus/ros/ros_mscl/srv/SetGravityAdaptiveVals.l
Symlinking /home/kbhakta/my_git/epicIMU/devel/share/roseus/ros/ros_mscl/srv/GetSensor2VehicleTransformation.l
Symlinking /home/kbhakta/my_git/epicIMU/devel/share/roseus/ros/ros_mscl/srv/GetGyroBias.l
Symlinking /home/kbhakta/my_git/epicIMU/devel/share/roseus/ros/ros_mscl/srv/SetMagAdaptiveVals.l
Symlinking /home/kbhakta/my_git/epicIMU/devel/share/roseus/ros/ros_mscl/srv/SetZeroAngleUpdateThreshold.l
Symlinking /home/kbhakta/my_git/epicIMU/devel/share/roseus/ros/ros_mscl/srv/SetComplementaryFilter.l
Symlinking /home/kbhakta/my_git/epicIMU/devel/share/roseus/ros/ros_mscl/srv/SetDynamicsMode.l
Symlinking /home/kbhakta/my_git/epicIMU/devel/share/roseus/ros/ros_mscl/srv/SetMagNoise.l
Symlinking /home/kbhakta/my_git/epicIMU/devel/share/roseus/ros/ros_mscl/srv/SetHardIronValues.l
Symlinking /home/kbhakta/my_git/epicIMU/devel/share/roseus/ros/ros_mscl/srv/SetSensor2VehicleOffset.l
Symlinking /home/kbhakta/my_git/epicIMU/devel/share/roseus/ros/ros_mscl/srv/GetRelativePositionReference.l
Symlinking /home/kbhakta/my_git/epicIMU/devel/share/roseus/ros/ros_mscl/srv/SetAccelNoise.l
Symlinking /home/kbhakta/my_git/epicIMU/devel/share/roseus/ros/ros_mscl/srv/SetSensor2VehicleRotation.l
Symlinking /home/kbhakta/my_git/epicIMU/devel/share/roseus/ros/ros_mscl/srv/SetAccelAdaptiveVals.l
Symlinking /home/kbhakta/my_git/epicIMU/devel/share/roseus/ros/ros_mscl/srv/GetHardIronValues.l
Symlinking /home/kbhakta/my_git/epicIMU/devel/share/roseus/ros/ros_mscl/srv/GetMagNoise.l
Symlinking /home/kbhakta/my_git/epicIMU/devel/share/roseus/ros/ros_mscl/srv/GetTareOrientation.l
Symlinking /home/kbhakta/my_git/epicIMU/devel/share/roseus/ros/ros_mscl/srv/GetMagAdaptiveVals.l
Symlinking /home/kbhakta/my_git/epicIMU/devel/share/roseus/ros/ros_mscl/srv/GetConingScullingComp.l
Symlinking /home/kbhakta/my_git/epicIMU/devel/share/roseus/ros/ros_mscl/srv/SetGyroNoise.l
Symlinking /home/kbhakta/my_git/epicIMU/devel/share/roseus/ros/ros_mscl/srv/SetAccelBias.l
Symlinking /home/kbhakta/my_git/epicIMU/devel/share/roseus/ros/ros_mscl/srv/DeviceSettings.l
Symlinking /home/kbhakta/my_git/epicIMU/devel/share/roseus/ros/ros_mscl/srv/GetEstimationControlFlags.l
Symlinking /home/kbhakta/my_git/epicIMU/devel/share/roseus/ros/ros_mscl/srv/ExternalHeadingUpdate.l
Symlinking /home/kbhakta/my_git/epicIMU/devel/share/roseus/ros/ros_mscl/srv/GetReferencePosition.l
Symlinking /home/kbhakta/my_git/epicIMU/devel/share/roseus/ros/ros_mscl/srv/GetAccelNoise.l
Symlinking /home/kbhakta/my_git/epicIMU/devel/share/roseus/ros/ros_mscl/srv/GetComplementaryFilter.l
Symlinking /home/kbhakta/my_git/epicIMU/devel/share/roseus/ros/ros_mscl/srv/SetHeadingSource.l
Symlinking /home/kbhakta/my_git/epicIMU/devel/share/roseus/ros/ros_mscl/srv/GetMagDipAdaptiveVals.l
Symlinking /home/kbhakta/my_git/epicIMU/devel/share/roseus/ros/ros_mscl/srv/GetHeadingSource.l
Symlinking /home/kbhakta/my_git/epicIMU/devel/share/roseus/ros/ros_mscl/srv/InitFilterHeading.l
Symlinking /home/kbhakta/my_git/epicIMU/devel/share/roseus/ros/ros_mscl/srv/SetMagDipAdaptiveVals.l
Symlinking /home/kbhakta/my_git/epicIMU/devel/share/roseus/ros/ros_mscl/srv/GetSensor2VehicleOffset.l
Symlinking /home/kbhakta/my_git/epicIMU/devel/share/roseus/ros/ros_mscl/srv/GetZeroVelocityUpdateThreshold.l
Symlinking /home/kbhakta/my_git/epicIMU/devel/share/roseus/ros/ros_mscl/srv/SetReferencePosition.l
Symlinking /home/kbhakta/my_git/epicIMU/devel/share/roseus/ros/ros_mscl/srv/SetGyroBias.l
Symlinking /home/kbhakta/my_git/epicIMU/devel/share/roseus/ros/ros_mscl/srv/SetSoftIronMatrix.l
Symlinking /home/kbhakta/my_git/epicIMU/devel/share/common-lisp/ros/ros_mscl/srv/SetMagAdaptiveVals.lisp
Symlinking /home/kbhakta/my_git/epicIMU/devel/share/common-lisp/ros/ros_mscl/srv/_package_GetAccelBias.lisp
Symlinking /home/kbhakta/my_git/epicIMU/devel/share/common-lisp/ros/ros_mscl/srv/GetZeroVelocityUpdateThreshold.lisp
Symlinking /home/kbhakta/my_git/epicIMU/devel/share/common-lisp/ros/ros_mscl/srv/_package_GetGyroBias.lisp
Symlinking /home/kbhakta/my_git/epicIMU/devel/share/common-lisp/ros/ros_mscl/srv/_package_SetMagDipAdaptiveVals.lisp
Symlinking /home/kbhakta/my_git/epicIMU/devel/share/common-lisp/ros/ros_mscl/srv/_package_GetTareOrientation.lisp
Symlinking /home/kbhakta/my_git/epicIMU/devel/share/common-lisp/ros/ros_mscl/srv/ExternalHeadingUpdate.lisp
Symlinking /home/kbhakta/my_git/epicIMU/devel/share/common-lisp/ros/ros_mscl/srv/_package_GetComplementaryFilter.lisp
Symlinking /home/kbhakta/my_git/epicIMU/devel/share/common-lisp/ros/ros_mscl/srv/_package_SetReferencePosition.lisp
Symlinking /home/kbhakta/my_git/epicIMU/devel/share/common-lisp/ros/ros_mscl/srv/SetAccelNoise.lisp
Symlinking /home/kbhakta/my_git/epicIMU/devel/share/common-lisp/ros/ros_mscl/srv/_package_SetMagNoise.lisp
Symlinking /home/kbhakta/my_git/epicIMU/devel/share/common-lisp/ros/ros_mscl/srv/GetMagAdaptiveVals.lisp
Symlinking /home/kbhakta/my_git/epicIMU/devel/share/common-lisp/ros/ros_mscl/srv/_package_GetAccelAdaptiveVals.lisp
Symlinking /home/kbhakta/my_git/epicIMU/devel/share/common-lisp/ros/ros_mscl/srv/GetGyroBias.lisp
Symlinking /home/kbhakta/my_git/epicIMU/devel/share/common-lisp/ros/ros_mscl/srv/GetRelativePositionReference.lisp
Symlinking /home/kbhakta/my_git/epicIMU/devel/share/common-lisp/ros/ros_mscl/srv/_package_SetGyroNoise.lisp
Symlinking /home/kbhakta/my_git/epicIMU/devel/share/common-lisp/ros/ros_mscl/srv/_package_GetAccelNoise.lisp
Symlinking /home/kbhakta/my_git/epicIMU/devel/share/common-lisp/ros/ros_mscl/srv/_package_SetAccelNoise.lisp
Symlinking /home/kbhakta/my_git/epicIMU/devel/share/common-lisp/ros/ros_mscl/srv/_package_GetSoftIronMatrix.lisp
Symlinking /home/kbhakta/my_git/epicIMU/devel/share/common-lisp/ros/ros_mscl/srv/GetSensor2VehicleTransformation.lisp
Symlinking /home/kbhakta/my_git/epicIMU/devel/share/common-lisp/ros/ros_mscl/srv/_package_GetSensor2VehicleRotation.lisp
Symlinking /home/kbhakta/my_git/epicIMU/devel/share/common-lisp/ros/ros_mscl/srv/_package_SetHardIronValues.lisp
Symlinking /home/kbhakta/my_git/epicIMU/devel/share/common-lisp/ros/ros_mscl/srv/_package_SetAccelBias.lisp
Symlinking /home/kbhakta/my_git/epicIMU/devel/share/common-lisp/ros/ros_mscl/srv/GetSoftIronMatrix.lisp
Symlinking /home/kbhakta/my_git/epicIMU/devel/share/common-lisp/ros/ros_mscl/srv/_package_GetHardIronValues.lisp
Symlinking /home/kbhakta/my_git/epicIMU/devel/share/common-lisp/ros/ros_mscl/srv/_package_GetReferencePosition.lisp
Symlinking /home/kbhakta/my_git/epicIMU/devel/share/common-lisp/ros/ros_mscl/srv/GetGyroBiasModel.lisp
Symlinking /home/kbhakta/my_git/epicIMU/devel/share/common-lisp/ros/ros_mscl/srv/_package_InitFilterHeading.lisp
Symlinking /home/kbhakta/my_git/epicIMU/devel/share/common-lisp/ros/ros_mscl/srv/_package_SetHeadingSource.lisp
Symlinking /home/kbhakta/my_git/epicIMU/devel/share/common-lisp/ros/ros_mscl/srv/_package.lisp
Symlinking /home/kbhakta/my_git/epicIMU/devel/share/common-lisp/ros/ros_mscl/srv/SetConingScullingComp.lisp
Symlinking /home/kbhakta/my_git/epicIMU/devel/share/common-lisp/ros/ros_mscl/srv/SetGravityAdaptiveVals.lisp
Symlinking /home/kbhakta/my_git/epicIMU/devel/share/common-lisp/ros/ros_mscl/srv/_package_SetGyroBiasModel.lisp
Symlinking /home/kbhakta/my_git/epicIMU/devel/share/common-lisp/ros/ros_mscl/srv/_package_InitFilterEuler.lisp
Symlinking /home/kbhakta/my_git/epicIMU/devel/share/common-lisp/ros/ros_mscl/srv/DeviceSettings.lisp
Symlinking /home/kbhakta/my_git/epicIMU/devel/share/common-lisp/ros/ros_mscl/srv/_package_SetGyroBias.lisp
Symlinking /home/kbhakta/my_git/epicIMU/devel/share/common-lisp/ros/ros_mscl/srv/_package_GetGravityAdaptiveVals.lisp
Symlinking /home/kbhakta/my_git/epicIMU/devel/share/common-lisp/ros/ros_mscl/srv/GetSensor2VehicleOffset.lisp
Symlinking /home/kbhakta/my_git/epicIMU/devel/share/common-lisp/ros/ros_mscl/srv/SetSensor2VehicleOffset.lisp
Symlinking /home/kbhakta/my_git/epicIMU/devel/share/common-lisp/ros/ros_mscl/srv/GetConingScullingComp.lisp
Symlinking /home/kbhakta/my_git/epicIMU/devel/share/common-lisp/ros/ros_mscl/srv/GetHeadingSource.lisp
Symlinking /home/kbhakta/my_git/epicIMU/devel/share/common-lisp/ros/ros_mscl/srv/SetAccelBias.lisp
Symlinking /home/kbhakta/my_git/epicIMU/devel/share/common-lisp/ros/ros_mscl/srv/GetEstimationControlFlags.lisp
Symlinking /home/kbhakta/my_git/epicIMU/devel/share/common-lisp/ros/ros_mscl/srv/SetZeroVelocityUpdateThreshold.lisp
Symlinking /home/kbhakta/my_git/epicIMU/devel/share/common-lisp/ros/ros_mscl/srv/GetMagNoise.lisp
Symlinking /home/kbhakta/my_git/epicIMU/devel/share/common-lisp/ros/ros_mscl/srv/_package_SetAccelBiasModel.lisp
Symlinking /home/kbhakta/my_git/epicIMU/devel/share/common-lisp/ros/ros_mscl/srv/SetAccelAdaptiveVals.lisp
Symlinking /home/kbhakta/my_git/epicIMU/devel/share/common-lisp/ros/ros_mscl/srv/_package_GetMagAdaptiveVals.lisp
Symlinking /home/kbhakta/my_git/epicIMU/devel/share/common-lisp/ros/ros_mscl/srv/_package_SetEstimationControlFlags.lisp
Symlinking /home/kbhakta/my_git/epicIMU/devel/share/common-lisp/ros/ros_mscl/srv/GetComplementaryFilter.lisp
Symlinking /home/kbhakta/my_git/epicIMU/devel/share/common-lisp/ros/ros_mscl/srv/SetReferencePosition.lisp
Symlinking /home/kbhakta/my_git/epicIMU/devel/share/common-lisp/ros/ros_mscl/srv/_package_GetZeroVelocityUpdateThreshold.lisp
Symlinking /home/kbhakta/my_git/epicIMU/devel/share/common-lisp/ros/ros_mscl/srv/_package_SetSensor2VehicleOffset.lisp
Symlinking /home/kbhakta/my_git/epicIMU/devel/share/common-lisp/ros/ros_mscl/srv/SetSoftIronMatrix.lisp
Symlinking /home/kbhakta/my_git/epicIMU/devel/share/common-lisp/ros/ros_mscl/srv/GetDynamicsMode.lisp
Symlinking /home/kbhakta/my_git/epicIMU/devel/share/common-lisp/ros/ros_mscl/srv/_package_DeviceSettings.lisp
Symlinking /home/kbhakta/my_git/epicIMU/devel/share/common-lisp/ros/ros_mscl/srv/GetMagDipAdaptiveVals.lisp
Symlinking /home/kbhakta/my_git/epicIMU/devel/share/common-lisp/ros/ros_mscl/srv/_package_SetComplementaryFilter.lisp
Symlinking /home/kbhakta/my_git/epicIMU/devel/share/common-lisp/ros/ros_mscl/srv/_package_GetSensor2VehicleTransformation.lisp
Symlinking /home/kbhakta/my_git/epicIMU/devel/share/common-lisp/ros/ros_mscl/srv/_package_SetGravityAdaptiveVals.lisp
Symlinking /home/kbhakta/my_git/epicIMU/devel/share/common-lisp/ros/ros_mscl/srv/_package_GetMagNoise.lisp
Symlinking /home/kbhakta/my_git/epicIMU/devel/share/common-lisp/ros/ros_mscl/srv/GetAccelBiasModel.lisp
Symlinking /home/kbhakta/my_git/epicIMU/devel/share/common-lisp/ros/ros_mscl/srv/SetSensor2VehicleRotation.lisp
Symlinking /home/kbhakta/my_git/epicIMU/devel/share/common-lisp/ros/ros_mscl/srv/GetGravityAdaptiveVals.lisp
Symlinking /home/kbhakta/my_git/epicIMU/devel/share/common-lisp/ros/ros_mscl/srv/SetZeroAngleUpdateThreshold.lisp
Symlinking /home/kbhakta/my_git/epicIMU/devel/share/common-lisp/ros/ros_mscl/srv/InitFilterEuler.lisp
Symlinking /home/kbhakta/my_git/epicIMU/devel/share/common-lisp/ros/ros_mscl/srv/_package_GetMagDipAdaptiveVals.lisp
Symlinking /home/kbhakta/my_git/epicIMU/devel/share/common-lisp/ros/ros_mscl/srv/SetHeadingSource.lisp
Symlinking /home/kbhakta/my_git/epicIMU/devel/share/common-lisp/ros/ros_mscl/srv/GetTareOrientation.lisp
Symlinking /home/kbhakta/my_git/epicIMU/devel/share/common-lisp/ros/ros_mscl/srv/_package_GetGyroNoise.lisp
Symlinking /home/kbhakta/my_git/epicIMU/devel/share/common-lisp/ros/ros_mscl/srv/SetMagDipAdaptiveVals.lisp
Symlinking /home/kbhakta/my_git/epicIMU/devel/share/common-lisp/ros/ros_mscl/srv/_package_SetSoftIronMatrix.lisp
Symlinking /home/kbhakta/my_git/epicIMU/devel/share/common-lisp/ros/ros_mscl/srv/SetDynamicsMode.lisp
Symlinking /home/kbhakta/my_git/epicIMU/devel/share/common-lisp/ros/ros_mscl/srv/_package_SetMagAdaptiveVals.lisp
Symlinking /home/kbhakta/my_git/epicIMU/devel/share/common-lisp/ros/ros_mscl/srv/GetSensor2VehicleRotation.lisp
Symlinking /home/kbhakta/my_git/epicIMU/devel/share/common-lisp/ros/ros_mscl/srv/SetGyroNoise.lisp
Symlinking /home/kbhakta/my_git/epicIMU/devel/share/common-lisp/ros/ros_mscl/srv/GetAccelNoise.lisp
Symlinking /home/kbhakta/my_git/epicIMU/devel/share/common-lisp/ros/ros_mscl/srv/SetHardIronValues.lisp
Symlinking /home/kbhakta/my_git/epicIMU/devel/share/common-lisp/ros/ros_mscl/srv/GetAccelBias.lisp
Symlinking /home/kbhakta/my_git/epicIMU/devel/share/common-lisp/ros/ros_mscl/srv/_package_SetZeroVelocityUpdateThreshold.lisp
Symlinking /home/kbhakta/my_git/epicIMU/devel/share/common-lisp/ros/ros_mscl/srv/_package_GetSensor2VehicleOffset.lisp
Symlinking /home/kbhakta/my_git/epicIMU/devel/share/common-lisp/ros/ros_mscl/srv/_package_GetHeadingSource.lisp
Symlinking /home/kbhakta/my_git/epicIMU/devel/share/common-lisp/ros/ros_mscl/srv/_package_GetGyroBiasModel.lisp
Symlinking /home/kbhakta/my_git/epicIMU/devel/share/common-lisp/ros/ros_mscl/srv/SetMagNoise.lisp
Symlinking /home/kbhakta/my_git/epicIMU/devel/share/common-lisp/ros/ros_mscl/srv/SetGyroBias.lisp
Symlinking /home/kbhakta/my_git/epicIMU/devel/share/common-lisp/ros/ros_mscl/srv/GetAccelAdaptiveVals.lisp
Symlinking /home/kbhakta/my_git/epicIMU/devel/share/common-lisp/ros/ros_mscl/srv/SetEstimationControlFlags.lisp
Symlinking /home/kbhakta/my_git/epicIMU/devel/share/common-lisp/ros/ros_mscl/srv/_package_SetSensor2VehicleRotation.lisp
Symlinking /home/kbhakta/my_git/epicIMU/devel/share/common-lisp/ros/ros_mscl/srv/GetZeroAngleUpdateThreshold.lisp
Symlinking /home/kbhakta/my_git/epicIMU/devel/share/common-lisp/ros/ros_mscl/srv/SetTareOrientation.lisp
Symlinking /home/kbhakta/my_git/epicIMU/devel/share/common-lisp/ros/ros_mscl/srv/_package_GetConingScullingComp.lisp
Symlinking /home/kbhakta/my_git/epicIMU/devel/share/common-lisp/ros/ros_mscl/srv/InitFilterHeading.lisp
Symlinking /home/kbhakta/my_git/epicIMU/devel/share/common-lisp/ros/ros_mscl/srv/SetComplementaryFilter.lisp
Symlinking /home/kbhakta/my_git/epicIMU/devel/share/common-lisp/ros/ros_mscl/srv/_package_GetAccelBiasModel.lisp
Symlinking /home/kbhakta/my_git/epicIMU/devel/share/common-lisp/ros/ros_mscl/srv/_package_SetRelativePositionReference.lisp
Symlinking /home/kbhakta/my_git/epicIMU/devel/share/common-lisp/ros/ros_mscl/srv/_package_SetZeroAngleUpdateThreshold.lisp
Symlinking /home/kbhakta/my_git/epicIMU/devel/share/common-lisp/ros/ros_mscl/srv/SetGyroBiasModel.lisp
Symlinking /home/kbhakta/my_git/epicIMU/devel/share/common-lisp/ros/ros_mscl/srv/_package_ExternalHeadingUpdate.lisp
Symlinking /home/kbhakta/my_git/epicIMU/devel/share/common-lisp/ros/ros_mscl/srv/_package_SetAccelAdaptiveVals.lisp
Symlinking /home/kbhakta/my_git/epicIMU/devel/share/common-lisp/ros/ros_mscl/srv/_package_SetConingScullingComp.lisp
Symlinking /home/kbhakta/my_git/epicIMU/devel/share/common-lisp/ros/ros_mscl/srv/_package_GetRelativePositionReference.lisp
Symlinking /home/kbhakta/my_git/epicIMU/devel/share/common-lisp/ros/ros_mscl/srv/SetRelativePositionReference.lisp
Symlinking /home/kbhakta/my_git/epicIMU/devel/share/common-lisp/ros/ros_mscl/srv/_package_SetDynamicsMode.lisp
Symlinking /home/kbhakta/my_git/epicIMU/devel/share/common-lisp/ros/ros_mscl/srv/_package_GetEstimationControlFlags.lisp
Symlinking /home/kbhakta/my_git/epicIMU/devel/share/common-lisp/ros/ros_mscl/srv/ros_mscl-srv.asd
Symlinking /home/kbhakta/my_git/epicIMU/devel/share/common-lisp/ros/ros_mscl/srv/GetGyroNoise.lisp
Symlinking /home/kbhakta/my_git/epicIMU/devel/share/common-lisp/ros/ros_mscl/srv/_package_GetDynamicsMode.lisp
Symlinking /home/kbhakta/my_git/epicIMU/devel/share/common-lisp/ros/ros_mscl/srv/GetReferencePosition.lisp
Symlinking /home/kbhakta/my_git/epicIMU/devel/share/common-lisp/ros/ros_mscl/srv/GetHardIronValues.lisp
Symlinking /home/kbhakta/my_git/epicIMU/devel/share/common-lisp/ros/ros_mscl/srv/SetAccelBiasModel.lisp
Symlinking /home/kbhakta/my_git/epicIMU/devel/share/common-lisp/ros/ros_mscl/srv/_package_SetTareOrientation.lisp
Symlinking /home/kbhakta/my_git/epicIMU/devel/share/common-lisp/ros/ros_mscl/srv/_package_GetZeroAngleUpdateThreshold.lisp
Symlinking /home/kbhakta/my_git/epicIMU/devel/include/ros_mscl/ExternalHeadingUpdate.h
Symlinking /home/kbhakta/my_git/epicIMU/devel/include/ros_mscl/ExternalHeadingUpdateResponse.h
Symlinking /home/kbhakta/my_git/epicIMU/devel/include/ros_mscl/SetMagAdaptiveValsRequest.h
Symlinking /home/kbhakta/my_git/epicIMU/devel/include/ros_mscl/GetEstimationControlFlagsRequest.h
Symlinking /home/kbhakta/my_git/epicIMU/devel/include/ros_mscl/SetZeroVelocityUpdateThreshold.h
Symlinking /home/kbhakta/my_git/epicIMU/devel/include/ros_mscl/GetTareOrientationResponse.h
Symlinking /home/kbhakta/my_git/epicIMU/devel/include/ros_mscl/GetComplementaryFilterResponse.h
Symlinking /home/kbhakta/my_git/epicIMU/devel/include/ros_mscl/GetSensor2VehicleOffset.h
Symlinking /home/kbhakta/my_git/epicIMU/devel/include/ros_mscl/SetEstimationControlFlagsResponse.h
Symlinking /home/kbhakta/my_git/epicIMU/devel/include/ros_mscl/SetHardIronValuesRequest.h
Symlinking /home/kbhakta/my_git/epicIMU/devel/include/ros_mscl/GetRelativePositionReferenceResponse.h
Symlinking /home/kbhakta/my_git/epicIMU/devel/include/ros_mscl/SetConingScullingCompResponse.h
Symlinking /home/kbhakta/my_git/epicIMU/devel/include/ros_mscl/SetMagAdaptiveVals.h
Symlinking /home/kbhakta/my_git/epicIMU/devel/include/ros_mscl/ExternalHeadingUpdateRequest.h
Symlinking /home/kbhakta/my_git/epicIMU/devel/include/ros_mscl/GetHardIronValuesRequest.h
Symlinking /home/kbhakta/my_git/epicIMU/devel/include/ros_mscl/SetAccelBiasRequest.h
Symlinking /home/kbhakta/my_git/epicIMU/devel/include/ros_mscl/GetReferencePosition.h
Symlinking /home/kbhakta/my_git/epicIMU/devel/include/ros_mscl/GetDynamicsModeResponse.h
Symlinking /home/kbhakta/my_git/epicIMU/devel/include/ros_mscl/GetHardIronValuesResponse.h
Symlinking /home/kbhakta/my_git/epicIMU/devel/include/ros_mscl/SetGravityAdaptiveValsRequest.h
Symlinking /home/kbhakta/my_git/epicIMU/devel/include/ros_mscl/GetGyroBiasRequest.h
Symlinking /home/kbhakta/my_git/epicIMU/devel/include/ros_mscl/InitFilterHeadingRequest.h
Symlinking /home/kbhakta/my_git/epicIMU/devel/include/ros_mscl/GetSensor2VehicleTransformationResponse.h
Symlinking /home/kbhakta/my_git/epicIMU/devel/include/ros_mscl/SetEstimationControlFlagsRequest.h
Symlinking /home/kbhakta/my_git/epicIMU/devel/include/ros_mscl/GetSoftIronMatrixRequest.h
Symlinking /home/kbhakta/my_git/epicIMU/devel/include/ros_mscl/InitFilterEulerResponse.h
Symlinking /home/kbhakta/my_git/epicIMU/devel/include/ros_mscl/GetConingScullingComp.h
Symlinking /home/kbhakta/my_git/epicIMU/devel/include/ros_mscl/SetSoftIronMatrixRequest.h
Symlinking /home/kbhakta/my_git/epicIMU/devel/include/ros_mscl/SetRelativePositionReference.h
Symlinking /home/kbhakta/my_git/epicIMU/devel/include/ros_mscl/GetAccelBiasModelRequest.h
Symlinking /home/kbhakta/my_git/epicIMU/devel/include/ros_mscl/SetComplementaryFilterResponse.h
Symlinking /home/kbhakta/my_git/epicIMU/devel/include/ros_mscl/SetAccelBiasModelRequest.h
Symlinking /home/kbhakta/my_git/epicIMU/devel/include/ros_mscl/SetHeadingSourceResponse.h
Symlinking /home/kbhakta/my_git/epicIMU/devel/include/ros_mscl/GetAccelBiasModel.h
Symlinking /home/kbhakta/my_git/epicIMU/devel/include/ros_mscl/GetReferencePositionRequest.h
Symlinking /home/kbhakta/my_git/epicIMU/devel/include/ros_mscl/GetGyroBiasModelResponse.h
Symlinking /home/kbhakta/my_git/epicIMU/devel/include/ros_mscl/GetMagNoiseRequest.h
Symlinking /home/kbhakta/my_git/epicIMU/devel/include/ros_mscl/SetDynamicsMode.h
Symlinking /home/kbhakta/my_git/epicIMU/devel/include/ros_mscl/SetMagNoiseRequest.h
Symlinking /home/kbhakta/my_git/epicIMU/devel/include/ros_mscl/GetComplementaryFilterRequest.h
Symlinking /home/kbhakta/my_git/epicIMU/devel/include/ros_mscl/SetHardIronValuesResponse.h
Symlinking /home/kbhakta/my_git/epicIMU/devel/include/ros_mscl/InitFilterHeadingResponse.h
Symlinking /home/kbhakta/my_git/epicIMU/devel/include/ros_mscl/SetSensor2VehicleRotationRequest.h
Symlinking /home/kbhakta/my_git/epicIMU/devel/include/ros_mscl/GetConingScullingCompRequest.h
Symlinking /home/kbhakta/my_git/epicIMU/devel/include/ros_mscl/SetMagAdaptiveValsResponse.h
Symlinking /home/kbhakta/my_git/epicIMU/devel/include/ros_mscl/GetGyroBiasModelRequest.h
Symlinking /home/kbhakta/my_git/epicIMU/devel/include/ros_mscl/SetZeroAngleUpdateThresholdRequest.h
Symlinking /home/kbhakta/my_git/epicIMU/devel/include/ros_mscl/GetRelativePositionReference.h
Symlinking /home/kbhakta/my_git/epicIMU/devel/include/ros_mscl/SetSoftIronMatrixResponse.h
Symlinking /home/kbhakta/my_git/epicIMU/devel/include/ros_mscl/GetZeroAngleUpdateThreshold.h
Symlinking /home/kbhakta/my_git/epicIMU/devel/include/ros_mscl/SetTareOrientationResponse.h
Symlinking /home/kbhakta/my_git/epicIMU/devel/include/ros_mscl/GetSensor2VehicleTransformationRequest.h
Symlinking /home/kbhakta/my_git/epicIMU/devel/include/ros_mscl/GetAccelBias.h
Symlinking /home/kbhakta/my_git/epicIMU/devel/include/ros_mscl/GetSensor2VehicleOffsetRequest.h
Symlinking /home/kbhakta/my_git/epicIMU/devel/include/ros_mscl/SetConingScullingCompRequest.h
Symlinking /home/kbhakta/my_git/epicIMU/devel/include/ros_mscl/SetMagDipAdaptiveValsResponse.h
Symlinking /home/kbhakta/my_git/epicIMU/devel/include/ros_mscl/SetMagDipAdaptiveValsRequest.h
Symlinking /home/kbhakta/my_git/epicIMU/devel/include/ros_mscl/GetAccelBiasResponse.h
Symlinking /home/kbhakta/my_git/epicIMU/devel/include/ros_mscl/GetMagAdaptiveVals.h
Symlinking /home/kbhakta/my_git/epicIMU/devel/include/ros_mscl/SetGyroNoise.h
Symlinking /home/kbhakta/my_git/epicIMU/devel/include/ros_mscl/SetZeroVelocityUpdateThresholdResponse.h
Symlinking /home/kbhakta/my_git/epicIMU/devel/include/ros_mscl/SetGyroBias.h
Symlinking /home/kbhakta/my_git/epicIMU/devel/include/ros_mscl/GetGravityAdaptiveValsResponse.h
Symlinking /home/kbhakta/my_git/epicIMU/devel/include/ros_mscl/SetGyroNoiseResponse.h
Symlinking /home/kbhakta/my_git/epicIMU/devel/include/ros_mscl/SetAccelBias.h
Symlinking /home/kbhakta/my_git/epicIMU/devel/include/ros_mscl/GetMagAdaptiveValsResponse.h
Symlinking /home/kbhakta/my_git/epicIMU/devel/include/ros_mscl/InitFilterEuler.h
Symlinking /home/kbhakta/my_git/epicIMU/devel/include/ros_mscl/SetAccelAdaptiveValsResponse.h
Symlinking /home/kbhakta/my_git/epicIMU/devel/include/ros_mscl/GetMagDipAdaptiveValsResponse.h
Symlinking /home/kbhakta/my_git/epicIMU/devel/include/ros_mscl/SetComplementaryFilterRequest.h
Symlinking /home/kbhakta/my_git/epicIMU/devel/include/ros_mscl/SetEstimationControlFlags.h
Symlinking /home/kbhakta/my_git/epicIMU/devel/include/ros_mscl/SetGyroBiasModelResponse.h
Symlinking /home/kbhakta/my_git/epicIMU/devel/include/ros_mscl/SetSoftIronMatrix.h
Symlinking /home/kbhakta/my_git/epicIMU/devel/include/ros_mscl/SetHeadingSourceRequest.h
Symlinking /home/kbhakta/my_git/epicIMU/devel/include/ros_mscl/GetGravityAdaptiveValsRequest.h
Symlinking /home/kbhakta/my_git/epicIMU/devel/include/ros_mscl/GetConingScullingCompResponse.h
Symlinking /home/kbhakta/my_git/epicIMU/devel/include/ros_mscl/GetHeadingSourceResponse.h
Symlinking /home/kbhakta/my_git/epicIMU/devel/include/ros_mscl/GetAccelBiasModelResponse.h
Symlinking /home/kbhakta/my_git/epicIMU/devel/include/ros_mscl/SetReferencePositionResponse.h
Symlinking /home/kbhakta/my_git/epicIMU/devel/include/ros_mscl/GetGyroNoiseRequest.h
Symlinking /home/kbhakta/my_git/epicIMU/devel/include/ros_mscl/SetReferencePositionRequest.h
Symlinking /home/kbhakta/my_git/epicIMU/devel/include/ros_mscl/GetGyroNoiseResponse.h
Symlinking /home/kbhakta/my_git/epicIMU/devel/include/ros_mscl/SetGravityAdaptiveVals.h
Symlinking /home/kbhakta/my_git/epicIMU/devel/include/ros_mscl/SetMagDipAdaptiveVals.h
Symlinking /home/kbhakta/my_git/epicIMU/devel/include/ros_mscl/GetSensor2VehicleRotationRequest.h
Symlinking /home/kbhakta/my_git/epicIMU/devel/include/ros_mscl/SetHardIronValues.h
Symlinking /home/kbhakta/my_git/epicIMU/devel/include/ros_mscl/GetDynamicsModeRequest.h
Symlinking /home/kbhakta/my_git/epicIMU/devel/include/ros_mscl/GetSensor2VehicleRotationResponse.h
Symlinking /home/kbhakta/my_git/epicIMU/devel/include/ros_mscl/GetGyroBiasResponse.h
Symlinking /home/kbhakta/my_git/epicIMU/devel/include/ros_mscl/SetSensor2VehicleOffset.h
Symlinking /home/kbhakta/my_git/epicIMU/devel/include/ros_mscl/GetMagNoise.h
Symlinking /home/kbhakta/my_git/epicIMU/devel/include/ros_mscl/GetSensor2VehicleTransformation.h
Symlinking /home/kbhakta/my_git/epicIMU/devel/include/ros_mscl/SetSensor2VehicleRotation.h
Symlinking /home/kbhakta/my_git/epicIMU/devel/include/ros_mscl/SetGyroBiasModelRequest.h
Symlinking /home/kbhakta/my_git/epicIMU/devel/include/ros_mscl/SetAccelBiasResponse.h
Symlinking /home/kbhakta/my_git/epicIMU/devel/include/ros_mscl/GetSensor2VehicleOffsetResponse.h
Symlinking /home/kbhakta/my_git/epicIMU/devel/include/ros_mscl/SetReferencePosition.h
Symlinking /home/kbhakta/my_git/epicIMU/devel/include/ros_mscl/GetZeroAngleUpdateThresholdResponse.h
Symlinking /home/kbhakta/my_git/epicIMU/devel/include/ros_mscl/GetMagDipAdaptiveVals.h
Symlinking /home/kbhakta/my_git/epicIMU/devel/include/ros_mscl/SetAccelNoise.h
Symlinking /home/kbhakta/my_git/epicIMU/devel/include/ros_mscl/SetGyroBiasModel.h
Symlinking /home/kbhakta/my_git/epicIMU/devel/include/ros_mscl/SetTareOrientation.h
Symlinking /home/kbhakta/my_git/epicIMU/devel/include/ros_mscl/InitFilterEulerRequest.h
Symlinking /home/kbhakta/my_git/epicIMU/devel/include/ros_mscl/GetEstimationControlFlags.h
Symlinking /home/kbhakta/my_git/epicIMU/devel/include/ros_mscl/SetSensor2VehicleOffsetRequest.h
Symlinking /home/kbhakta/my_git/epicIMU/devel/include/ros_mscl/SetRelativePositionReferenceResponse.h
Symlinking /home/kbhakta/my_git/epicIMU/devel/include/ros_mscl/SetGyroNoiseRequest.h
Symlinking /home/kbhakta/my_git/epicIMU/devel/include/ros_mscl/SetComplementaryFilter.h
Symlinking /home/kbhakta/my_git/epicIMU/devel/include/ros_mscl/SetSensor2VehicleOffsetResponse.h
Symlinking /home/kbhakta/my_git/epicIMU/devel/include/ros_mscl/InitFilterHeading.h
Symlinking /home/kbhakta/my_git/epicIMU/devel/include/ros_mscl/SetZeroAngleUpdateThreshold.h
Symlinking /home/kbhakta/my_git/epicIMU/devel/include/ros_mscl/GetMagAdaptiveValsRequest.h
Symlinking /home/kbhakta/my_git/epicIMU/devel/include/ros_mscl/GetHeadingSourceRequest.h
Symlinking /home/kbhakta/my_git/epicIMU/devel/include/ros_mscl/SetAccelBiasModelResponse.h
Symlinking /home/kbhakta/my_git/epicIMU/devel/include/ros_mscl/SetAccelBiasModel.h
Symlinking /home/kbhakta/my_git/epicIMU/devel/include/ros_mscl/SetSensor2VehicleRotationResponse.h
Symlinking /home/kbhakta/my_git/epicIMU/devel/include/ros_mscl/SetConingScullingComp.h
Symlinking /home/kbhakta/my_git/epicIMU/devel/include/ros_mscl/GetAccelBiasRequest.h
Symlinking /home/kbhakta/my_git/epicIMU/devel/include/ros_mscl/GetSensor2VehicleRotation.h
Symlinking /home/kbhakta/my_git/epicIMU/devel/include/ros_mscl/GetZeroVelocityUpdateThreshold.h
Symlinking /home/kbhakta/my_git/epicIMU/devel/include/ros_mscl/GetMagDipAdaptiveValsRequest.h
Symlinking /home/kbhakta/my_git/epicIMU/devel/include/ros_mscl/GetAccelNoiseRequest.h
Symlinking /home/kbhakta/my_git/epicIMU/devel/include/ros_mscl/GetComplementaryFilter.h
Symlinking /home/kbhakta/my_git/epicIMU/devel/include/ros_mscl/SetAccelAdaptiveValsRequest.h
Symlinking /home/kbhakta/my_git/epicIMU/devel/include/ros_mscl/GetHeadingSource.h
Symlinking /home/kbhakta/my_git/epicIMU/devel/include/ros_mscl/SetMagNoiseResponse.h
Symlinking /home/kbhakta/my_git/epicIMU/devel/include/ros_mscl/GetEstimationControlFlagsResponse.h
Symlinking /home/kbhakta/my_git/epicIMU/devel/include/ros_mscl/SetMagNoise.h
Symlinking /home/kbhakta/my_git/epicIMU/devel/include/ros_mscl/GetAccelNoiseResponse.h
Symlinking /home/kbhakta/my_git/epicIMU/devel/include/ros_mscl/DeviceSettings.h
Symlinking /home/kbhakta/my_git/epicIMU/devel/include/ros_mscl/GetZeroVelocityUpdateThresholdResponse.h
Symlinking /home/kbhakta/my_git/epicIMU/devel/include/ros_mscl/GetGyroBias.h
Symlinking /home/kbhakta/my_git/epicIMU/devel/include/ros_mscl/GetAccelNoise.h
Symlinking /home/kbhakta/my_git/epicIMU/devel/include/ros_mscl/SetAccelNoiseResponse.h
Symlinking /home/kbhakta/my_git/epicIMU/devel/include/ros_mscl/SetDynamicsModeRequest.h
Symlinking /home/kbhakta/my_git/epicIMU/devel/include/ros_mscl/GetSoftIronMatrixResponse.h
Symlinking /home/kbhakta/my_git/epicIMU/devel/include/ros_mscl/DeviceSettingsResponse.h
Symlinking /home/kbhakta/my_git/epicIMU/devel/include/ros_mscl/GetGyroBiasModel.h
Symlinking /home/kbhakta/my_git/epicIMU/devel/include/ros_mscl/GetTareOrientation.h
Symlinking /home/kbhakta/my_git/epicIMU/devel/include/ros_mscl/GetZeroAngleUpdateThresholdRequest.h
Symlinking /home/kbhakta/my_git/epicIMU/devel/include/ros_mscl/SetZeroAngleUpdateThresholdResponse.h
Symlinking /home/kbhakta/my_git/epicIMU/devel/include/ros_mscl/SetTareOrientationRequest.h
Symlinking /home/kbhakta/my_git/epicIMU/devel/include/ros_mscl/SetDynamicsModeResponse.h
Symlinking /home/kbhakta/my_git/epicIMU/devel/include/ros_mscl/GetReferencePositionResponse.h
Symlinking /home/kbhakta/my_git/epicIMU/devel/include/ros_mscl/GetDynamicsMode.h
Symlinking /home/kbhakta/my_git/epicIMU/devel/include/ros_mscl/GetAccelAdaptiveValsResponse.h
Symlinking /home/kbhakta/my_git/epicIMU/devel/include/ros_mscl/SetHeadingSource.h
Symlinking /home/kbhakta/my_git/epicIMU/devel/include/ros_mscl/SetGyroBiasResponse.h
Symlinking /home/kbhakta/my_git/epicIMU/devel/include/ros_mscl/SetRelativePositionReferenceRequest.h
Symlinking /home/kbhakta/my_git/epicIMU/devel/include/ros_mscl/GetMagNoiseResponse.h
Symlinking /home/kbhakta/my_git/epicIMU/devel/include/ros_mscl/SetZeroVelocityUpdateThresholdRequest.h
Symlinking /home/kbhakta/my_git/epicIMU/devel/include/ros_mscl/GetSoftIronMatrix.h
Symlinking /home/kbhakta/my_git/epicIMU/devel/include/ros_mscl/SetGyroBiasRequest.h
Symlinking /home/kbhakta/my_git/epicIMU/devel/include/ros_mscl/DeviceSettingsRequest.h
Symlinking /home/kbhakta/my_git/epicIMU/devel/include/ros_mscl/GetGravityAdaptiveVals.h
Symlinking /home/kbhakta/my_git/epicIMU/devel/include/ros_mscl/GetZeroVelocityUpdateThresholdRequest.h
Symlinking /home/kbhakta/my_git/epicIMU/devel/include/ros_mscl/GetAccelAdaptiveVals.h
Symlinking /home/kbhakta/my_git/epicIMU/devel/include/ros_mscl/SetAccelNoiseRequest.h
Symlinking /home/kbhakta/my_git/epicIMU/devel/include/ros_mscl/GetTareOrientationRequest.h
Symlinking /home/kbhakta/my_git/epicIMU/devel/include/ros_mscl/SetGravityAdaptiveValsResponse.h
Symlinking /home/kbhakta/my_git/epicIMU/devel/include/ros_mscl/SetAccelAdaptiveVals.h
Symlinking /home/kbhakta/my_git/epicIMU/devel/include/ros_mscl/GetAccelAdaptiveValsRequest.h
Symlinking /home/kbhakta/my_git/epicIMU/devel/include/ros_mscl/GetGyroNoise.h
Symlinking /home/kbhakta/my_git/epicIMU/devel/include/ros_mscl/GetHardIronValues.h
Symlinking /home/kbhakta/my_git/epicIMU/devel/include/ros_mscl/GetRelativePositionReferenceRequest.h
