[35m[1mScanning dependencies of target std_msgs_generate_messages_lisp[0m
[35m[1mScanning dependencies of target _mscl_msgs_generate_messages_check_deps_FilterStatus[0m
[35m[1mScanning dependencies of target _mscl_msgs_generate_messages_check_deps_Status[0m
[35m[1mScanning dependencies of target _mscl_msgs_generate_messages_check_deps_FilterHeadingState[0m
[35m[1mScanning dependencies of target _mscl_msgs_generate_messages_check_deps_RTKStatus[0m
[35m[1mScanning dependencies of target _mscl_msgs_generate_messages_check_deps_FilterHeading[0m
[35m[1mScanning dependencies of target _mscl_msgs_generate_messages_check_deps_GPSCorrelationTimestampStamped[0m
[35m[1mScanning dependencies of target _mscl_msgs_generate_messages_check_deps_GPSCorrelationTimestamp[0m
[  0%] Built target std_msgs_generate_messages_lisp
[35m[1mScanning dependencies of target std_msgs_generate_messages_nodejs[0m
[35m[1mScanning dependencies of target std_msgs_generate_messages_eus[0m
[35m[1mScanning dependencies of target std_msgs_generate_messages_py[0m
[  0%] Built target std_msgs_generate_messages_nodejs
[  0%] Built target std_msgs_generate_messages_py
[  0%] Built target std_msgs_generate_messages_eus
[35m[1mScanning dependencies of target std_msgs_generate_messages_cpp[0m
[  0%] Built target _mscl_msgs_generate_messages_check_deps_FilterStatus
[  0%] Built target _mscl_msgs_generate_messages_check_deps_GPSCorrelationTimestamp
[  0%] Built target _mscl_msgs_generate_messages_check_deps_FilterHeadingState
[  0%] Built target _mscl_msgs_generate_messages_check_deps_Status
[  0%] Built target _mscl_msgs_generate_messages_check_deps_RTKStatus
[  0%] Built target _mscl_msgs_generate_messages_check_deps_FilterHeading
[  0%] Built target _mscl_msgs_generate_messages_check_deps_GPSCorrelationTimestampStamped
[  0%] Built target std_msgs_generate_messages_cpp
[35m[1mScanning dependencies of target mscl_msgs_generate_messages_nodejs[0m
[35m[1mScanning dependencies of target mscl_msgs_generate_messages_lisp[0m
[35m[1mScanning dependencies of target mscl_msgs_generate_messages_eus[0m
[35m[1mScanning dependencies of target mscl_msgs_generate_messages_py[0m
[35m[1mScanning dependencies of target mscl_msgs_generate_messages_cpp[0m
[  8%] [34m[1mGenerating Lisp code from mscl_msgs/FilterHeading.msg[0m
[  8%] [34m[1mGenerating Javascript code from mscl_msgs/GPSCorrelationTimestamp.msg[0m
[  8%] [34m[1mGenerating Lisp code from mscl_msgs/FilterStatus.msg[0m
[ 13%] [34m[1mGenerating Javascript code from mscl_msgs/FilterStatus.msg[0m
[ 10%] [34m[1mGenerating Javascript code from mscl_msgs/FilterHeadingState.msg[0m
[ 18%] [34m[1mGenerating Lisp code from mscl_msgs/FilterHeadingState.msg[0m
[ 18%] [34m[1mGenerating Javascript code from mscl_msgs/FilterHeading.msg[0m
[ 21%] [34m[1mGenerating Lisp code from mscl_msgs/GPSCorrelationTimestamp.msg[0m
[ 24%] [34m[1mGenerating Python from MSG mscl_msgs/FilterHeading[0m
[ 27%] [34m[1mGenerating EusLisp code from mscl_msgs/FilterHeading.msg[0m
[ 29%] [34m[1mGenerating C++ code from mscl_msgs/FilterHeading.msg[0m
[ 32%] [34m[1mGenerating Python from MSG mscl_msgs/FilterHeadingState[0m
[ 35%] [34m[1mGenerating C++ code from mscl_msgs/FilterHeadingState.msg[0m
[ 40%] [34m[1mGenerating Javascript code from mscl_msgs/GPSCorrelationTimestampStamped.msg[0m
[ 40%] [34m[1mGenerating Lisp code from mscl_msgs/GPSCorrelationTimestampStamped.msg[0m
[ 45%] [34m[1mGenerating Lisp code from mscl_msgs/RTKStatus.msg[0m
[ 45%] [34m[1mGenerating C++ code from mscl_msgs/FilterStatus.msg[0m
[ 51%] [34m[1mGenerating C++ code from mscl_msgs/GPSCorrelationTimestamp.msg[0m
[ 51%] [34m[1mGenerating EusLisp code from mscl_msgs/FilterHeadingState.msg[0m
[ 54%] [34m[1mGenerating Javascript code from mscl_msgs/RTKStatus.msg[0m
[ 56%] [34m[1mGenerating EusLisp code from mscl_msgs/GPSCorrelationTimestamp.msg[0m
[ 59%] [34m[1mGenerating EusLisp code from mscl_msgs/FilterStatus.msg[0m
[ 62%] [34m[1mGenerating EusLisp code from mscl_msgs/GPSCorrelationTimestampStamped.msg[0m
[ 64%] [34m[1mGenerating Javascript code from mscl_msgs/Status.msg[0m
[ 67%] [34m[1mGenerating EusLisp code from mscl_msgs/RTKStatus.msg[0m
[ 70%] [34m[1mGenerating Python from MSG mscl_msgs/FilterStatus[0m
[ 72%] [34m[1mGenerating Python from MSG mscl_msgs/GPSCorrelationTimestamp[0m
[ 78%] [34m[1mGenerating Python from MSG mscl_msgs/GPSCorrelationTimestampStamped[0m
[ 78%] [34m[1mGenerating Lisp code from mscl_msgs/Status.msg[0m
[ 81%] [34m[1mGenerating C++ code from mscl_msgs/GPSCorrelationTimestampStamped.msg[0m
[ 83%] [34m[1mGenerating EusLisp code from mscl_msgs/Status.msg[0m
[ 83%] Built target mscl_msgs_generate_messages_nodejs
[ 86%] [34m[1mGenerating C++ code from mscl_msgs/RTKStatus.msg[0m
[ 89%] [34m[1mGenerating EusLisp manifest code for mscl_msgs[0m
[ 91%] [34m[1mGenerating C++ code from mscl_msgs/Status.msg[0m
[ 91%] Built target mscl_msgs_generate_messages_lisp
[ 97%] [34m[1mGenerating Python from MSG mscl_msgs/Status[0m
[ 97%] [34m[1mGenerating Python from MSG mscl_msgs/RTKStatus[0m
[100%] [34m[1mGenerating Python msg __init__.py for mscl_msgs[0m
[100%] Built target mscl_msgs_generate_messages_cpp
[100%] Built target mscl_msgs_generate_messages_py
[100%] Built target mscl_msgs_generate_messages_eus
[35m[1mScanning dependencies of target mscl_msgs_generate_messages[0m
[100%] Built target mscl_msgs_generate_messages
