Linked: (/home/kbhakta/my_git/epicIMU/devel/.private/mscl_msgs/lib/pkgconfig/mscl_msgs.pc, /home/kbhakta/my_git/epicIMU/devel/lib/pkgconfig/mscl_msgs.pc)
Linked: (/home/kbhakta/my_git/epicIMU/devel/.private/mscl_msgs/lib/python3/dist-packages/mscl_msgs/__init__.py, /home/kbhakta/my_git/epicIMU/devel/lib/python3/dist-packages/mscl_msgs/__init__.py)
Linked: (/home/kbhakta/my_git/epicIMU/devel/.private/mscl_msgs/lib/python3/dist-packages/mscl_msgs/msg/__init__.py, /home/kbhakta/my_git/epicIMU/devel/lib/python3/dist-packages/mscl_msgs/msg/__init__.py)
Linked: (/home/kbhakta/my_git/epicIMU/devel/.private/mscl_msgs/lib/python3/dist-packages/mscl_msgs/msg/_FilterHeadingState.py, /home/kbhakta/my_git/epicIMU/devel/lib/python3/dist-packages/mscl_msgs/msg/_FilterHeadingState.py)
Linked: (/home/kbhakta/my_git/epicIMU/devel/.private/mscl_msgs/lib/python3/dist-packages/mscl_msgs/msg/_GPSCorrelationTimestampStamped.py, /home/kbhakta/my_git/epicIMU/devel/lib/python3/dist-packages/mscl_msgs/msg/_GPSCorrelationTimestampStamped.py)
Linked: (/home/kbhakta/my_git/epicIMU/devel/.private/mscl_msgs/lib/python3/dist-packages/mscl_msgs/msg/_RTKStatus.py, /home/kbhakta/my_git/epicIMU/devel/lib/python3/dist-packages/mscl_msgs/msg/_RTKStatus.py)
Linked: (/home/kbhakta/my_git/epicIMU/devel/.private/mscl_msgs/lib/python3/dist-packages/mscl_msgs/msg/_GPSCorrelationTimestamp.py, /home/kbhakta/my_git/epicIMU/devel/lib/python3/dist-packages/mscl_msgs/msg/_GPSCorrelationTimestamp.py)
Linked: (/home/kbhakta/my_git/epicIMU/devel/.private/mscl_msgs/lib/python3/dist-packages/mscl_msgs/msg/_FilterStatus.py, /home/kbhakta/my_git/epicIMU/devel/lib/python3/dist-packages/mscl_msgs/msg/_FilterStatus.py)
Linked: (/home/kbhakta/my_git/epicIMU/devel/.private/mscl_msgs/lib/python3/dist-packages/mscl_msgs/msg/_FilterHeading.py, /home/kbhakta/my_git/epicIMU/devel/lib/python3/dist-packages/mscl_msgs/msg/_FilterHeading.py)
Linked: (/home/kbhakta/my_git/epicIMU/devel/.private/mscl_msgs/lib/python3/dist-packages/mscl_msgs/msg/_Status.py, /home/kbhakta/my_git/epicIMU/devel/lib/python3/dist-packages/mscl_msgs/msg/_Status.py)
Linked: (/home/kbhakta/my_git/epicIMU/devel/.private/mscl_msgs/share/gennodejs/ros/mscl_msgs/_index.js, /home/kbhakta/my_git/epicIMU/devel/share/gennodejs/ros/mscl_msgs/_index.js)
Linked: (/home/kbhakta/my_git/epicIMU/devel/.private/mscl_msgs/share/gennodejs/ros/mscl_msgs/msg/RTKStatus.js, /home/kbhakta/my_git/epicIMU/devel/share/gennodejs/ros/mscl_msgs/msg/RTKStatus.js)
Linked: (/home/kbhakta/my_git/epicIMU/devel/.private/mscl_msgs/share/gennodejs/ros/mscl_msgs/msg/FilterStatus.js, /home/kbhakta/my_git/epicIMU/devel/share/gennodejs/ros/mscl_msgs/msg/FilterStatus.js)
Linked: (/home/kbhakta/my_git/epicIMU/devel/.private/mscl_msgs/share/gennodejs/ros/mscl_msgs/msg/GPSCorrelationTimestamp.js, /home/kbhakta/my_git/epicIMU/devel/share/gennodejs/ros/mscl_msgs/msg/GPSCorrelationTimestamp.js)
Linked: (/home/kbhakta/my_git/epicIMU/devel/.private/mscl_msgs/share/gennodejs/ros/mscl_msgs/msg/GPSCorrelationTimestampStamped.js, /home/kbhakta/my_git/epicIMU/devel/share/gennodejs/ros/mscl_msgs/msg/GPSCorrelationTimestampStamped.js)
Linked: (/home/kbhakta/my_git/epicIMU/devel/.private/mscl_msgs/share/gennodejs/ros/mscl_msgs/msg/FilterHeadingState.js, /home/kbhakta/my_git/epicIMU/devel/share/gennodejs/ros/mscl_msgs/msg/FilterHeadingState.js)
Linked: (/home/kbhakta/my_git/epicIMU/devel/.private/mscl_msgs/share/gennodejs/ros/mscl_msgs/msg/Status.js, /home/kbhakta/my_git/epicIMU/devel/share/gennodejs/ros/mscl_msgs/msg/Status.js)
Linked: (/home/kbhakta/my_git/epicIMU/devel/.private/mscl_msgs/share/gennodejs/ros/mscl_msgs/msg/_index.js, /home/kbhakta/my_git/epicIMU/devel/share/gennodejs/ros/mscl_msgs/msg/_index.js)
Linked: (/home/kbhakta/my_git/epicIMU/devel/.private/mscl_msgs/share/gennodejs/ros/mscl_msgs/msg/FilterHeading.js, /home/kbhakta/my_git/epicIMU/devel/share/gennodejs/ros/mscl_msgs/msg/FilterHeading.js)
Linked: (/home/kbhakta/my_git/epicIMU/devel/.private/mscl_msgs/share/mscl_msgs/cmake/mscl_msgsConfig.cmake, /home/kbhakta/my_git/epicIMU/devel/share/mscl_msgs/cmake/mscl_msgsConfig.cmake)
Linked: (/home/kbhakta/my_git/epicIMU/devel/.private/mscl_msgs/share/mscl_msgs/cmake/mscl_msgs-msg-extras.cmake, /home/kbhakta/my_git/epicIMU/devel/share/mscl_msgs/cmake/mscl_msgs-msg-extras.cmake)
Linked: (/home/kbhakta/my_git/epicIMU/devel/.private/mscl_msgs/share/mscl_msgs/cmake/mscl_msgs-msg-paths.cmake, /home/kbhakta/my_git/epicIMU/devel/share/mscl_msgs/cmake/mscl_msgs-msg-paths.cmake)
Linked: (/home/kbhakta/my_git/epicIMU/devel/.private/mscl_msgs/share/mscl_msgs/cmake/mscl_msgsConfig-version.cmake, /home/kbhakta/my_git/epicIMU/devel/share/mscl_msgs/cmake/mscl_msgsConfig-version.cmake)
Linked: (/home/kbhakta/my_git/epicIMU/devel/.private/mscl_msgs/share/roseus/ros/mscl_msgs/manifest.l, /home/kbhakta/my_git/epicIMU/devel/share/roseus/ros/mscl_msgs/manifest.l)
Linked: (/home/kbhakta/my_git/epicIMU/devel/.private/mscl_msgs/share/roseus/ros/mscl_msgs/msg/FilterHeading.l, /home/kbhakta/my_git/epicIMU/devel/share/roseus/ros/mscl_msgs/msg/FilterHeading.l)
Linked: (/home/kbhakta/my_git/epicIMU/devel/.private/mscl_msgs/share/roseus/ros/mscl_msgs/msg/Status.l, /home/kbhakta/my_git/epicIMU/devel/share/roseus/ros/mscl_msgs/msg/Status.l)
Linked: (/home/kbhakta/my_git/epicIMU/devel/.private/mscl_msgs/share/roseus/ros/mscl_msgs/msg/FilterStatus.l, /home/kbhakta/my_git/epicIMU/devel/share/roseus/ros/mscl_msgs/msg/FilterStatus.l)
Linked: (/home/kbhakta/my_git/epicIMU/devel/.private/mscl_msgs/share/roseus/ros/mscl_msgs/msg/RTKStatus.l, /home/kbhakta/my_git/epicIMU/devel/share/roseus/ros/mscl_msgs/msg/RTKStatus.l)
Linked: (/home/kbhakta/my_git/epicIMU/devel/.private/mscl_msgs/share/roseus/ros/mscl_msgs/msg/GPSCorrelationTimestampStamped.l, /home/kbhakta/my_git/epicIMU/devel/share/roseus/ros/mscl_msgs/msg/GPSCorrelationTimestampStamped.l)
Linked: (/home/kbhakta/my_git/epicIMU/devel/.private/mscl_msgs/share/roseus/ros/mscl_msgs/msg/GPSCorrelationTimestamp.l, /home/kbhakta/my_git/epicIMU/devel/share/roseus/ros/mscl_msgs/msg/GPSCorrelationTimestamp.l)
Linked: (/home/kbhakta/my_git/epicIMU/devel/.private/mscl_msgs/share/roseus/ros/mscl_msgs/msg/FilterHeadingState.l, /home/kbhakta/my_git/epicIMU/devel/share/roseus/ros/mscl_msgs/msg/FilterHeadingState.l)
Linked: (/home/kbhakta/my_git/epicIMU/devel/.private/mscl_msgs/share/common-lisp/ros/mscl_msgs/msg/GPSCorrelationTimestampStamped.lisp, /home/kbhakta/my_git/epicIMU/devel/share/common-lisp/ros/mscl_msgs/msg/GPSCorrelationTimestampStamped.lisp)
Linked: (/home/kbhakta/my_git/epicIMU/devel/.private/mscl_msgs/share/common-lisp/ros/mscl_msgs/msg/FilterStatus.lisp, /home/kbhakta/my_git/epicIMU/devel/share/common-lisp/ros/mscl_msgs/msg/FilterStatus.lisp)
Linked: (/home/kbhakta/my_git/epicIMU/devel/.private/mscl_msgs/share/common-lisp/ros/mscl_msgs/msg/_package_FilterHeading.lisp, /home/kbhakta/my_git/epicIMU/devel/share/common-lisp/ros/mscl_msgs/msg/_package_FilterHeading.lisp)
Linked: (/home/kbhakta/my_git/epicIMU/devel/.private/mscl_msgs/share/common-lisp/ros/mscl_msgs/msg/_package.lisp, /home/kbhakta/my_git/epicIMU/devel/share/common-lisp/ros/mscl_msgs/msg/_package.lisp)
Linked: (/home/kbhakta/my_git/epicIMU/devel/.private/mscl_msgs/share/common-lisp/ros/mscl_msgs/msg/RTKStatus.lisp, /home/kbhakta/my_git/epicIMU/devel/share/common-lisp/ros/mscl_msgs/msg/RTKStatus.lisp)
Linked: (/home/kbhakta/my_git/epicIMU/devel/.private/mscl_msgs/share/common-lisp/ros/mscl_msgs/msg/mscl_msgs-msg.asd, /home/kbhakta/my_git/epicIMU/devel/share/common-lisp/ros/mscl_msgs/msg/mscl_msgs-msg.asd)
Linked: (/home/kbhakta/my_git/epicIMU/devel/.private/mscl_msgs/share/common-lisp/ros/mscl_msgs/msg/_package_GPSCorrelationTimestamp.lisp, /home/kbhakta/my_git/epicIMU/devel/share/common-lisp/ros/mscl_msgs/msg/_package_GPSCorrelationTimestamp.lisp)
Linked: (/home/kbhakta/my_git/epicIMU/devel/.private/mscl_msgs/share/common-lisp/ros/mscl_msgs/msg/_package_FilterStatus.lisp, /home/kbhakta/my_git/epicIMU/devel/share/common-lisp/ros/mscl_msgs/msg/_package_FilterStatus.lisp)
Linked: (/home/kbhakta/my_git/epicIMU/devel/.private/mscl_msgs/share/common-lisp/ros/mscl_msgs/msg/_package_RTKStatus.lisp, /home/kbhakta/my_git/epicIMU/devel/share/common-lisp/ros/mscl_msgs/msg/_package_RTKStatus.lisp)
Linked: (/home/kbhakta/my_git/epicIMU/devel/.private/mscl_msgs/share/common-lisp/ros/mscl_msgs/msg/Status.lisp, /home/kbhakta/my_git/epicIMU/devel/share/common-lisp/ros/mscl_msgs/msg/Status.lisp)
Linked: (/home/kbhakta/my_git/epicIMU/devel/.private/mscl_msgs/share/common-lisp/ros/mscl_msgs/msg/_package_Status.lisp, /home/kbhakta/my_git/epicIMU/devel/share/common-lisp/ros/mscl_msgs/msg/_package_Status.lisp)
Linked: (/home/kbhakta/my_git/epicIMU/devel/.private/mscl_msgs/share/common-lisp/ros/mscl_msgs/msg/FilterHeading.lisp, /home/kbhakta/my_git/epicIMU/devel/share/common-lisp/ros/mscl_msgs/msg/FilterHeading.lisp)
Linked: (/home/kbhakta/my_git/epicIMU/devel/.private/mscl_msgs/share/common-lisp/ros/mscl_msgs/msg/_package_FilterHeadingState.lisp, /home/kbhakta/my_git/epicIMU/devel/share/common-lisp/ros/mscl_msgs/msg/_package_FilterHeadingState.lisp)
Linked: (/home/kbhakta/my_git/epicIMU/devel/.private/mscl_msgs/share/common-lisp/ros/mscl_msgs/msg/GPSCorrelationTimestamp.lisp, /home/kbhakta/my_git/epicIMU/devel/share/common-lisp/ros/mscl_msgs/msg/GPSCorrelationTimestamp.lisp)
Linked: (/home/kbhakta/my_git/epicIMU/devel/.private/mscl_msgs/share/common-lisp/ros/mscl_msgs/msg/_package_GPSCorrelationTimestampStamped.lisp, /home/kbhakta/my_git/epicIMU/devel/share/common-lisp/ros/mscl_msgs/msg/_package_GPSCorrelationTimestampStamped.lisp)
Linked: (/home/kbhakta/my_git/epicIMU/devel/.private/mscl_msgs/share/common-lisp/ros/mscl_msgs/msg/FilterHeadingState.lisp, /home/kbhakta/my_git/epicIMU/devel/share/common-lisp/ros/mscl_msgs/msg/FilterHeadingState.lisp)
Linked: (/home/kbhakta/my_git/epicIMU/devel/.private/mscl_msgs/include/mscl_msgs/FilterHeadingState.h, /home/kbhakta/my_git/epicIMU/devel/include/mscl_msgs/FilterHeadingState.h)
Linked: (/home/kbhakta/my_git/epicIMU/devel/.private/mscl_msgs/include/mscl_msgs/RTKStatus.h, /home/kbhakta/my_git/epicIMU/devel/include/mscl_msgs/RTKStatus.h)
Linked: (/home/kbhakta/my_git/epicIMU/devel/.private/mscl_msgs/include/mscl_msgs/GPSCorrelationTimestamp.h, /home/kbhakta/my_git/epicIMU/devel/include/mscl_msgs/GPSCorrelationTimestamp.h)
Linked: (/home/kbhakta/my_git/epicIMU/devel/.private/mscl_msgs/include/mscl_msgs/Status.h, /home/kbhakta/my_git/epicIMU/devel/include/mscl_msgs/Status.h)
Linked: (/home/kbhakta/my_git/epicIMU/devel/.private/mscl_msgs/include/mscl_msgs/FilterStatus.h, /home/kbhakta/my_git/epicIMU/devel/include/mscl_msgs/FilterStatus.h)
Linked: (/home/kbhakta/my_git/epicIMU/devel/.private/mscl_msgs/include/mscl_msgs/FilterHeading.h, /home/kbhakta/my_git/epicIMU/devel/include/mscl_msgs/FilterHeading.h)
Linked: (/home/kbhakta/my_git/epicIMU/devel/.private/mscl_msgs/include/mscl_msgs/GPSCorrelationTimestampStamped.h, /home/kbhakta/my_git/epicIMU/devel/include/mscl_msgs/GPSCorrelationTimestampStamped.h)
