Symlinking /home/kbhakta/my_git/epicIMU/devel/lib/pkgconfig/mscl_msgs.pc
Symlinking /home/kbhakta/my_git/epicIMU/devel/lib/python3/dist-packages/mscl_msgs/__init__.py
Symlinking /home/kbhakta/my_git/epicIMU/devel/lib/python3/dist-packages/mscl_msgs/msg/__init__.py
Symlinking /home/kbhakta/my_git/epicIMU/devel/lib/python3/dist-packages/mscl_msgs/msg/_FilterHeadingState.py
Symlinking /home/kbhakta/my_git/epicIMU/devel/lib/python3/dist-packages/mscl_msgs/msg/_GPSCorrelationTimestampStamped.py
Symlinking /home/kbhakta/my_git/epicIMU/devel/lib/python3/dist-packages/mscl_msgs/msg/_RTKStatus.py
Symlinking /home/kbhakta/my_git/epicIMU/devel/lib/python3/dist-packages/mscl_msgs/msg/_GPSCorrelationTimestamp.py
Symlinking /home/kbhakta/my_git/epicIMU/devel/lib/python3/dist-packages/mscl_msgs/msg/_FilterStatus.py
Symlinking /home/kbhakta/my_git/epicIMU/devel/lib/python3/dist-packages/mscl_msgs/msg/_FilterHeading.py
Symlinking /home/kbhakta/my_git/epicIMU/devel/lib/python3/dist-packages/mscl_msgs/msg/_Status.py
Symlinking /home/kbhakta/my_git/epicIMU/devel/share/gennodejs/ros/mscl_msgs/_index.js
Symlinking /home/kbhakta/my_git/epicIMU/devel/share/gennodejs/ros/mscl_msgs/msg/RTKStatus.js
Symlinking /home/kbhakta/my_git/epicIMU/devel/share/gennodejs/ros/mscl_msgs/msg/FilterStatus.js
Symlinking /home/kbhakta/my_git/epicIMU/devel/share/gennodejs/ros/mscl_msgs/msg/GPSCorrelationTimestamp.js
Symlinking /home/kbhakta/my_git/epicIMU/devel/share/gennodejs/ros/mscl_msgs/msg/GPSCorrelationTimestampStamped.js
Symlinking /home/kbhakta/my_git/epicIMU/devel/share/gennodejs/ros/mscl_msgs/msg/FilterHeadingState.js
Symlinking /home/kbhakta/my_git/epicIMU/devel/share/gennodejs/ros/mscl_msgs/msg/Status.js
Symlinking /home/kbhakta/my_git/epicIMU/devel/share/gennodejs/ros/mscl_msgs/msg/_index.js
Symlinking /home/kbhakta/my_git/epicIMU/devel/share/gennodejs/ros/mscl_msgs/msg/FilterHeading.js
Symlinking /home/kbhakta/my_git/epicIMU/devel/share/mscl_msgs/cmake/mscl_msgsConfig.cmake
Symlinking /home/kbhakta/my_git/epicIMU/devel/share/mscl_msgs/cmake/mscl_msgs-msg-extras.cmake
Symlinking /home/kbhakta/my_git/epicIMU/devel/share/mscl_msgs/cmake/mscl_msgs-msg-paths.cmake
Symlinking /home/kbhakta/my_git/epicIMU/devel/share/mscl_msgs/cmake/mscl_msgsConfig-version.cmake
Symlinking /home/kbhakta/my_git/epicIMU/devel/share/roseus/ros/mscl_msgs/manifest.l
Symlinking /home/kbhakta/my_git/epicIMU/devel/share/roseus/ros/mscl_msgs/msg/FilterHeading.l
Symlinking /home/kbhakta/my_git/epicIMU/devel/share/roseus/ros/mscl_msgs/msg/Status.l
Symlinking /home/kbhakta/my_git/epicIMU/devel/share/roseus/ros/mscl_msgs/msg/FilterStatus.l
Symlinking /home/kbhakta/my_git/epicIMU/devel/share/roseus/ros/mscl_msgs/msg/RTKStatus.l
Symlinking /home/kbhakta/my_git/epicIMU/devel/share/roseus/ros/mscl_msgs/msg/GPSCorrelationTimestampStamped.l
Symlinking /home/kbhakta/my_git/epicIMU/devel/share/roseus/ros/mscl_msgs/msg/GPSCorrelationTimestamp.l
Symlinking /home/kbhakta/my_git/epicIMU/devel/share/roseus/ros/mscl_msgs/msg/FilterHeadingState.l
Symlinking /home/kbhakta/my_git/epicIMU/devel/share/common-lisp/ros/mscl_msgs/msg/GPSCorrelationTimestampStamped.lisp
Symlinking /home/kbhakta/my_git/epicIMU/devel/share/common-lisp/ros/mscl_msgs/msg/FilterStatus.lisp
Symlinking /home/kbhakta/my_git/epicIMU/devel/share/common-lisp/ros/mscl_msgs/msg/_package_FilterHeading.lisp
Symlinking /home/kbhakta/my_git/epicIMU/devel/share/common-lisp/ros/mscl_msgs/msg/_package.lisp
Symlinking /home/kbhakta/my_git/epicIMU/devel/share/common-lisp/ros/mscl_msgs/msg/RTKStatus.lisp
Symlinking /home/kbhakta/my_git/epicIMU/devel/share/common-lisp/ros/mscl_msgs/msg/mscl_msgs-msg.asd
Symlinking /home/kbhakta/my_git/epicIMU/devel/share/common-lisp/ros/mscl_msgs/msg/_package_GPSCorrelationTimestamp.lisp
Symlinking /home/kbhakta/my_git/epicIMU/devel/share/common-lisp/ros/mscl_msgs/msg/_package_FilterStatus.lisp
Symlinking /home/kbhakta/my_git/epicIMU/devel/share/common-lisp/ros/mscl_msgs/msg/_package_RTKStatus.lisp
Symlinking /home/kbhakta/my_git/epicIMU/devel/share/common-lisp/ros/mscl_msgs/msg/Status.lisp
Symlinking /home/kbhakta/my_git/epicIMU/devel/share/common-lisp/ros/mscl_msgs/msg/_package_Status.lisp
Symlinking /home/kbhakta/my_git/epicIMU/devel/share/common-lisp/ros/mscl_msgs/msg/FilterHeading.lisp
Symlinking /home/kbhakta/my_git/epicIMU/devel/share/common-lisp/ros/mscl_msgs/msg/_package_FilterHeadingState.lisp
Symlinking /home/kbhakta/my_git/epicIMU/devel/share/common-lisp/ros/mscl_msgs/msg/GPSCorrelationTimestamp.lisp
Symlinking /home/kbhakta/my_git/epicIMU/devel/share/common-lisp/ros/mscl_msgs/msg/_package_GPSCorrelationTimestampStamped.lisp
Symlinking /home/kbhakta/my_git/epicIMU/devel/share/common-lisp/ros/mscl_msgs/msg/FilterHeadingState.lisp
Symlinking /home/kbhakta/my_git/epicIMU/devel/include/mscl_msgs/FilterHeadingState.h
Symlinking /home/kbhakta/my_git/epicIMU/devel/include/mscl_msgs/RTKStatus.h
Symlinking /home/kbhakta/my_git/epicIMU/devel/include/mscl_msgs/GPSCorrelationTimestamp.h
Symlinking /home/kbhakta/my_git/epicIMU/devel/include/mscl_msgs/Status.h
Symlinking /home/kbhakta/my_git/epicIMU/devel/include/mscl_msgs/FilterStatus.h
Symlinking /home/kbhakta/my_git/epicIMU/devel/include/mscl_msgs/FilterHeading.h
Symlinking /home/kbhakta/my_git/epicIMU/devel/include/mscl_msgs/GPSCorrelationTimestampStamped.h
